[0.692s] Invoking command in '/home/pranabpandey31/rostasks/task4/task4_bot/src': PYTHONPATH=/home/pranabpandey31/rostasks/task4/task4_bot/build/task4_bot/prefix_override:/usr/lib/python3/dist-packages/colcon_core/task/python/colcon_distutils_commands:/home/pranabpandey31/rostasks/task4/task4_bot/install/task4_bot/lib/python3.10/site-packages:${PYTHONPATH} /usr/bin/python3 -W ignore:setup.py install is deprecated setup.py egg_info --egg-base ../build/task4_bot build --build-base /home/pranabpandey31/rostasks/task4/task4_bot/build/task4_bot/build install --record /home/pranabpandey31/rostasks/task4/task4_bot/build/task4_bot/install.log --single-version-externally-managed install_data
[0.928s] running egg_info
[0.929s] writing ../build/task4_bot/task4_bot.egg-info/PKG-INFO
[0.930s] writing dependency_links to ../build/task4_bot/task4_bot.egg-info/dependency_links.txt
[0.930s] writing entry points to ../build/task4_bot/task4_bot.egg-info/entry_points.txt
[0.930s] writing requirements to ../build/task4_bot/task4_bot.egg-info/requires.txt
[0.931s] writing top-level names to ../build/task4_bot/task4_bot.egg-info/top_level.txt
[0.933s] reading manifest file '../build/task4_bot/task4_bot.egg-info/SOURCES.txt'
[0.934s] writing manifest file '../build/task4_bot/task4_bot.egg-info/SOURCES.txt'
[0.935s] running build
[0.935s] running build_py
[0.935s] running install
[0.935s] running install_lib
[0.938s] running install_data
[0.939s] creating /home/pranabpandey31/rostasks/task4/task4_bot/install/task4_bot/share/task4_bot/launch
[0.940s] copying launch/tb3.launch.py -> /home/pranabpandey31/rostasks/task4/task4_bot/install/task4_bot/share/task4_bot/launch
[0.940s] creating /home/pranabpandey31/rostasks/task4/task4_bot/install/task4_bot/share/task4_bot/config
[0.941s] copying config/botnav.yaml -> /home/pranabpandey31/rostasks/task4/task4_bot/install/task4_bot/share/task4_bot/config
[0.941s] copying config/param.yaml -> /home/pranabpandey31/rostasks/task4/task4_bot/install/task4_bot/share/task4_bot/config
[0.941s] running install_egg_info
[0.944s] removing '/home/pranabpandey31/rostasks/task4/task4_bot/install/task4_bot/lib/python3.10/site-packages/task4_bot-0.0.0-py3.10.egg-info' (and everything under it)
[0.944s] Copying ../build/task4_bot/task4_bot.egg-info to /home/pranabpandey31/rostasks/task4/task4_bot/install/task4_bot/lib/python3.10/site-packages/task4_bot-0.0.0-py3.10.egg-info
[0.947s] running install_scripts
[0.974s] writing list of installed files to '/home/pranabpandey31/rostasks/task4/task4_bot/build/task4_bot/install.log'
[1.017s] Invoked command in '/home/pranabpandey31/rostasks/task4/task4_bot/src' returned '0': PYTHONPATH=/home/pranabpandey31/rostasks/task4/task4_bot/build/task4_bot/prefix_override:/usr/lib/python3/dist-packages/colcon_core/task/python/colcon_distutils_commands:/home/pranabpandey31/rostasks/task4/task4_bot/install/task4_bot/lib/python3.10/site-packages:${PYTHONPATH} /usr/bin/python3 -W ignore:setup.py install is deprecated setup.py egg_info --egg-base ../build/task4_bot build --build-base /home/pranabpandey31/rostasks/task4/task4_bot/build/task4_bot/build install --record /home/pranabpandey31/rostasks/task4/task4_bot/build/task4_bot/install.log --single-version-externally-managed install_data
