[2.173s] DEBUG:colcon:Command line arguments: ['/usr/bin/colcon', 'build']
[2.173s] DEBUG:colcon:Parsed command line arguments: Namespace(log_base=None, log_level=None, verb_name='build', build_base='build', install_base='install', merge_install=False, symlink_install=False, test_result_base=None, continue_on_error=False, executor='parallel', parallel_workers=16, event_handlers=None, ignore_user_meta=False, metas=['./colcon.meta'], base_paths=['.'], packages_ignore=None, packages_ignore_regex=None, paths=None, packages_up_to=None, packages_up_to_regex=None, packages_above=None, packages_above_and_dependencies=None, packages_above_depth=None, packages_select_by_dep=None, packages_skip_by_dep=None, packages_skip_up_to=None, packages_select_build_failed=False, packages_skip_build_finished=False, packages_select_test_failures=False, packages_skip_test_passed=False, packages_select=None, packages_skip=None, packages_select_regex=None, packages_skip_regex=None, packages_start=None, packages_end=None, allow_overriding=[], cmake_args=None, cmake_target=None, cmake_target_skip_unavailable=False, cmake_clean_cache=False, cmake_clean_first=False, cmake_force_configure=False, ament_cmake_args=None, catkin_cmake_args=None, catkin_skip_building_tests=False, mixin_files=None, mixin=None, verb_parser=<colcon_mixin.mixin.mixin_argument.MixinArgumentDecorator object at 0x7fa2dd34eaa0>, verb_extension=<colcon_core.verb.build.BuildVerb object at 0x7fa2dd34e4a0>, main=<bound method BuildVerb.main of <colcon_core.verb.build.BuildVerb object at 0x7fa2dd34e4a0>>, mixin_verb=('build',))
[3.592s] Level 1:colcon.colcon_core.package_discovery:discover_packages(colcon_meta) check parameters
[3.592s] Level 1:colcon.colcon_core.package_discovery:discover_packages(recursive) check parameters
[3.593s] Level 1:colcon.colcon_core.package_discovery:discover_packages(ignore) check parameters
[3.593s] Level 1:colcon.colcon_core.package_discovery:discover_packages(path) check parameters
[3.593s] Level 1:colcon.colcon_core.package_discovery:discover_packages(colcon_meta) discover
[3.593s] Level 1:colcon.colcon_core.package_discovery:discover_packages(recursive) discover
[3.593s] INFO:colcon.colcon_core.package_discovery:Crawling recursively for packages in '/home/pranabpandey31/rostasks/task4/task4_bot'
[3.593s] Level 1:colcon.colcon_core.package_identification:_identify(.) by extensions ['ignore', 'ignore_ament_install']
[3.594s] Level 1:colcon.colcon_core.package_identification:_identify(.) by extension 'ignore'
[3.594s] Level 1:colcon.colcon_core.package_identification:_identify(.) by extension 'ignore_ament_install'
[3.594s] Level 1:colcon.colcon_core.package_identification:_identify(.) by extensions ['colcon_pkg']
[3.594s] Level 1:colcon.colcon_core.package_identification:_identify(.) by extension 'colcon_pkg'
[3.594s] Level 1:colcon.colcon_core.package_identification:_identify(.) by extensions ['colcon_meta']
[3.594s] Level 1:colcon.colcon_core.package_identification:_identify(.) by extension 'colcon_meta'
[3.594s] Level 1:colcon.colcon_core.package_identification:_identify(.) by extensions ['ros']
[3.594s] Level 1:colcon.colcon_core.package_identification:_identify(.) by extension 'ros'
[3.644s] Level 1:colcon.colcon_core.package_identification:_identify(.) by extensions ['cmake', 'python']
[3.645s] Level 1:colcon.colcon_core.package_identification:_identify(.) by extension 'cmake'
[3.645s] Level 1:colcon.colcon_core.package_identification:_identify(.) by extension 'python'
[3.645s] Level 1:colcon.colcon_core.package_identification:_identify(.) by extensions ['python_setup_py']
[3.645s] Level 1:colcon.colcon_core.package_identification:_identify(.) by extension 'python_setup_py'
[3.645s] Level 1:colcon.colcon_core.package_identification:_identify(build) by extensions ['ignore', 'ignore_ament_install']
[3.646s] Level 1:colcon.colcon_core.package_identification:_identify(build) by extension 'ignore'
[3.646s] Level 1:colcon.colcon_core.package_identification:_identify(build) ignored
[3.646s] Level 1:colcon.colcon_core.package_identification:_identify(install) by extensions ['ignore', 'ignore_ament_install']
[3.647s] Level 1:colcon.colcon_core.package_identification:_identify(install) by extension 'ignore'
[3.647s] Level 1:colcon.colcon_core.package_identification:_identify(install) ignored
[3.647s] Level 1:colcon.colcon_core.package_identification:_identify(log) by extensions ['ignore', 'ignore_ament_install']
[3.648s] Level 1:colcon.colcon_core.package_identification:_identify(log) by extension 'ignore'
[3.648s] Level 1:colcon.colcon_core.package_identification:_identify(log) ignored
[3.648s] Level 1:colcon.colcon_core.package_identification:_identify(src) by extensions ['ignore', 'ignore_ament_install']
[3.648s] Level 1:colcon.colcon_core.package_identification:_identify(src) by extension 'ignore'
[3.648s] Level 1:colcon.colcon_core.package_identification:_identify(src) by extension 'ignore_ament_install'
[3.649s] Level 1:colcon.colcon_core.package_identification:_identify(src) by extensions ['colcon_pkg']
[3.649s] Level 1:colcon.colcon_core.package_identification:_identify(src) by extension 'colcon_pkg'
[3.649s] Level 1:colcon.colcon_core.package_identification:_identify(src) by extensions ['colcon_meta']
[3.649s] Level 1:colcon.colcon_core.package_identification:_identify(src) by extension 'colcon_meta'
[3.649s] Level 1:colcon.colcon_core.package_identification:_identify(src) by extensions ['ros']
[3.649s] Level 1:colcon.colcon_core.package_identification:_identify(src) by extension 'ros'
[3.658s] DEBUG:colcon.colcon_core.package_identification:Package 'src' with type 'ros.ament_python' and name 'task4_bot'
[3.659s] Level 1:colcon.colcon_core.package_discovery:discover_packages(recursive) using defaults
[3.659s] Level 1:colcon.colcon_core.package_discovery:discover_packages(ignore) discover
[3.659s] Level 1:colcon.colcon_core.package_discovery:discover_packages(ignore) using defaults
[3.659s] Level 1:colcon.colcon_core.package_discovery:discover_packages(path) discover
[3.659s] Level 1:colcon.colcon_core.package_discovery:discover_packages(path) using defaults
[3.798s] Level 1:colcon.colcon_core.package_discovery:discover_packages(prefix_path) check parameters
[3.798s] Level 1:colcon.colcon_core.package_discovery:discover_packages(prefix_path) discover
[3.805s] DEBUG:colcon.colcon_installed_package_information.package_discovery:Found 1 installed packages in /home/pranabpandey31/rostasks/task4/task4_bot/install
[3.807s] DEBUG:colcon.colcon_installed_package_information.package_discovery:Found 14 installed packages in /home/pranabpandey31/turtlebot3_ws/install
[3.813s] DEBUG:colcon.colcon_installed_package_information.package_discovery:Found 345 installed packages in /opt/ros/humble
[3.821s] Level 1:colcon.colcon_core.package_discovery:discover_packages(prefix_path) using defaults
[4.018s] Level 5:colcon.colcon_core.verb:set package 'task4_bot' build argument 'cmake_args' from command line to 'None'
[4.019s] Level 5:colcon.colcon_core.verb:set package 'task4_bot' build argument 'cmake_target' from command line to 'None'
[4.019s] Level 5:colcon.colcon_core.verb:set package 'task4_bot' build argument 'cmake_target_skip_unavailable' from command line to 'False'
[4.019s] Level 5:colcon.colcon_core.verb:set package 'task4_bot' build argument 'cmake_clean_cache' from command line to 'False'
[4.019s] Level 5:colcon.colcon_core.verb:set package 'task4_bot' build argument 'cmake_clean_first' from command line to 'False'
[4.019s] Level 5:colcon.colcon_core.verb:set package 'task4_bot' build argument 'cmake_force_configure' from command line to 'False'
[4.019s] Level 5:colcon.colcon_core.verb:set package 'task4_bot' build argument 'ament_cmake_args' from command line to 'None'
[4.019s] Level 5:colcon.colcon_core.verb:set package 'task4_bot' build argument 'catkin_cmake_args' from command line to 'None'
[4.019s] Level 5:colcon.colcon_core.verb:set package 'task4_bot' build argument 'catkin_skip_building_tests' from command line to 'False'
[4.020s] DEBUG:colcon.colcon_core.verb:Building package 'task4_bot' with the following arguments: {'ament_cmake_args': None, 'build_base': '/home/pranabpandey31/rostasks/task4/task4_bot/build/task4_bot', 'catkin_cmake_args': None, 'catkin_skip_building_tests': False, 'cmake_args': None, 'cmake_clean_cache': False, 'cmake_clean_first': False, 'cmake_force_configure': False, 'cmake_target': None, 'cmake_target_skip_unavailable': False, 'install_base': '/home/pranabpandey31/rostasks/task4/task4_bot/install/task4_bot', 'merge_install': False, 'path': '/home/pranabpandey31/rostasks/task4/task4_bot/src', 'symlink_install': False, 'test_result_base': None}
[4.021s] INFO:colcon.colcon_core.executor:Executing jobs using 'parallel' executor
[4.028s] DEBUG:colcon.colcon_parallel_executor.executor.parallel:run_until_complete
[4.030s] INFO:colcon.colcon_ros.task.ament_python.build:Building ROS package in '/home/pranabpandey31/rostasks/task4/task4_bot/src' with build type 'ament_python'
[4.031s] Level 1:colcon.colcon_core.shell:create_environment_hook('task4_bot', 'ament_prefix_path')
[4.048s] INFO:colcon.colcon_core.plugin_system:Skipping extension 'colcon_core.shell.bat': Not used on non-Windows systems
[4.050s] INFO:colcon.colcon_core.shell:Creating environment hook '/home/pranabpandey31/rostasks/task4/task4_bot/install/task4_bot/share/task4_bot/hook/ament_prefix_path.ps1'
[4.054s] INFO:colcon.colcon_core.shell:Creating environment descriptor '/home/pranabpandey31/rostasks/task4/task4_bot/install/task4_bot/share/task4_bot/hook/ament_prefix_path.dsv'
[4.059s] INFO:colcon.colcon_core.shell:Creating environment hook '/home/pranabpandey31/rostasks/task4/task4_bot/install/task4_bot/share/task4_bot/hook/ament_prefix_path.sh'
[4.064s] INFO:colcon.colcon_core.shell:Skip shell extension 'powershell' for command environment: Not usable outside of PowerShell
[4.064s] DEBUG:colcon.colcon_core.shell:Skip shell extension 'dsv' for command environment
[5.963s] INFO:colcon.colcon_core.task.python.build:Building Python package in '/home/pranabpandey31/rostasks/task4/task4_bot/src'
[5.965s] INFO:colcon.colcon_core.shell:Skip shell extension 'powershell' for command environment: Not usable outside of PowerShell
[5.965s] DEBUG:colcon.colcon_core.shell:Skip shell extension 'dsv' for command environment
[7.962s] DEBUG:colcon.colcon_core.event_handler.log_command:Invoking command in '/home/pranabpandey31/rostasks/task4/task4_bot/src': PYTHONPATH=/home/pranabpandey31/rostasks/task4/task4_bot/build/task4_bot/prefix_override:/usr/lib/python3/dist-packages/colcon_core/task/python/colcon_distutils_commands:/home/pranabpandey31/rostasks/task4/task4_bot/install/task4_bot/lib/python3.10/site-packages:${PYTHONPATH} /usr/bin/python3 -W ignore:setup.py install is deprecated setup.py egg_info --egg-base ../build/task4_bot build --build-base /home/pranabpandey31/rostasks/task4/task4_bot/build/task4_bot/build install --record /home/pranabpandey31/rostasks/task4/task4_bot/build/task4_bot/install.log --single-version-externally-managed install_data
[9.231s] DEBUG:colcon.colcon_core.event_handler.log_command:Invoked command in '/home/pranabpandey31/rostasks/task4/task4_bot/src' returned '0': PYTHONPATH=/home/pranabpandey31/rostasks/task4/task4_bot/build/task4_bot/prefix_override:/usr/lib/python3/dist-packages/colcon_core/task/python/colcon_distutils_commands:/home/pranabpandey31/rostasks/task4/task4_bot/install/task4_bot/lib/python3.10/site-packages:${PYTHONPATH} /usr/bin/python3 -W ignore:setup.py install is deprecated setup.py egg_info --egg-base ../build/task4_bot build --build-base /home/pranabpandey31/rostasks/task4/task4_bot/build/task4_bot/build install --record /home/pranabpandey31/rostasks/task4/task4_bot/build/task4_bot/install.log --single-version-externally-managed install_data
[9.242s] Level 1:colcon.colcon_core.environment:checking '/home/pranabpandey31/rostasks/task4/task4_bot/install/task4_bot' for CMake module files
[9.244s] Level 1:colcon.colcon_core.environment:checking '/home/pranabpandey31/rostasks/task4/task4_bot/install/task4_bot' for CMake config files
[9.249s] Level 1:colcon.colcon_core.environment:checking '/home/pranabpandey31/rostasks/task4/task4_bot/install/task4_bot/lib'
[9.250s] Level 1:colcon.colcon_core.environment:checking '/home/pranabpandey31/rostasks/task4/task4_bot/install/task4_bot/bin'
[9.251s] Level 1:colcon.colcon_core.environment:checking '/home/pranabpandey31/rostasks/task4/task4_bot/install/task4_bot/lib/pkgconfig/task4_bot.pc'
[9.252s] Level 1:colcon.colcon_core.environment:checking '/home/pranabpandey31/rostasks/task4/task4_bot/install/task4_bot/lib/python3.10/site-packages'
[9.252s] Level 1:colcon.colcon_core.shell:create_environment_hook('task4_bot', 'pythonpath')
[9.253s] INFO:colcon.colcon_core.shell:Creating environment hook '/home/pranabpandey31/rostasks/task4/task4_bot/install/task4_bot/share/task4_bot/hook/pythonpath.ps1'
[9.255s] INFO:colcon.colcon_core.shell:Creating environment descriptor '/home/pranabpandey31/rostasks/task4/task4_bot/install/task4_bot/share/task4_bot/hook/pythonpath.dsv'
[9.258s] INFO:colcon.colcon_core.shell:Creating environment hook '/home/pranabpandey31/rostasks/task4/task4_bot/install/task4_bot/share/task4_bot/hook/pythonpath.sh'
[9.261s] Level 1:colcon.colcon_core.environment:checking '/home/pranabpandey31/rostasks/task4/task4_bot/install/task4_bot/bin'
[9.262s] Level 1:colcon.colcon_core.environment:create_environment_scripts_only(task4_bot)
[9.263s] INFO:colcon.colcon_core.shell:Creating package script '/home/pranabpandey31/rostasks/task4/task4_bot/install/task4_bot/share/task4_bot/package.ps1'
[9.267s] INFO:colcon.colcon_core.shell:Creating package descriptor '/home/pranabpandey31/rostasks/task4/task4_bot/install/task4_bot/share/task4_bot/package.dsv'
[9.270s] INFO:colcon.colcon_core.shell:Creating package script '/home/pranabpandey31/rostasks/task4/task4_bot/install/task4_bot/share/task4_bot/package.sh'
[9.273s] INFO:colcon.colcon_core.shell:Creating package script '/home/pranabpandey31/rostasks/task4/task4_bot/install/task4_bot/share/task4_bot/package.bash'
[9.276s] INFO:colcon.colcon_core.shell:Creating package script '/home/pranabpandey31/rostasks/task4/task4_bot/install/task4_bot/share/task4_bot/package.zsh'
[9.280s] Level 1:colcon.colcon_core.environment:create_file_with_runtime_dependencies(/home/pranabpandey31/rostasks/task4/task4_bot/install/task4_bot/share/colcon-core/packages/task4_bot)
[9.282s] DEBUG:colcon.colcon_parallel_executor.executor.parallel:closing loop
[9.286s] DEBUG:colcon.colcon_parallel_executor.executor.parallel:loop closed
[9.287s] DEBUG:colcon.colcon_parallel_executor.executor.parallel:run_until_complete finished with '0'
[9.287s] DEBUG:colcon.colcon_core.event_reactor:joining thread
[9.689s] INFO:colcon.colcon_core.plugin_system:Skipping extension 'colcon_notification.desktop_notification.notify_send': Could not find 'notify-send'
[9.690s] INFO:colcon.colcon_core.plugin_system:Skipping extension 'colcon_notification.desktop_notification.terminal_notifier': Not used on non-Darwin systems
[9.691s] INFO:colcon.colcon_core.plugin_system:Skipping extension 'colcon_notification.desktop_notification.win32': Not used on non-Windows systems
[9.691s] INFO:colcon.colcon_notification.desktop_notification:Sending desktop notification using 'notify2'
[9.691s] DEBUG:colcon.colcon_notification.desktop_notification.notify2:Failed to initialize notify2: org.freedesktop.DBus.Error.FileNotFound: Failed to connect to socket /run/user/1000/bus: No such file or directory
[9.692s] DEBUG:colcon.colcon_core.event_reactor:joined thread
[9.693s] INFO:colcon.colcon_core.shell:Creating prefix script '/home/pranabpandey31/rostasks/task4/task4_bot/install/local_setup.ps1'
[9.697s] INFO:colcon.colcon_core.shell:Creating prefix util module '/home/pranabpandey31/rostasks/task4/task4_bot/install/_local_setup_util_ps1.py'
[9.704s] INFO:colcon.colcon_core.shell:Creating prefix chain script '/home/pranabpandey31/rostasks/task4/task4_bot/install/setup.ps1'
[9.712s] INFO:colcon.colcon_core.shell:Creating prefix script '/home/pranabpandey31/rostasks/task4/task4_bot/install/local_setup.sh'
[9.717s] INFO:colcon.colcon_core.shell:Creating prefix util module '/home/pranabpandey31/rostasks/task4/task4_bot/install/_local_setup_util_sh.py'
[9.720s] INFO:colcon.colcon_core.shell:Creating prefix chain script '/home/pranabpandey31/rostasks/task4/task4_bot/install/setup.sh'
[9.728s] INFO:colcon.colcon_core.shell:Creating prefix script '/home/pranabpandey31/rostasks/task4/task4_bot/install/local_setup.bash'
[9.730s] INFO:colcon.colcon_core.shell:Creating prefix chain script '/home/pranabpandey31/rostasks/task4/task4_bot/install/setup.bash'
[9.738s] INFO:colcon.colcon_core.shell:Creating prefix script '/home/pranabpandey31/rostasks/task4/task4_bot/install/local_setup.zsh'
[9.741s] INFO:colcon.colcon_core.shell:Creating prefix chain script '/home/pranabpandey31/rostasks/task4/task4_bot/install/setup.zsh'
