[0.740s] Invoking command in '/home/pranabpandey31/rostasks/task4/task4_bot/src': PYTHONPATH=/home/pranabpandey31/rostasks/task4/task4_bot/build/task4_bot/prefix_override:/usr/lib/python3/dist-packages/colcon_core/task/python/colcon_distutils_commands:/home/pranabpandey31/rostasks/task4/task4_bot/install/task4_bot/lib/python3.10/site-packages:${PYTHONPATH} /usr/bin/python3 -W ignore:setup.py install is deprecated setup.py egg_info --egg-base ../build/task4_bot build --build-base /home/pranabpandey31/rostasks/task4/task4_bot/build/task4_bot/build install --record /home/pranabpandey31/rostasks/task4/task4_bot/build/task4_bot/install.log --single-version-externally-managed install_data
[0.998s] running egg_info
[0.998s] writing ../build/task4_bot/task4_bot.egg-info/PKG-INFO
[0.999s] writing dependency_links to ../build/task4_bot/task4_bot.egg-info/dependency_links.txt
[0.999s] writing entry points to ../build/task4_bot/task4_bot.egg-info/entry_points.txt
[0.999s] writing requirements to ../build/task4_bot/task4_bot.egg-info/requires.txt
[0.999s] writing top-level names to ../build/task4_bot/task4_bot.egg-info/top_level.txt
[1.001s] reading manifest file '../build/task4_bot/task4_bot.egg-info/SOURCES.txt'
[1.002s] writing manifest file '../build/task4_bot/task4_bot.egg-info/SOURCES.txt'
[1.002s] running build
[1.003s] running build_py
[1.003s] running install
[1.003s] running install_lib
[1.006s] running install_data
[1.006s] creating /home/pranabpandey31/rostasks/task4/task4_bot/install/task4_bot/share/task4_botlaunch
[1.007s] copying launch/tb3.launch.py -> /home/pranabpandey31/rostasks/task4/task4_bot/install/task4_bot/share/task4_botlaunch
[1.007s] creating /home/pranabpandey31/rostasks/task4/task4_bot/install/task4_bot/share/task4_botconfig
[1.008s] copying config/botnav.yaml -> /home/pranabpandey31/rostasks/task4/task4_bot/install/task4_bot/share/task4_botconfig
[1.008s] copying config/param.yaml -> /home/pranabpandey31/rostasks/task4/task4_bot/install/task4_bot/share/task4_botconfig
[1.008s] running install_egg_info
[1.010s] removing '/home/pranabpandey31/rostasks/task4/task4_bot/install/task4_bot/lib/python3.10/site-packages/task4_bot-0.0.0-py3.10.egg-info' (and everything under it)
[1.011s] Copying ../build/task4_bot/task4_bot.egg-info to /home/pranabpandey31/rostasks/task4/task4_bot/install/task4_bot/lib/python3.10/site-packages/task4_bot-0.0.0-py3.10.egg-info
[1.013s] running install_scripts
[1.036s] writing list of installed files to '/home/pranabpandey31/rostasks/task4/task4_bot/build/task4_bot/install.log'
[1.069s] Invoked command in '/home/pranabpandey31/rostasks/task4/task4_bot/src' returned '0': PYTHONPATH=/home/pranabpandey31/rostasks/task4/task4_bot/build/task4_bot/prefix_override:/usr/lib/python3/dist-packages/colcon_core/task/python/colcon_distutils_commands:/home/pranabpandey31/rostasks/task4/task4_bot/install/task4_bot/lib/python3.10/site-packages:${PYTHONPATH} /usr/bin/python3 -W ignore:setup.py install is deprecated setup.py egg_info --egg-base ../build/task4_bot build --build-base /home/pranabpandey31/rostasks/task4/task4_bot/build/task4_bot/build install --record /home/pranabpandey31/rostasks/task4/task4_bot/build/task4_bot/install.log --single-version-externally-managed install_data
