[2.055s] Invoking command in '/home/pranabpandey31/rostasks/task4/task4_bot/src': PYTHONPATH=/home/pranabpandey31/rostasks/task4/task4_bot/build/task4_bot/prefix_override:/usr/lib/python3/dist-packages/colcon_core/task/python/colcon_distutils_commands:/home/pranabpandey31/rostasks/task4/task4_bot/install/task4_bot/lib/python3.10/site-packages:${PYTHONPATH} /usr/bin/python3 -W ignore:setup.py install is deprecated setup.py egg_info --egg-base ../build/task4_bot build --build-base /home/pranabpandey31/rostasks/task4/task4_bot/build/task4_bot/build install --record /home/pranabpandey31/rostasks/task4/task4_bot/build/task4_bot/install.log --single-version-externally-managed install_data
[2.658s] running egg_info
[2.661s] writing ../build/task4_bot/task4_bot.egg-info/PKG-INFO
[2.662s] writing dependency_links to ../build/task4_bot/task4_bot.egg-info/dependency_links.txt
[2.663s] writing entry points to ../build/task4_bot/task4_bot.egg-info/entry_points.txt
[2.664s] writing requirements to ../build/task4_bot/task4_bot.egg-info/requires.txt
[2.664s] writing top-level names to ../build/task4_bot/task4_bot.egg-info/top_level.txt
[2.671s] reading manifest file '../build/task4_bot/task4_bot.egg-info/SOURCES.txt'
[2.675s] writing manifest file '../build/task4_bot/task4_bot.egg-info/SOURCES.txt'
[2.675s] running build
[2.676s] running build_py
[2.676s] running install
[2.676s] running install_lib
[2.683s] running install_data
[2.683s] copying launch/state_publisher.py -> /home/pranabpandey31/rostasks/task4/task4_bot/install/task4_bot/share/task4_bot/launch
[2.685s] running install_egg_info
[2.689s] removing '/home/pranabpandey31/rostasks/task4/task4_bot/install/task4_bot/lib/python3.10/site-packages/task4_bot-0.0.0-py3.10.egg-info' (and everything under it)
[2.691s] Copying ../build/task4_bot/task4_bot.egg-info to /home/pranabpandey31/rostasks/task4/task4_bot/install/task4_bot/lib/python3.10/site-packages/task4_bot-0.0.0-py3.10.egg-info
[2.695s] running install_scripts
[2.740s] writing list of installed files to '/home/pranabpandey31/rostasks/task4/task4_bot/build/task4_bot/install.log'
[2.797s] Invoked command in '/home/pranabpandey31/rostasks/task4/task4_bot/src' returned '0': PYTHONPATH=/home/pranabpandey31/rostasks/task4/task4_bot/build/task4_bot/prefix_override:/usr/lib/python3/dist-packages/colcon_core/task/python/colcon_distutils_commands:/home/pranabpandey31/rostasks/task4/task4_bot/install/task4_bot/lib/python3.10/site-packages:${PYTHONPATH} /usr/bin/python3 -W ignore:setup.py install is deprecated setup.py egg_info --egg-base ../build/task4_bot build --build-base /home/pranabpandey31/rostasks/task4/task4_bot/build/task4_bot/build install --record /home/pranabpandey31/rostasks/task4/task4_bot/build/task4_bot/install.log --single-version-externally-managed install_data
