[1.359s] Invoking command in '/home/pranabpandey31/rostasks/task2/src/task2_bot': PYTHONPATH=/home/pranabpandey31/rostasks/task2/build/task2_bot/prefix_override:/usr/lib/python3/dist-packages/colcon_core/task/python/colcon_distutils_commands:/home/pranabpandey31/rostasks/task2/install/task2_bot/lib/python3.10/site-packages:${PYTHONPATH} /usr/bin/python3 -W ignore:setup.py install is deprecated setup.py egg_info --egg-base ../../build/task2_bot build --build-base /home/pranabpandey31/rostasks/task2/build/task2_bot/build install --record /home/pranabpandey31/rostasks/task2/build/task2_bot/install.log --single-version-externally-managed install_data
[1.916s] running egg_info
[1.918s] writing ../../build/task2_bot/task2_bot.egg-info/PKG-INFO
[1.918s] writing dependency_links to ../../build/task2_bot/task2_bot.egg-info/dependency_links.txt
[1.919s] writing entry points to ../../build/task2_bot/task2_bot.egg-info/entry_points.txt
[1.920s] writing requirements to ../../build/task2_bot/task2_bot.egg-info/requires.txt
[1.920s] writing top-level names to ../../build/task2_bot/task2_bot.egg-info/top_level.txt
[1.926s] reading manifest file '../../build/task2_bot/task2_bot.egg-info/SOURCES.txt'
[1.928s] writing manifest file '../../build/task2_bot/task2_bot.egg-info/SOURCES.txt'
[1.929s] running build
[1.929s] running build_py
[1.930s] running install
[1.930s] running install_lib
[1.936s] running install_data
[1.936s] creating /home/pranabpandey31/rostasks/task2/install/task2_bot/share/task2_bot/urdf
[1.937s] copying urdf/Arm_Urdf.urdf -> /home/pranabpandey31/rostasks/task2/install/task2_bot/share/task2_bot/urdf
[1.938s] copying urdf/Arm_Urdf.urdf:Zone.Identifier -> /home/pranabpandey31/rostasks/task2/install/task2_bot/share/task2_bot/urdf
[1.938s] creating /home/pranabpandey31/rostasks/task2/install/task2_bot/share/task2_bot/meshes
[1.939s] copying meshes/Link_2.STL -> /home/pranabpandey31/rostasks/task2/install/task2_bot/share/task2_bot/meshes
[1.941s] copying meshes/Link_4.STL -> /home/pranabpandey31/rostasks/task2/install/task2_bot/share/task2_bot/meshes
[1.980s] copying meshes/Link_1.STL -> /home/pranabpandey31/rostasks/task2/install/task2_bot/share/task2_bot/meshes
[2.007s] copying meshes/Gripper_1.STL -> /home/pranabpandey31/rostasks/task2/install/task2_bot/share/task2_bot/meshes
[2.024s] copying meshes/Gripper_2.STL:Zone.Identifier -> /home/pranabpandey31/rostasks/task2/install/task2_bot/share/task2_bot/meshes
[2.024s] copying meshes/Link_3.STL -> /home/pranabpandey31/rostasks/task2/install/task2_bot/share/task2_bot/meshes
[2.028s] copying meshes/Link_1.STL:Zone.Identifier -> /home/pranabpandey31/rostasks/task2/install/task2_bot/share/task2_bot/meshes
[2.029s] copying meshes/Link_3.STL:Zone.Identifier -> /home/pranabpandey31/rostasks/task2/install/task2_bot/share/task2_bot/meshes
[2.029s] copying meshes/Gripper_1.STL:Zone.Identifier -> /home/pranabpandey31/rostasks/task2/install/task2_bot/share/task2_bot/meshes
[2.029s] copying meshes/base_link.STL:Zone.Identifier -> /home/pranabpandey31/rostasks/task2/install/task2_bot/share/task2_bot/meshes
[2.029s] copying meshes/Link_2.STL:Zone.Identifier -> /home/pranabpandey31/rostasks/task2/install/task2_bot/share/task2_bot/meshes
[2.030s] copying meshes/Link_6.STL -> /home/pranabpandey31/rostasks/task2/install/task2_bot/share/task2_bot/meshes
[2.046s] copying meshes/Link_6.STL:Zone.Identifier -> /home/pranabpandey31/rostasks/task2/install/task2_bot/share/task2_bot/meshes
[2.046s] copying meshes/Link_4.STL:Zone.Identifier -> /home/pranabpandey31/rostasks/task2/install/task2_bot/share/task2_bot/meshes
[2.047s] copying meshes/base_link.STL -> /home/pranabpandey31/rostasks/task2/install/task2_bot/share/task2_bot/meshes
[2.073s] copying meshes/Gripper_2.STL -> /home/pranabpandey31/rostasks/task2/install/task2_bot/share/task2_bot/meshes
[2.105s] copying meshes/Link_5.STL -> /home/pranabpandey31/rostasks/task2/install/task2_bot/share/task2_bot/meshes
[2.107s] copying meshes/Link_5.STL:Zone.Identifier -> /home/pranabpandey31/rostasks/task2/install/task2_bot/share/task2_bot/meshes
[2.107s] creating /home/pranabpandey31/rostasks/task2/install/task2_bot/share/task2_bot/launch
[2.109s] copying launch/state_publisher.py -> /home/pranabpandey31/rostasks/task2/install/task2_bot/share/task2_bot/launch
[2.109s] running install_egg_info
[2.113s] removing '/home/pranabpandey31/rostasks/task2/install/task2_bot/lib/python3.10/site-packages/task2_bot-0.0.0-py3.10.egg-info' (and everything under it)
[2.114s] Copying ../../build/task2_bot/task2_bot.egg-info to /home/pranabpandey31/rostasks/task2/install/task2_bot/lib/python3.10/site-packages/task2_bot-0.0.0-py3.10.egg-info
[2.118s] running install_scripts
[2.160s] writing list of installed files to '/home/pranabpandey31/rostasks/task2/build/task2_bot/install.log'
[2.212s] Invoked command in '/home/pranabpandey31/rostasks/task2/src/task2_bot' returned '0': PYTHONPATH=/home/pranabpandey31/rostasks/task2/build/task2_bot/prefix_override:/usr/lib/python3/dist-packages/colcon_core/task/python/colcon_distutils_commands:/home/pranabpandey31/rostasks/task2/install/task2_bot/lib/python3.10/site-packages:${PYTHONPATH} /usr/bin/python3 -W ignore:setup.py install is deprecated setup.py egg_info --egg-base ../../build/task2_bot build --build-base /home/pranabpandey31/rostasks/task2/build/task2_bot/build install --record /home/pranabpandey31/rostasks/task2/build/task2_bot/install.log --single-version-externally-managed install_data
