[3.151s] DEBUG:colcon:Command line arguments: ['/usr/bin/colcon', 'build']
[3.151s] DEBUG:colcon:Parsed command line arguments: Namespace(log_base=None, log_level=None, verb_name='build', build_base='build', install_base='install', merge_install=False, symlink_install=False, test_result_base=None, continue_on_error=False, executor='parallel', parallel_workers=16, event_handlers=None, ignore_user_meta=False, metas=['./colcon.meta'], base_paths=['.'], packages_ignore=None, packages_ignore_regex=None, paths=None, packages_up_to=None, packages_up_to_regex=None, packages_above=None, packages_above_and_dependencies=None, packages_above_depth=None, packages_select_by_dep=None, packages_skip_by_dep=None, packages_skip_up_to=None, packages_select_build_failed=False, packages_skip_build_finished=False, packages_select_test_failures=False, packages_skip_test_passed=False, packages_select=None, packages_skip=None, packages_select_regex=None, packages_skip_regex=None, packages_start=None, packages_end=None, allow_overriding=[], cmake_args=None, cmake_target=None, cmake_target_skip_unavailable=False, cmake_clean_cache=False, cmake_clean_first=False, cmake_force_configure=False, ament_cmake_args=None, catkin_cmake_args=None, catkin_skip_building_tests=False, mixin_files=None, mixin=None, verb_parser=<colcon_mixin.mixin.mixin_argument.MixinArgumentDecorator object at 0x70678c056aa0>, verb_extension=<colcon_core.verb.build.BuildVerb object at 0x70678c0564a0>, main=<bound method BuildVerb.main of <colcon_core.verb.build.BuildVerb object at 0x70678c0564a0>>, mixin_verb=('build',))
[3.329s] Level 1:colcon.colcon_core.package_discovery:discover_packages(colcon_meta) check parameters
[3.329s] Level 1:colcon.colcon_core.package_discovery:discover_packages(recursive) check parameters
[3.329s] Level 1:colcon.colcon_core.package_discovery:discover_packages(ignore) check parameters
[3.329s] Level 1:colcon.colcon_core.package_discovery:discover_packages(path) check parameters
[3.329s] Level 1:colcon.colcon_core.package_discovery:discover_packages(colcon_meta) discover
[3.329s] Level 1:colcon.colcon_core.package_discovery:discover_packages(recursive) discover
[3.329s] INFO:colcon.colcon_core.package_discovery:Crawling recursively for packages in '/home/pranabpandey31/rostasks/task4/task4_bot'
[3.329s] Level 1:colcon.colcon_core.package_identification:_identify(.) by extensions ['ignore', 'ignore_ament_install']
[3.329s] Level 1:colcon.colcon_core.package_identification:_identify(.) by extension 'ignore'
[3.329s] Level 1:colcon.colcon_core.package_identification:_identify(.) by extension 'ignore_ament_install'
[3.329s] Level 1:colcon.colcon_core.package_identification:_identify(.) by extensions ['colcon_pkg']
[3.329s] Level 1:colcon.colcon_core.package_identification:_identify(.) by extension 'colcon_pkg'
[3.329s] Level 1:colcon.colcon_core.package_identification:_identify(.) by extensions ['colcon_meta']
[3.329s] Level 1:colcon.colcon_core.package_identification:_identify(.) by extension 'colcon_meta'
[3.329s] Level 1:colcon.colcon_core.package_identification:_identify(.) by extensions ['ros']
[3.329s] Level 1:colcon.colcon_core.package_identification:_identify(.) by extension 'ros'
[3.341s] Level 1:colcon.colcon_core.package_identification:_identify(.) by extensions ['cmake', 'python']
[3.341s] Level 1:colcon.colcon_core.package_identification:_identify(.) by extension 'cmake'
[3.341s] Level 1:colcon.colcon_core.package_identification:_identify(.) by extension 'python'
[3.341s] Level 1:colcon.colcon_core.package_identification:_identify(.) by extensions ['python_setup_py']
[3.341s] Level 1:colcon.colcon_core.package_identification:_identify(.) by extension 'python_setup_py'
[3.341s] Level 1:colcon.colcon_core.package_identification:_identify(build) by extensions ['ignore', 'ignore_ament_install']
[3.341s] Level 1:colcon.colcon_core.package_identification:_identify(build) by extension 'ignore'
[3.342s] Level 1:colcon.colcon_core.package_identification:_identify(build) ignored
[3.342s] Level 1:colcon.colcon_core.package_identification:_identify(install) by extensions ['ignore', 'ignore_ament_install']
[3.342s] Level 1:colcon.colcon_core.package_identification:_identify(install) by extension 'ignore'
[3.342s] Level 1:colcon.colcon_core.package_identification:_identify(install) ignored
[3.342s] Level 1:colcon.colcon_core.package_identification:_identify(log) by extensions ['ignore', 'ignore_ament_install']
[3.342s] Level 1:colcon.colcon_core.package_identification:_identify(log) by extension 'ignore'
[3.342s] Level 1:colcon.colcon_core.package_identification:_identify(log) ignored
[3.342s] Level 1:colcon.colcon_core.package_identification:_identify(src) by extensions ['ignore', 'ignore_ament_install']
[3.342s] Level 1:colcon.colcon_core.package_identification:_identify(src) by extension 'ignore'
[3.342s] Level 1:colcon.colcon_core.package_identification:_identify(src) by extension 'ignore_ament_install'
[3.342s] Level 1:colcon.colcon_core.package_identification:_identify(src) by extensions ['colcon_pkg']
[3.342s] Level 1:colcon.colcon_core.package_identification:_identify(src) by extension 'colcon_pkg'
[3.342s] Level 1:colcon.colcon_core.package_identification:_identify(src) by extensions ['colcon_meta']
[3.342s] Level 1:colcon.colcon_core.package_identification:_identify(src) by extension 'colcon_meta'
[3.342s] Level 1:colcon.colcon_core.package_identification:_identify(src) by extensions ['ros']
[3.342s] Level 1:colcon.colcon_core.package_identification:_identify(src) by extension 'ros'
[3.344s] DEBUG:colcon.colcon_core.package_identification:Package 'src' with type 'ros.ament_python' and name 'task4_bot'
[3.344s] Level 1:colcon.colcon_core.package_discovery:discover_packages(recursive) using defaults
[3.344s] Level 1:colcon.colcon_core.package_discovery:discover_packages(ignore) discover
[3.344s] Level 1:colcon.colcon_core.package_discovery:discover_packages(ignore) using defaults
[3.344s] Level 1:colcon.colcon_core.package_discovery:discover_packages(path) discover
[3.344s] Level 1:colcon.colcon_core.package_discovery:discover_packages(path) using defaults
[3.380s] Level 1:colcon.colcon_core.package_discovery:discover_packages(prefix_path) check parameters
[3.380s] Level 1:colcon.colcon_core.package_discovery:discover_packages(prefix_path) discover
[3.382s] DEBUG:colcon.colcon_installed_package_information.package_discovery:Found 1 installed packages in /home/pranabpandey31/rostasks/task4/task4_bot/install
[3.383s] DEBUG:colcon.colcon_installed_package_information.package_discovery:Found 14 installed packages in /home/pranabpandey31/turtlebot3_ws/install
[3.384s] DEBUG:colcon.colcon_installed_package_information.package_discovery:Found 345 installed packages in /opt/ros/humble
[3.387s] Level 1:colcon.colcon_core.package_discovery:discover_packages(prefix_path) using defaults
[3.437s] Level 5:colcon.colcon_core.verb:set package 'task4_bot' build argument 'cmake_args' from command line to 'None'
[3.437s] Level 5:colcon.colcon_core.verb:set package 'task4_bot' build argument 'cmake_target' from command line to 'None'
[3.437s] Level 5:colcon.colcon_core.verb:set package 'task4_bot' build argument 'cmake_target_skip_unavailable' from command line to 'False'
[3.437s] Level 5:colcon.colcon_core.verb:set package 'task4_bot' build argument 'cmake_clean_cache' from command line to 'False'
[3.437s] Level 5:colcon.colcon_core.verb:set package 'task4_bot' build argument 'cmake_clean_first' from command line to 'False'
[3.437s] Level 5:colcon.colcon_core.verb:set package 'task4_bot' build argument 'cmake_force_configure' from command line to 'False'
[3.437s] Level 5:colcon.colcon_core.verb:set package 'task4_bot' build argument 'ament_cmake_args' from command line to 'None'
[3.437s] Level 5:colcon.colcon_core.verb:set package 'task4_bot' build argument 'catkin_cmake_args' from command line to 'None'
[3.437s] Level 5:colcon.colcon_core.verb:set package 'task4_bot' build argument 'catkin_skip_building_tests' from command line to 'False'
[3.437s] DEBUG:colcon.colcon_core.verb:Building package 'task4_bot' with the following arguments: {'ament_cmake_args': None, 'build_base': '/home/pranabpandey31/rostasks/task4/task4_bot/build/task4_bot', 'catkin_cmake_args': None, 'catkin_skip_building_tests': False, 'cmake_args': None, 'cmake_clean_cache': False, 'cmake_clean_first': False, 'cmake_force_configure': False, 'cmake_target': None, 'cmake_target_skip_unavailable': False, 'install_base': '/home/pranabpandey31/rostasks/task4/task4_bot/install/task4_bot', 'merge_install': False, 'path': '/home/pranabpandey31/rostasks/task4/task4_bot/src', 'symlink_install': False, 'test_result_base': None}
[3.437s] INFO:colcon.colcon_core.executor:Executing jobs using 'parallel' executor
[3.440s] DEBUG:colcon.colcon_parallel_executor.executor.parallel:run_until_complete
[3.440s] INFO:colcon.colcon_ros.task.ament_python.build:Building ROS package in '/home/pranabpandey31/rostasks/task4/task4_bot/src' with build type 'ament_python'
[3.440s] Level 1:colcon.colcon_core.shell:create_environment_hook('task4_bot', 'ament_prefix_path')
[3.444s] INFO:colcon.colcon_core.plugin_system:Skipping extension 'colcon_core.shell.bat': Not used on non-Windows systems
[3.444s] INFO:colcon.colcon_core.shell:Creating environment hook '/home/pranabpandey31/rostasks/task4/task4_bot/install/task4_bot/share/task4_bot/hook/ament_prefix_path.ps1'
[3.445s] INFO:colcon.colcon_core.shell:Creating environment descriptor '/home/pranabpandey31/rostasks/task4/task4_bot/install/task4_bot/share/task4_bot/hook/ament_prefix_path.dsv'
[3.445s] INFO:colcon.colcon_core.shell:Creating environment hook '/home/pranabpandey31/rostasks/task4/task4_bot/install/task4_bot/share/task4_bot/hook/ament_prefix_path.sh'
[3.446s] INFO:colcon.colcon_core.shell:Skip shell extension 'powershell' for command environment: Not usable outside of PowerShell
[3.446s] DEBUG:colcon.colcon_core.shell:Skip shell extension 'dsv' for command environment
[3.780s] INFO:colcon.colcon_core.task.python.build:Building Python package in '/home/pranabpandey31/rostasks/task4/task4_bot/src'
[3.780s] INFO:colcon.colcon_core.shell:Skip shell extension 'powershell' for command environment: Not usable outside of PowerShell
[3.780s] DEBUG:colcon.colcon_core.shell:Skip shell extension 'dsv' for command environment
[4.191s] DEBUG:colcon.colcon_core.event_handler.log_command:Invoking command in '/home/pranabpandey31/rostasks/task4/task4_bot/src': PYTHONPATH=/home/pranabpandey31/rostasks/task4/task4_bot/build/task4_bot/prefix_override:/usr/lib/python3/dist-packages/colcon_core/task/python/colcon_distutils_commands:/home/pranabpandey31/rostasks/task4/task4_bot/install/task4_bot/lib/python3.10/site-packages:${PYTHONPATH} /usr/bin/python3 -W ignore:setup.py install is deprecated setup.py egg_info --egg-base ../build/task4_bot build --build-base /home/pranabpandey31/rostasks/task4/task4_bot/build/task4_bot/build install --record /home/pranabpandey31/rostasks/task4/task4_bot/build/task4_bot/install.log --single-version-externally-managed install_data
[4.532s] DEBUG:colcon.colcon_core.event_handler.log_command:Invoked command in '/home/pranabpandey31/rostasks/task4/task4_bot/src' returned '0': PYTHONPATH=/home/pranabpandey31/rostasks/task4/task4_bot/build/task4_bot/prefix_override:/usr/lib/python3/dist-packages/colcon_core/task/python/colcon_distutils_commands:/home/pranabpandey31/rostasks/task4/task4_bot/install/task4_bot/lib/python3.10/site-packages:${PYTHONPATH} /usr/bin/python3 -W ignore:setup.py install is deprecated setup.py egg_info --egg-base ../build/task4_bot build --build-base /home/pranabpandey31/rostasks/task4/task4_bot/build/task4_bot/build install --record /home/pranabpandey31/rostasks/task4/task4_bot/build/task4_bot/install.log --single-version-externally-managed install_data
[4.535s] Level 1:colcon.colcon_core.environment:checking '/home/pranabpandey31/rostasks/task4/task4_bot/install/task4_bot' for CMake module files
[4.536s] Level 1:colcon.colcon_core.environment:checking '/home/pranabpandey31/rostasks/task4/task4_bot/install/task4_bot' for CMake config files
[4.537s] Level 1:colcon.colcon_core.environment:checking '/home/pranabpandey31/rostasks/task4/task4_bot/install/task4_bot/lib'
[4.537s] Level 1:colcon.colcon_core.environment:checking '/home/pranabpandey31/rostasks/task4/task4_bot/install/task4_bot/bin'
[4.537s] Level 1:colcon.colcon_core.environment:checking '/home/pranabpandey31/rostasks/task4/task4_bot/install/task4_bot/lib/pkgconfig/task4_bot.pc'
[4.537s] Level 1:colcon.colcon_core.environment:checking '/home/pranabpandey31/rostasks/task4/task4_bot/install/task4_bot/lib/python3.10/site-packages'
[4.537s] Level 1:colcon.colcon_core.shell:create_environment_hook('task4_bot', 'pythonpath')
[4.537s] INFO:colcon.colcon_core.shell:Creating environment hook '/home/pranabpandey31/rostasks/task4/task4_bot/install/task4_bot/share/task4_bot/hook/pythonpath.ps1'
[4.538s] INFO:colcon.colcon_core.shell:Creating environment descriptor '/home/pranabpandey31/rostasks/task4/task4_bot/install/task4_bot/share/task4_bot/hook/pythonpath.dsv'
[4.538s] INFO:colcon.colcon_core.shell:Creating environment hook '/home/pranabpandey31/rostasks/task4/task4_bot/install/task4_bot/share/task4_bot/hook/pythonpath.sh'
[4.539s] Level 1:colcon.colcon_core.environment:checking '/home/pranabpandey31/rostasks/task4/task4_bot/install/task4_bot/bin'
[4.539s] Level 1:colcon.colcon_core.environment:create_environment_scripts_only(task4_bot)
[4.539s] INFO:colcon.colcon_core.shell:Creating package script '/home/pranabpandey31/rostasks/task4/task4_bot/install/task4_bot/share/task4_bot/package.ps1'
[4.540s] INFO:colcon.colcon_core.shell:Creating package descriptor '/home/pranabpandey31/rostasks/task4/task4_bot/install/task4_bot/share/task4_bot/package.dsv'
[4.541s] INFO:colcon.colcon_core.shell:Creating package script '/home/pranabpandey31/rostasks/task4/task4_bot/install/task4_bot/share/task4_bot/package.sh'
[4.542s] INFO:colcon.colcon_core.shell:Creating package script '/home/pranabpandey31/rostasks/task4/task4_bot/install/task4_bot/share/task4_bot/package.bash'
[4.543s] INFO:colcon.colcon_core.shell:Creating package script '/home/pranabpandey31/rostasks/task4/task4_bot/install/task4_bot/share/task4_bot/package.zsh'
[4.544s] Level 1:colcon.colcon_core.environment:create_file_with_runtime_dependencies(/home/pranabpandey31/rostasks/task4/task4_bot/install/task4_bot/share/colcon-core/packages/task4_bot)
[4.545s] DEBUG:colcon.colcon_parallel_executor.executor.parallel:closing loop
[4.546s] DEBUG:colcon.colcon_parallel_executor.executor.parallel:loop closed
[4.546s] DEBUG:colcon.colcon_parallel_executor.executor.parallel:run_until_complete finished with '0'
[4.546s] DEBUG:colcon.colcon_core.event_reactor:joining thread
[4.646s] INFO:colcon.colcon_core.plugin_system:Skipping extension 'colcon_notification.desktop_notification.notify_send': Could not find 'notify-send'
[4.647s] INFO:colcon.colcon_core.plugin_system:Skipping extension 'colcon_notification.desktop_notification.terminal_notifier': Not used on non-Darwin systems
[4.647s] INFO:colcon.colcon_core.plugin_system:Skipping extension 'colcon_notification.desktop_notification.win32': Not used on non-Windows systems
[4.647s] INFO:colcon.colcon_notification.desktop_notification:Sending desktop notification using 'notify2'
[4.647s] DEBUG:colcon.colcon_notification.desktop_notification.notify2:Failed to initialize notify2: org.freedesktop.DBus.Error.FileNotFound: Failed to connect to socket /run/user/1000/bus: No such file or directory
[4.647s] DEBUG:colcon.colcon_core.event_reactor:joined thread
[4.648s] INFO:colcon.colcon_core.shell:Creating prefix script '/home/pranabpandey31/rostasks/task4/task4_bot/install/local_setup.ps1'
[4.649s] INFO:colcon.colcon_core.shell:Creating prefix util module '/home/pranabpandey31/rostasks/task4/task4_bot/install/_local_setup_util_ps1.py'
[4.650s] INFO:colcon.colcon_core.shell:Creating prefix chain script '/home/pranabpandey31/rostasks/task4/task4_bot/install/setup.ps1'
[4.652s] INFO:colcon.colcon_core.shell:Creating prefix script '/home/pranabpandey31/rostasks/task4/task4_bot/install/local_setup.sh'
[4.653s] INFO:colcon.colcon_core.shell:Creating prefix util module '/home/pranabpandey31/rostasks/task4/task4_bot/install/_local_setup_util_sh.py'
[4.654s] INFO:colcon.colcon_core.shell:Creating prefix chain script '/home/pranabpandey31/rostasks/task4/task4_bot/install/setup.sh'
[4.656s] INFO:colcon.colcon_core.shell:Creating prefix script '/home/pranabpandey31/rostasks/task4/task4_bot/install/local_setup.bash'
[4.656s] INFO:colcon.colcon_core.shell:Creating prefix chain script '/home/pranabpandey31/rostasks/task4/task4_bot/install/setup.bash'
[4.658s] INFO:colcon.colcon_core.shell:Creating prefix script '/home/pranabpandey31/rostasks/task4/task4_bot/install/local_setup.zsh'
[4.659s] INFO:colcon.colcon_core.shell:Creating prefix chain script '/home/pranabpandey31/rostasks/task4/task4_bot/install/setup.zsh'
