[3.927s] Invoking command in '/home/pranabpandey31/rostasks/task4/task4_bot/src': PYTHONPATH=/home/pranabpandey31/rostasks/task4/task4_bot/build/task4_bot/prefix_override:/usr/lib/python3/dist-packages/colcon_core/task/python/colcon_distutils_commands:/home/pranabpandey31/rostasks/task4/task4_bot/install/task4_bot/lib/python3.10/site-packages:${PYTHONPATH} /usr/bin/python3 -W ignore:setup.py install is deprecated setup.py egg_info --egg-base ../build/task4_bot build --build-base /home/pranabpandey31/rostasks/task4/task4_bot/build/task4_bot/build install --record /home/pranabpandey31/rostasks/task4/task4_bot/build/task4_bot/install.log --single-version-externally-managed install_data
[4.918s] running egg_info
[4.920s] writing ../build/task4_bot/task4_bot.egg-info/PKG-INFO
[4.921s] writing dependency_links to ../build/task4_bot/task4_bot.egg-info/dependency_links.txt
[4.923s] writing entry points to ../build/task4_bot/task4_bot.egg-info/entry_points.txt
[4.924s] writing requirements to ../build/task4_bot/task4_bot.egg-info/requires.txt
[4.924s] writing top-level names to ../build/task4_bot/task4_bot.egg-info/top_level.txt
[4.933s] reading manifest file '../build/task4_bot/task4_bot.egg-info/SOURCES.txt'
[4.936s] writing manifest file '../build/task4_bot/task4_bot.egg-info/SOURCES.txt'
[4.937s] running build
[4.937s] running build_py
[4.938s] running install
[4.939s] running install_lib
[4.951s] running install_data
[4.953s] running install_egg_info
[4.962s] removing '/home/pranabpandey31/rostasks/task4/task4_bot/install/task4_bot/lib/python3.10/site-packages/task4_bot-0.0.0-py3.10.egg-info' (and everything under it)
[4.964s] Copying ../build/task4_bot/task4_bot.egg-info to /home/pranabpandey31/rostasks/task4/task4_bot/install/task4_bot/lib/python3.10/site-packages/task4_bot-0.0.0-py3.10.egg-info
[4.970s] running install_scripts
[5.060s] writing list of installed files to '/home/pranabpandey31/rostasks/task4/task4_bot/build/task4_bot/install.log'
[5.196s] Invoked command in '/home/pranabpandey31/rostasks/task4/task4_bot/src' returned '0': PYTHONPATH=/home/pranabpandey31/rostasks/task4/task4_bot/build/task4_bot/prefix_override:/usr/lib/python3/dist-packages/colcon_core/task/python/colcon_distutils_commands:/home/pranabpandey31/rostasks/task4/task4_bot/install/task4_bot/lib/python3.10/site-packages:${PYTHONPATH} /usr/bin/python3 -W ignore:setup.py install is deprecated setup.py egg_info --egg-base ../build/task4_bot build --build-base /home/pranabpandey31/rostasks/task4/task4_bot/build/task4_bot/build install --record /home/pranabpandey31/rostasks/task4/task4_bot/build/task4_bot/install.log --single-version-externally-managed install_data
