running egg_info
writing ../../build/task2_bot/task2_bot.egg-info/PKG-INFO
writing dependency_links to ../../build/task2_bot/task2_bot.egg-info/dependency_links.txt
writing entry points to ../../build/task2_bot/task2_bot.egg-info/entry_points.txt
writing requirements to ../../build/task2_bot/task2_bot.egg-info/requires.txt
writing top-level names to ../../build/task2_bot/task2_bot.egg-info/top_level.txt
reading manifest file '../../build/task2_bot/task2_bot.egg-info/SOURCES.txt'
writing manifest file '../../build/task2_bot/task2_bot.egg-info/SOURCES.txt'
running build
running build_py
running install
running install_lib
running install_data
copying launch/state_publisher.py -> /home/pranabpandey31/rostasks/task2/install/task2_bot/share/task2_bot/launch
running install_egg_info
removing '/home/pranabpandey31/rostasks/task2/install/task2_bot/lib/python3.10/site-packages/task2_bot-0.0.0-py3.10.egg-info' (and everything under it)
Copying ../../build/task2_bot/task2_bot.egg-info to /home/pranabpandey31/rostasks/task2/install/task2_bot/lib/python3.10/site-packages/task2_bot-0.0.0-py3.10.egg-info
running install_scripts
Installing joint_teleop_node script to /home/pranabpandey31/rostasks/task2/install/task2_bot/lib/task2_bot
writing list of installed files to '/home/pranabpandey31/rostasks/task2/build/task2_bot/install.log'
