[1.050s] Invoking command in '/home/pranabpandey31/rostasks/task2/src/task2_bot': PYTHONPATH=/home/pranabpandey31/rostasks/task2/build/task2_bot/prefix_override:/usr/lib/python3/dist-packages/colcon_core/task/python/colcon_distutils_commands:/home/pranabpandey31/rostasks/task2/install/task2_bot/lib/python3.10/site-packages:${PYTHONPATH} /usr/bin/python3 -W ignore:setup.py install is deprecated -W ignore:easy_install command is deprecated setup.py egg_info --egg-base ../../build/task2_bot build --build-base /home/pranabpandey31/rostasks/task2/build/task2_bot/build install --record /home/pranabpandey31/rostasks/task2/build/task2_bot/install.log --single-version-externally-managed install_data
[1.297s] running egg_info
[1.297s] writing ../../build/task2_bot/task2_bot.egg-info/PKG-INFO
[1.297s] writing dependency_links to ../../build/task2_bot/task2_bot.egg-info/dependency_links.txt
[1.298s] writing entry points to ../../build/task2_bot/task2_bot.egg-info/entry_points.txt
[1.298s] writing requirements to ../../build/task2_bot/task2_bot.egg-info/requires.txt
[1.299s] writing top-level names to ../../build/task2_bot/task2_bot.egg-info/top_level.txt
[1.308s] reading manifest file '../../build/task2_bot/task2_bot.egg-info/SOURCES.txt'
[1.312s] writing manifest file '../../build/task2_bot/task2_bot.egg-info/SOURCES.txt'
[1.312s] running build
[1.313s] running build_py
[1.313s] running install
[1.313s] running install_lib
[1.316s] running install_data
[1.316s] copying urdf/Arm_Urdf.urdf -> /home/pranabpandey31/rostasks/task2/install/task2_bot/share/task2_bot/urdf
[1.318s] running install_egg_info
[1.320s] removing '/home/pranabpandey31/rostasks/task2/install/task2_bot/lib/python3.10/site-packages/task2_bot-0.0.0-py3.10.egg-info' (and everything under it)
[1.321s] Copying ../../build/task2_bot/task2_bot.egg-info to /home/pranabpandey31/rostasks/task2/install/task2_bot/lib/python3.10/site-packages/task2_bot-0.0.0-py3.10.egg-info
[1.324s] running install_scripts
[1.345s] Installing joint_teleop_node script to /home/pranabpandey31/rostasks/task2/install/task2_bot/lib/task2_bot
[1.347s] writing list of installed files to '/home/pranabpandey31/rostasks/task2/build/task2_bot/install.log'
[1.380s] Invoked command in '/home/pranabpandey31/rostasks/task2/src/task2_bot' returned '0': PYTHONPATH=/home/pranabpandey31/rostasks/task2/build/task2_bot/prefix_override:/usr/lib/python3/dist-packages/colcon_core/task/python/colcon_distutils_commands:/home/pranabpandey31/rostasks/task2/install/task2_bot/lib/python3.10/site-packages:${PYTHONPATH} /usr/bin/python3 -W ignore:setup.py install is deprecated -W ignore:easy_install command is deprecated setup.py egg_info --egg-base ../../build/task2_bot build --build-base /home/pranabpandey31/rostasks/task2/build/task2_bot/build install --record /home/pranabpandey31/rostasks/task2/build/task2_bot/install.log --single-version-externally-managed install_data
