[0.544s] DEBUG:colcon:Command line arguments: ['/usr/bin/colcon', 'build']
[0.545s] DEBUG:colcon:Parsed command line arguments: Namespace(log_base=None, log_level=None, verb_name='build', build_base='build', install_base='install', merge_install=False, symlink_install=False, test_result_base=None, continue_on_error=False, executor='parallel', parallel_workers=16, event_handlers=None, ignore_user_meta=False, metas=['./colcon.meta'], base_paths=['.'], packages_ignore=None, packages_ignore_regex=None, paths=None, packages_up_to=None, packages_up_to_regex=None, packages_above=None, packages_above_and_dependencies=None, packages_above_depth=None, packages_select_by_dep=None, packages_skip_by_dep=None, packages_skip_up_to=None, packages_select_build_failed=False, packages_skip_build_finished=False, packages_select_test_failures=False, packages_skip_test_passed=False, packages_select=None, packages_skip=None, packages_select_regex=None, packages_skip_regex=None, packages_start=None, packages_end=None, allow_overriding=[], cmake_args=None, cmake_target=None, cmake_target_skip_unavailable=False, cmake_clean_cache=False, cmake_clean_first=False, cmake_force_configure=False, ament_cmake_args=None, catkin_cmake_args=None, catkin_skip_building_tests=False, mixin_files=None, mixin=None, verb_parser=<colcon_mixin.mixin.mixin_argument.MixinArgumentDecorator object at 0x7b10a155ab30>, verb_extension=<colcon_core.verb.build.BuildVerb object at 0x7b10a155a530>, main=<bound method BuildVerb.main of <colcon_core.verb.build.BuildVerb object at 0x7b10a155a530>>, mixin_verb=('build',))
[0.973s] Level 1:colcon.colcon_core.package_discovery:discover_packages(colcon_meta) check parameters
[0.973s] Level 1:colcon.colcon_core.package_discovery:discover_packages(recursive) check parameters
[0.973s] Level 1:colcon.colcon_core.package_discovery:discover_packages(ignore) check parameters
[0.973s] Level 1:colcon.colcon_core.package_discovery:discover_packages(path) check parameters
[0.973s] Level 1:colcon.colcon_core.package_discovery:discover_packages(colcon_meta) discover
[0.973s] Level 1:colcon.colcon_core.package_discovery:discover_packages(recursive) discover
[0.973s] INFO:colcon.colcon_core.package_discovery:Crawling recursively for packages in '/home/pranabpandey31/rostasks/task2'
[0.974s] Level 1:colcon.colcon_core.package_identification:_identify(.) by extensions ['ignore', 'ignore_ament_install']
[0.974s] Level 1:colcon.colcon_core.package_identification:_identify(.) by extension 'ignore'
[0.974s] Level 1:colcon.colcon_core.package_identification:_identify(.) by extension 'ignore_ament_install'
[0.974s] Level 1:colcon.colcon_core.package_identification:_identify(.) by extensions ['colcon_pkg']
[0.974s] Level 1:colcon.colcon_core.package_identification:_identify(.) by extension 'colcon_pkg'
[0.974s] Level 1:colcon.colcon_core.package_identification:_identify(.) by extensions ['colcon_meta']
[0.974s] Level 1:colcon.colcon_core.package_identification:_identify(.) by extension 'colcon_meta'
[0.974s] Level 1:colcon.colcon_core.package_identification:_identify(.) by extensions ['ros']
[0.974s] Level 1:colcon.colcon_core.package_identification:_identify(.) by extension 'ros'
[0.998s] Level 1:colcon.colcon_core.package_identification:_identify(.) by extensions ['cmake', 'python']
[0.998s] Level 1:colcon.colcon_core.package_identification:_identify(.) by extension 'cmake'
[0.998s] Level 1:colcon.colcon_core.package_identification:_identify(.) by extension 'python'
[0.999s] Level 1:colcon.colcon_core.package_identification:_identify(.) by extensions ['python_setup_py']
[0.999s] Level 1:colcon.colcon_core.package_identification:_identify(.) by extension 'python_setup_py'
[0.999s] Level 1:colcon.colcon_core.package_identification:_identify(build) by extensions ['ignore', 'ignore_ament_install']
[0.999s] Level 1:colcon.colcon_core.package_identification:_identify(build) by extension 'ignore'
[0.999s] Level 1:colcon.colcon_core.package_identification:_identify(build) ignored
[0.999s] Level 1:colcon.colcon_core.package_identification:_identify(install) by extensions ['ignore', 'ignore_ament_install']
[1.000s] Level 1:colcon.colcon_core.package_identification:_identify(install) by extension 'ignore'
[1.000s] Level 1:colcon.colcon_core.package_identification:_identify(install) ignored
[1.000s] Level 1:colcon.colcon_core.package_identification:_identify(log) by extensions ['ignore', 'ignore_ament_install']
[1.000s] Level 1:colcon.colcon_core.package_identification:_identify(log) by extension 'ignore'
[1.000s] Level 1:colcon.colcon_core.package_identification:_identify(log) ignored
[1.000s] Level 1:colcon.colcon_core.package_identification:_identify(src) by extensions ['ignore', 'ignore_ament_install']
[1.001s] Level 1:colcon.colcon_core.package_identification:_identify(src) by extension 'ignore'
[1.001s] Level 1:colcon.colcon_core.package_identification:_identify(src) by extension 'ignore_ament_install'
[1.001s] Level 1:colcon.colcon_core.package_identification:_identify(src) by extensions ['colcon_pkg']
[1.001s] Level 1:colcon.colcon_core.package_identification:_identify(src) by extension 'colcon_pkg'
[1.001s] Level 1:colcon.colcon_core.package_identification:_identify(src) by extensions ['colcon_meta']
[1.001s] Level 1:colcon.colcon_core.package_identification:_identify(src) by extension 'colcon_meta'
[1.001s] Level 1:colcon.colcon_core.package_identification:_identify(src) by extensions ['ros']
[1.001s] Level 1:colcon.colcon_core.package_identification:_identify(src) by extension 'ros'
[1.001s] Level 1:colcon.colcon_core.package_identification:_identify(src) by extensions ['cmake', 'python']
[1.001s] Level 1:colcon.colcon_core.package_identification:_identify(src) by extension 'cmake'
[1.001s] Level 1:colcon.colcon_core.package_identification:_identify(src) by extension 'python'
[1.001s] Level 1:colcon.colcon_core.package_identification:_identify(src) by extensions ['python_setup_py']
[1.001s] Level 1:colcon.colcon_core.package_identification:_identify(src) by extension 'python_setup_py'
[1.002s] Level 1:colcon.colcon_core.package_identification:_identify(src/task2_bot) by extensions ['ignore', 'ignore_ament_install']
[1.002s] Level 1:colcon.colcon_core.package_identification:_identify(src/task2_bot) by extension 'ignore'
[1.002s] Level 1:colcon.colcon_core.package_identification:_identify(src/task2_bot) by extension 'ignore_ament_install'
[1.002s] Level 1:colcon.colcon_core.package_identification:_identify(src/task2_bot) by extensions ['colcon_pkg']
[1.002s] Level 1:colcon.colcon_core.package_identification:_identify(src/task2_bot) by extension 'colcon_pkg'
[1.002s] Level 1:colcon.colcon_core.package_identification:_identify(src/task2_bot) by extensions ['colcon_meta']
[1.002s] Level 1:colcon.colcon_core.package_identification:_identify(src/task2_bot) by extension 'colcon_meta'
[1.002s] Level 1:colcon.colcon_core.package_identification:_identify(src/task2_bot) by extensions ['ros']
[1.002s] Level 1:colcon.colcon_core.package_identification:_identify(src/task2_bot) by extension 'ros'
[1.007s] DEBUG:colcon.colcon_core.package_identification:Package 'src/task2_bot' with type 'ros.ament_python' and name 'task2_bot'
[1.007s] Level 1:colcon.colcon_core.package_discovery:discover_packages(recursive) using defaults
[1.007s] Level 1:colcon.colcon_core.package_discovery:discover_packages(ignore) discover
[1.007s] Level 1:colcon.colcon_core.package_discovery:discover_packages(ignore) using defaults
[1.007s] Level 1:colcon.colcon_core.package_discovery:discover_packages(path) discover
[1.007s] Level 1:colcon.colcon_core.package_discovery:discover_packages(path) using defaults
[1.079s] Level 1:colcon.colcon_core.package_discovery:discover_packages(prefix_path) check parameters
[1.079s] Level 1:colcon.colcon_core.package_discovery:discover_packages(prefix_path) discover
[1.083s] DEBUG:colcon.colcon_installed_package_information.package_discovery:Found 1 installed packages in /home/pranabpandey31/rostasks/task2/install
[1.086s] DEBUG:colcon.colcon_installed_package_information.package_discovery:Found 14 installed packages in /home/pranabpandey31/turtlebot3_ws/install
[1.090s] DEBUG:colcon.colcon_installed_package_information.package_discovery:Found 345 installed packages in /opt/ros/humble
[1.094s] Level 1:colcon.colcon_core.package_discovery:discover_packages(prefix_path) using defaults
[1.184s] Level 5:colcon.colcon_core.verb:set package 'task2_bot' build argument 'cmake_args' from command line to 'None'
[1.184s] Level 5:colcon.colcon_core.verb:set package 'task2_bot' build argument 'cmake_target' from command line to 'None'
[1.184s] Level 5:colcon.colcon_core.verb:set package 'task2_bot' build argument 'cmake_target_skip_unavailable' from command line to 'False'
[1.184s] Level 5:colcon.colcon_core.verb:set package 'task2_bot' build argument 'cmake_clean_cache' from command line to 'False'
[1.184s] Level 5:colcon.colcon_core.verb:set package 'task2_bot' build argument 'cmake_clean_first' from command line to 'False'
[1.184s] Level 5:colcon.colcon_core.verb:set package 'task2_bot' build argument 'cmake_force_configure' from command line to 'False'
[1.184s] Level 5:colcon.colcon_core.verb:set package 'task2_bot' build argument 'ament_cmake_args' from command line to 'None'
[1.184s] Level 5:colcon.colcon_core.verb:set package 'task2_bot' build argument 'catkin_cmake_args' from command line to 'None'
[1.184s] Level 5:colcon.colcon_core.verb:set package 'task2_bot' build argument 'catkin_skip_building_tests' from command line to 'False'
[1.184s] DEBUG:colcon.colcon_core.verb:Building package 'task2_bot' with the following arguments: {'ament_cmake_args': None, 'build_base': '/home/pranabpandey31/rostasks/task2/build/task2_bot', 'catkin_cmake_args': None, 'catkin_skip_building_tests': False, 'cmake_args': None, 'cmake_clean_cache': False, 'cmake_clean_first': False, 'cmake_force_configure': False, 'cmake_target': None, 'cmake_target_skip_unavailable': False, 'install_base': '/home/pranabpandey31/rostasks/task2/install/task2_bot', 'merge_install': False, 'path': '/home/pranabpandey31/rostasks/task2/src/task2_bot', 'symlink_install': False, 'test_result_base': None}
[1.184s] INFO:colcon.colcon_core.executor:Executing jobs using 'parallel' executor
[1.187s] DEBUG:colcon.colcon_parallel_executor.executor.parallel:run_until_complete
[1.187s] INFO:colcon.colcon_ros.task.ament_python.build:Building ROS package in '/home/pranabpandey31/rostasks/task2/src/task2_bot' with build type 'ament_python'
[1.187s] Level 1:colcon.colcon_core.shell:create_environment_hook('task2_bot', 'ament_prefix_path')
[4.791s] INFO:colcon.colcon_core.plugin_system:Skipping extension 'colcon_core.shell.bat': Not used on non-Windows systems
[4.791s] INFO:colcon.colcon_core.shell:Creating environment hook '/home/pranabpandey31/rostasks/task2/install/task2_bot/share/task2_bot/hook/ament_prefix_path.ps1'
[4.794s] INFO:colcon.colcon_core.shell:Creating environment descriptor '/home/pranabpandey31/rostasks/task2/install/task2_bot/share/task2_bot/hook/ament_prefix_path.dsv'
[4.797s] INFO:colcon.colcon_core.shell:Creating environment hook '/home/pranabpandey31/rostasks/task2/install/task2_bot/share/task2_bot/hook/ament_prefix_path.sh'
[4.800s] INFO:colcon.colcon_core.shell:Skip shell extension 'powershell' for command environment: Not usable outside of PowerShell
[4.800s] DEBUG:colcon.colcon_core.shell:Skip shell extension 'dsv' for command environment
[5.402s] INFO:colcon.colcon_core.task.python.build:Building Python package in '/home/pranabpandey31/rostasks/task2/src/task2_bot'
[5.403s] INFO:colcon.colcon_core.shell:Skip shell extension 'powershell' for command environment: Not usable outside of PowerShell
[5.403s] DEBUG:colcon.colcon_core.shell:Skip shell extension 'dsv' for command environment
[6.161s] DEBUG:colcon.colcon_core.event_handler.log_command:Invoking command in '/home/pranabpandey31/rostasks/task2/src/task2_bot': PYTHONPATH=/home/pranabpandey31/rostasks/task2/build/task2_bot/prefix_override:/usr/lib/python3/dist-packages/colcon_core/task/python/colcon_distutils_commands:/home/pranabpandey31/rostasks/task2/install/task2_bot/lib/python3.10/site-packages:${PYTHONPATH} /usr/bin/python3 -W ignore:setup.py install is deprecated setup.py egg_info --egg-base ../../build/task2_bot build --build-base /home/pranabpandey31/rostasks/task2/build/task2_bot/build install --record /home/pranabpandey31/rostasks/task2/build/task2_bot/install.log --single-version-externally-managed install_data
[6.808s] DEBUG:colcon.colcon_core.event_handler.log_command:Invoked command in '/home/pranabpandey31/rostasks/task2/src/task2_bot' returned '0': PYTHONPATH=/home/pranabpandey31/rostasks/task2/build/task2_bot/prefix_override:/usr/lib/python3/dist-packages/colcon_core/task/python/colcon_distutils_commands:/home/pranabpandey31/rostasks/task2/install/task2_bot/lib/python3.10/site-packages:${PYTHONPATH} /usr/bin/python3 -W ignore:setup.py install is deprecated setup.py egg_info --egg-base ../../build/task2_bot build --build-base /home/pranabpandey31/rostasks/task2/build/task2_bot/build install --record /home/pranabpandey31/rostasks/task2/build/task2_bot/install.log --single-version-externally-managed install_data
[6.812s] Level 1:colcon.colcon_core.environment:checking '/home/pranabpandey31/rostasks/task2/install/task2_bot' for CMake module files
[6.813s] Level 1:colcon.colcon_core.environment:checking '/home/pranabpandey31/rostasks/task2/install/task2_bot' for CMake config files
[6.814s] Level 1:colcon.colcon_core.environment:checking '/home/pranabpandey31/rostasks/task2/install/task2_bot/lib'
[6.815s] Level 1:colcon.colcon_core.environment:checking '/home/pranabpandey31/rostasks/task2/install/task2_bot/bin'
[6.815s] Level 1:colcon.colcon_core.environment:checking '/home/pranabpandey31/rostasks/task2/install/task2_bot/lib/pkgconfig/task2_bot.pc'
[6.815s] Level 1:colcon.colcon_core.environment:checking '/home/pranabpandey31/rostasks/task2/install/task2_bot/lib/python3.10/site-packages'
[6.815s] Level 1:colcon.colcon_core.shell:create_environment_hook('task2_bot', 'pythonpath')
[6.815s] INFO:colcon.colcon_core.shell:Creating environment hook '/home/pranabpandey31/rostasks/task2/install/task2_bot/share/task2_bot/hook/pythonpath.ps1'
[6.816s] INFO:colcon.colcon_core.shell:Creating environment descriptor '/home/pranabpandey31/rostasks/task2/install/task2_bot/share/task2_bot/hook/pythonpath.dsv'
[6.817s] INFO:colcon.colcon_core.shell:Creating environment hook '/home/pranabpandey31/rostasks/task2/install/task2_bot/share/task2_bot/hook/pythonpath.sh'
[6.818s] Level 1:colcon.colcon_core.environment:checking '/home/pranabpandey31/rostasks/task2/install/task2_bot/bin'
[6.819s] Level 1:colcon.colcon_core.environment:create_environment_scripts_only(task2_bot)
[6.819s] INFO:colcon.colcon_core.shell:Creating package script '/home/pranabpandey31/rostasks/task2/install/task2_bot/share/task2_bot/package.ps1'
[6.820s] INFO:colcon.colcon_core.shell:Creating package descriptor '/home/pranabpandey31/rostasks/task2/install/task2_bot/share/task2_bot/package.dsv'
[6.821s] INFO:colcon.colcon_core.shell:Creating package script '/home/pranabpandey31/rostasks/task2/install/task2_bot/share/task2_bot/package.sh'
[6.823s] INFO:colcon.colcon_core.shell:Creating package script '/home/pranabpandey31/rostasks/task2/install/task2_bot/share/task2_bot/package.bash'
[6.824s] INFO:colcon.colcon_core.shell:Creating package script '/home/pranabpandey31/rostasks/task2/install/task2_bot/share/task2_bot/package.zsh'
[6.826s] Level 1:colcon.colcon_core.environment:create_file_with_runtime_dependencies(/home/pranabpandey31/rostasks/task2/install/task2_bot/share/colcon-core/packages/task2_bot)
[6.827s] DEBUG:colcon.colcon_parallel_executor.executor.parallel:closing loop
[6.829s] DEBUG:colcon.colcon_parallel_executor.executor.parallel:loop closed
[6.829s] DEBUG:colcon.colcon_parallel_executor.executor.parallel:run_until_complete finished with '0'
[6.829s] DEBUG:colcon.colcon_core.event_reactor:joining thread
[6.989s] INFO:colcon.colcon_core.plugin_system:Skipping extension 'colcon_notification.desktop_notification.notify_send': Could not find 'notify-send'
[6.990s] INFO:colcon.colcon_core.plugin_system:Skipping extension 'colcon_notification.desktop_notification.terminal_notifier': Not used on non-Darwin systems
[6.990s] INFO:colcon.colcon_core.plugin_system:Skipping extension 'colcon_notification.desktop_notification.win32': Not used on non-Windows systems
[6.990s] INFO:colcon.colcon_notification.desktop_notification:Sending desktop notification using 'notify2'
[6.990s] DEBUG:colcon.colcon_notification.desktop_notification.notify2:Failed to initialize notify2: org.freedesktop.DBus.Error.FileNotFound: Failed to connect to socket /run/user/1000/bus: No such file or directory
[6.991s] DEBUG:colcon.colcon_core.event_reactor:joined thread
[6.991s] INFO:colcon.colcon_core.shell:Creating prefix script '/home/pranabpandey31/rostasks/task2/install/local_setup.ps1'
[6.993s] INFO:colcon.colcon_core.shell:Creating prefix util module '/home/pranabpandey31/rostasks/task2/install/_local_setup_util_ps1.py'
[6.996s] INFO:colcon.colcon_core.shell:Creating prefix chain script '/home/pranabpandey31/rostasks/task2/install/setup.ps1'
[6.999s] INFO:colcon.colcon_core.shell:Creating prefix script '/home/pranabpandey31/rostasks/task2/install/local_setup.sh'
[7.000s] INFO:colcon.colcon_core.shell:Creating prefix util module '/home/pranabpandey31/rostasks/task2/install/_local_setup_util_sh.py'
[7.001s] INFO:colcon.colcon_core.shell:Creating prefix chain script '/home/pranabpandey31/rostasks/task2/install/setup.sh'
[7.005s] INFO:colcon.colcon_core.shell:Creating prefix script '/home/pranabpandey31/rostasks/task2/install/local_setup.bash'
[7.006s] INFO:colcon.colcon_core.shell:Creating prefix chain script '/home/pranabpandey31/rostasks/task2/install/setup.bash'
[7.009s] INFO:colcon.colcon_core.shell:Creating prefix script '/home/pranabpandey31/rostasks/task2/install/local_setup.zsh'
[7.010s] INFO:colcon.colcon_core.shell:Creating prefix chain script '/home/pranabpandey31/rostasks/task2/install/setup.zsh'
