[0.932s] Invoking command in '/home/pranabpandey31/rostasks/task3_part1/src/task3_part1_bot': PYTHONPATH=/home/pranabpandey31/rostasks/task3_part1/build/task3_part1_bot/prefix_override:/usr/lib/python3/dist-packages/colcon_core/task/python/colcon_distutils_commands:/home/pranabpandey31/rostasks/task3_part1/install/task3_part1_bot/lib/python3.10/site-packages:${PYTHONPATH} /usr/bin/python3 -W ignore:setup.py install is deprecated -W ignore:easy_install command is deprecated setup.py egg_info --egg-base ../../build/task3_part1_bot build --build-base /home/pranabpandey31/rostasks/task3_part1/build/task3_part1_bot/build install --record /home/pranabpandey31/rostasks/task3_part1/build/task3_part1_bot/install.log --single-version-externally-managed install_data
[1.302s] running egg_info
[1.303s] writing ../../build/task3_part1_bot/task3_part1_bot.egg-info/PKG-INFO
[1.303s] writing dependency_links to ../../build/task3_part1_bot/task3_part1_bot.egg-info/dependency_links.txt
[1.304s] writing entry points to ../../build/task3_part1_bot/task3_part1_bot.egg-info/entry_points.txt
[1.304s] writing requirements to ../../build/task3_part1_bot/task3_part1_bot.egg-info/requires.txt
[1.304s] writing top-level names to ../../build/task3_part1_bot/task3_part1_bot.egg-info/top_level.txt
[1.307s] reading manifest file '../../build/task3_part1_bot/task3_part1_bot.egg-info/SOURCES.txt'
[1.308s] writing manifest file '../../build/task3_part1_bot/task3_part1_bot.egg-info/SOURCES.txt'
[1.308s] running build
[1.308s] running build_py
[1.309s] running install
[1.309s] running install_lib
[1.311s] running install_data
[1.311s] copying world/world.sdf -> /home/pranabpandey31/rostasks/task3_part1/install/task3_part1_bot/share/task3_part1_bot/world
[1.312s] running install_egg_info
[1.315s] removing '/home/pranabpandey31/rostasks/task3_part1/install/task3_part1_bot/lib/python3.10/site-packages/task3_part1_bot-0.0.0-py3.10.egg-info' (and everything under it)
[1.315s] Copying ../../build/task3_part1_bot/task3_part1_bot.egg-info to /home/pranabpandey31/rostasks/task3_part1/install/task3_part1_bot/lib/python3.10/site-packages/task3_part1_bot-0.0.0-py3.10.egg-info
[1.317s] running install_scripts
[1.344s] writing list of installed files to '/home/pranabpandey31/rostasks/task3_part1/build/task3_part1_bot/install.log'
[1.384s] Invoked command in '/home/pranabpandey31/rostasks/task3_part1/src/task3_part1_bot' returned '0': PYTHONPATH=/home/pranabpandey31/rostasks/task3_part1/build/task3_part1_bot/prefix_override:/usr/lib/python3/dist-packages/colcon_core/task/python/colcon_distutils_commands:/home/pranabpandey31/rostasks/task3_part1/install/task3_part1_bot/lib/python3.10/site-packages:${PYTHONPATH} /usr/bin/python3 -W ignore:setup.py install is deprecated -W ignore:easy_install command is deprecated setup.py egg_info --egg-base ../../build/task3_part1_bot build --build-base /home/pranabpandey31/rostasks/task3_part1/build/task3_part1_bot/build install --record /home/pranabpandey31/rostasks/task3_part1/build/task3_part1_bot/install.log --single-version-externally-managed install_data
