[1.840s] Invoking command in '/home/pranabpandey31/rostasks/task1/task1_bot/src': PYTHONPATH=/home/pranabpandey31/rostasks/task1/task1_bot/build/task1_bot/prefix_override:/usr/lib/python3/dist-packages/colcon_core/task/python/colcon_distutils_commands:/home/pranabpandey31/rostasks/task1/task1_bot/install/task1_bot/lib/python3.10/site-packages:${PYTHONPATH} /usr/bin/python3 -W ignore:setup.py install is deprecated setup.py egg_info --egg-base ../build/task1_bot build --build-base /home/pranabpandey31/rostasks/task1/task1_bot/build/task1_bot/build install --record /home/pranabpandey31/rostasks/task1/task1_bot/build/task1_bot/install.log --single-version-externally-managed install_data
[2.479s] running egg_info
[2.481s] writing ../build/task1_bot/task1_bot.egg-info/PKG-INFO
[2.482s] writing dependency_links to ../build/task1_bot/task1_bot.egg-info/dependency_links.txt
[2.482s] writing entry points to ../build/task1_bot/task1_bot.egg-info/entry_points.txt
[2.483s] writing requirements to ../build/task1_bot/task1_bot.egg-info/requires.txt
[2.483s] writing top-level names to ../build/task1_bot/task1_bot.egg-info/top_level.txt
[2.488s] reading manifest file '../build/task1_bot/task1_bot.egg-info/SOURCES.txt'
[2.490s] writing manifest file '../build/task1_bot/task1_bot.egg-info/SOURCES.txt'
[2.491s] running build
[2.491s] running build_py
[2.492s] running install
[2.492s] running install_lib
[2.497s] running install_data
[2.497s] copying launch/gazebolaunch.py -> /home/pranabpandey31/rostasks/task1/task1_bot/install/task1_bot/share/task1_bot/launch
[2.499s] creating /home/pranabpandey31/rostasks/task1/task1_bot/install/task1_bot/share/task1_bot/world
[2.501s] copying world/model.world -> /home/pranabpandey31/rostasks/task1/task1_bot/install/task1_bot/share/task1_bot/world
[2.501s] copying world/model.config -> /home/pranabpandey31/rostasks/task1/task1_bot/install/task1_bot/share/task1_bot/world
[2.502s] running install_egg_info
[2.506s] removing '/home/pranabpandey31/rostasks/task1/task1_bot/install/task1_bot/lib/python3.10/site-packages/task1_bot-0.0.0-py3.10.egg-info' (and everything under it)
[2.508s] Copying ../build/task1_bot/task1_bot.egg-info to /home/pranabpandey31/rostasks/task1/task1_bot/install/task1_bot/lib/python3.10/site-packages/task1_bot-0.0.0-py3.10.egg-info
[2.511s] running install_scripts
[2.555s] Installing cmd_velNode script to /home/pranabpandey31/rostasks/task1/task1_bot/install/task1_bot/lib/task1_bot
[2.556s] writing list of installed files to '/home/pranabpandey31/rostasks/task1/task1_bot/build/task1_bot/install.log'
[2.611s] Invoked command in '/home/pranabpandey31/rostasks/task1/task1_bot/src' returned '0': PYTHONPATH=/home/pranabpandey31/rostasks/task1/task1_bot/build/task1_bot/prefix_override:/usr/lib/python3/dist-packages/colcon_core/task/python/colcon_distutils_commands:/home/pranabpandey31/rostasks/task1/task1_bot/install/task1_bot/lib/python3.10/site-packages:${PYTHONPATH} /usr/bin/python3 -W ignore:setup.py install is deprecated setup.py egg_info --egg-base ../build/task1_bot build --build-base /home/pranabpandey31/rostasks/task1/task1_bot/build/task1_bot/build install --record /home/pranabpandey31/rostasks/task1/task1_bot/build/task1_bot/install.log --single-version-externally-managed install_data
