[0.273s] DEBUG:colcon:Command line arguments: ['/usr/bin/colcon', 'build']
[0.273s] DEBUG:colcon:Parsed command line arguments: Namespace(log_base=None, log_level=None, verb_name='build', build_base='build', install_base='install', merge_install=False, symlink_install=False, test_result_base=None, continue_on_error=False, executor='parallel', parallel_workers=16, event_handlers=None, ignore_user_meta=False, metas=['./colcon.meta'], base_paths=['.'], packages_ignore=None, packages_ignore_regex=None, paths=None, packages_up_to=None, packages_up_to_regex=None, packages_above=None, packages_above_and_dependencies=None, packages_above_depth=None, packages_select_by_dep=None, packages_skip_by_dep=None, packages_skip_up_to=None, packages_select_build_failed=False, packages_skip_build_finished=False, packages_select_test_failures=False, packages_skip_test_passed=False, packages_select=None, packages_skip=None, packages_select_regex=None, packages_skip_regex=None, packages_start=None, packages_end=None, allow_overriding=[], cmake_args=None, cmake_target=None, cmake_target_skip_unavailable=False, cmake_clean_cache=False, cmake_clean_first=False, cmake_force_configure=False, ament_cmake_args=None, catkin_cmake_args=None, catkin_skip_building_tests=False, mixin_files=None, mixin=None, verb_parser=<colcon_mixin.mixin.mixin_argument.MixinArgumentDecorator object at 0x7dc305c3f850>, verb_extension=<colcon_core.verb.build.BuildVerb object at 0x7dc305dfd000>, main=<bound method BuildVerb.main of <colcon_core.verb.build.BuildVerb object at 0x7dc305dfd000>>, mixin_verb=('build',))
[0.581s] Level 1:colcon.colcon_core.package_discovery:discover_packages(colcon_meta) check parameters
[0.581s] Level 1:colcon.colcon_core.package_discovery:discover_packages(recursive) check parameters
[0.581s] Level 1:colcon.colcon_core.package_discovery:discover_packages(ignore) check parameters
[0.581s] Level 1:colcon.colcon_core.package_discovery:discover_packages(path) check parameters
[0.581s] Level 1:colcon.colcon_core.package_discovery:discover_packages(colcon_meta) discover
[0.581s] Level 1:colcon.colcon_core.package_discovery:discover_packages(recursive) discover
[0.581s] INFO:colcon.colcon_core.package_discovery:Crawling recursively for packages in '/home/pranabpandey31/rostasks/task2'
[0.581s] Level 1:colcon.colcon_core.package_identification:_identify(.) by extensions ['ignore', 'ignore_ament_install']
[0.581s] Level 1:colcon.colcon_core.package_identification:_identify(.) by extension 'ignore'
[0.581s] Level 1:colcon.colcon_core.package_identification:_identify(.) by extension 'ignore_ament_install'
[0.581s] Level 1:colcon.colcon_core.package_identification:_identify(.) by extensions ['colcon_pkg']
[0.581s] Level 1:colcon.colcon_core.package_identification:_identify(.) by extension 'colcon_pkg'
[0.581s] Level 1:colcon.colcon_core.package_identification:_identify(.) by extensions ['colcon_meta']
[0.581s] Level 1:colcon.colcon_core.package_identification:_identify(.) by extension 'colcon_meta'
[0.581s] Level 1:colcon.colcon_core.package_identification:_identify(.) by extensions ['ros']
[0.581s] Level 1:colcon.colcon_core.package_identification:_identify(.) by extension 'ros'
[0.595s] Level 1:colcon.colcon_core.package_identification:_identify(.) by extensions ['cmake', 'python']
[0.595s] Level 1:colcon.colcon_core.package_identification:_identify(.) by extension 'cmake'
[0.595s] Level 1:colcon.colcon_core.package_identification:_identify(.) by extension 'python'
[0.595s] Level 1:colcon.colcon_core.package_identification:_identify(.) by extensions ['python_setup_py']
[0.595s] Level 1:colcon.colcon_core.package_identification:_identify(.) by extension 'python_setup_py'
[0.596s] Level 1:colcon.colcon_core.package_identification:_identify(build) by extensions ['ignore', 'ignore_ament_install']
[0.597s] Level 1:colcon.colcon_core.package_identification:_identify(build) by extension 'ignore'
[0.597s] Level 1:colcon.colcon_core.package_identification:_identify(build) ignored
[0.597s] Level 1:colcon.colcon_core.package_identification:_identify(install) by extensions ['ignore', 'ignore_ament_install']
[0.598s] Level 1:colcon.colcon_core.package_identification:_identify(install) by extension 'ignore'
[0.598s] Level 1:colcon.colcon_core.package_identification:_identify(install) ignored
[0.598s] Level 1:colcon.colcon_core.package_identification:_identify(log) by extensions ['ignore', 'ignore_ament_install']
[0.598s] Level 1:colcon.colcon_core.package_identification:_identify(log) by extension 'ignore'
[0.598s] Level 1:colcon.colcon_core.package_identification:_identify(log) ignored
[0.598s] Level 1:colcon.colcon_core.package_identification:_identify(src) by extensions ['ignore', 'ignore_ament_install']
[0.598s] Level 1:colcon.colcon_core.package_identification:_identify(src) by extension 'ignore'
[0.598s] Level 1:colcon.colcon_core.package_identification:_identify(src) by extension 'ignore_ament_install'
[0.598s] Level 1:colcon.colcon_core.package_identification:_identify(src) by extensions ['colcon_pkg']
[0.598s] Level 1:colcon.colcon_core.package_identification:_identify(src) by extension 'colcon_pkg'
[0.598s] Level 1:colcon.colcon_core.package_identification:_identify(src) by extensions ['colcon_meta']
[0.598s] Level 1:colcon.colcon_core.package_identification:_identify(src) by extension 'colcon_meta'
[0.598s] Level 1:colcon.colcon_core.package_identification:_identify(src) by extensions ['ros']
[0.598s] Level 1:colcon.colcon_core.package_identification:_identify(src) by extension 'ros'
[0.598s] Level 1:colcon.colcon_core.package_identification:_identify(src) by extensions ['cmake', 'python']
[0.598s] Level 1:colcon.colcon_core.package_identification:_identify(src) by extension 'cmake'
[0.598s] Level 1:colcon.colcon_core.package_identification:_identify(src) by extension 'python'
[0.598s] Level 1:colcon.colcon_core.package_identification:_identify(src) by extensions ['python_setup_py']
[0.598s] Level 1:colcon.colcon_core.package_identification:_identify(src) by extension 'python_setup_py'
[0.599s] Level 1:colcon.colcon_core.package_identification:_identify(src/task2_bot) by extensions ['ignore', 'ignore_ament_install']
[0.599s] Level 1:colcon.colcon_core.package_identification:_identify(src/task2_bot) by extension 'ignore'
[0.599s] Level 1:colcon.colcon_core.package_identification:_identify(src/task2_bot) by extension 'ignore_ament_install'
[0.599s] Level 1:colcon.colcon_core.package_identification:_identify(src/task2_bot) by extensions ['colcon_pkg']
[0.599s] Level 1:colcon.colcon_core.package_identification:_identify(src/task2_bot) by extension 'colcon_pkg'
[0.599s] Level 1:colcon.colcon_core.package_identification:_identify(src/task2_bot) by extensions ['colcon_meta']
[0.599s] Level 1:colcon.colcon_core.package_identification:_identify(src/task2_bot) by extension 'colcon_meta'
[0.599s] Level 1:colcon.colcon_core.package_identification:_identify(src/task2_bot) by extensions ['ros']
[0.599s] Level 1:colcon.colcon_core.package_identification:_identify(src/task2_bot) by extension 'ros'
[0.603s] DEBUG:colcon.colcon_core.package_identification:Package 'src/task2_bot' with type 'ros.ament_python' and name 'task2_bot'
[0.603s] Level 1:colcon.colcon_core.package_discovery:discover_packages(recursive) using defaults
[0.603s] Level 1:colcon.colcon_core.package_discovery:discover_packages(ignore) discover
[0.604s] Level 1:colcon.colcon_core.package_discovery:discover_packages(ignore) using defaults
[0.604s] Level 1:colcon.colcon_core.package_discovery:discover_packages(path) discover
[0.604s] Level 1:colcon.colcon_core.package_discovery:discover_packages(path) using defaults
[0.645s] Level 1:colcon.colcon_core.package_discovery:discover_packages(prefix_path) check parameters
[0.645s] Level 1:colcon.colcon_core.package_discovery:discover_packages(prefix_path) discover
[0.654s] DEBUG:colcon.colcon_installed_package_information.package_discovery:Found 1 installed packages in /home/pranabpandey31/rostasks/task2/install
[0.656s] DEBUG:colcon.colcon_installed_package_information.package_discovery:Found 14 installed packages in /home/pranabpandey31/turtlebot3_ws/install
[0.658s] DEBUG:colcon.colcon_installed_package_information.package_discovery:Found 391 installed packages in /opt/ros/humble
[0.660s] Level 1:colcon.colcon_core.package_discovery:discover_packages(prefix_path) using defaults
[0.736s] Level 5:colcon.colcon_core.verb:set package 'task2_bot' build argument 'cmake_args' from command line to 'None'
[0.736s] Level 5:colcon.colcon_core.verb:set package 'task2_bot' build argument 'cmake_target' from command line to 'None'
[0.736s] Level 5:colcon.colcon_core.verb:set package 'task2_bot' build argument 'cmake_target_skip_unavailable' from command line to 'False'
[0.736s] Level 5:colcon.colcon_core.verb:set package 'task2_bot' build argument 'cmake_clean_cache' from command line to 'False'
[0.736s] Level 5:colcon.colcon_core.verb:set package 'task2_bot' build argument 'cmake_clean_first' from command line to 'False'
[0.736s] Level 5:colcon.colcon_core.verb:set package 'task2_bot' build argument 'cmake_force_configure' from command line to 'False'
[0.736s] Level 5:colcon.colcon_core.verb:set package 'task2_bot' build argument 'ament_cmake_args' from command line to 'None'
[0.736s] Level 5:colcon.colcon_core.verb:set package 'task2_bot' build argument 'catkin_cmake_args' from command line to 'None'
[0.736s] Level 5:colcon.colcon_core.verb:set package 'task2_bot' build argument 'catkin_skip_building_tests' from command line to 'False'
[0.736s] DEBUG:colcon.colcon_core.verb:Building package 'task2_bot' with the following arguments: {'ament_cmake_args': None, 'build_base': '/home/pranabpandey31/rostasks/task2/build/task2_bot', 'catkin_cmake_args': None, 'catkin_skip_building_tests': False, 'cmake_args': None, 'cmake_clean_cache': False, 'cmake_clean_first': False, 'cmake_force_configure': False, 'cmake_target': None, 'cmake_target_skip_unavailable': False, 'install_base': '/home/pranabpandey31/rostasks/task2/install/task2_bot', 'merge_install': False, 'path': '/home/pranabpandey31/rostasks/task2/src/task2_bot', 'symlink_install': False, 'test_result_base': None}
[0.736s] INFO:colcon.colcon_core.executor:Executing jobs using 'parallel' executor
[0.737s] DEBUG:colcon.colcon_parallel_executor.executor.parallel:run_until_complete
[0.738s] INFO:colcon.colcon_ros.task.ament_python.build:Building ROS package in '/home/pranabpandey31/rostasks/task2/src/task2_bot' with build type 'ament_python'
[0.738s] Level 1:colcon.colcon_core.shell:create_environment_hook('task2_bot', 'ament_prefix_path')
[0.742s] INFO:colcon.colcon_core.plugin_system:Skipping extension 'colcon_core.shell.bat': Not used on non-Windows systems
[0.742s] INFO:colcon.colcon_core.shell:Creating environment hook '/home/pranabpandey31/rostasks/task2/install/task2_bot/share/task2_bot/hook/ament_prefix_path.ps1'
[0.743s] INFO:colcon.colcon_core.shell:Creating environment descriptor '/home/pranabpandey31/rostasks/task2/install/task2_bot/share/task2_bot/hook/ament_prefix_path.dsv'
[0.743s] INFO:colcon.colcon_core.shell:Creating environment hook '/home/pranabpandey31/rostasks/task2/install/task2_bot/share/task2_bot/hook/ament_prefix_path.sh'
[0.744s] INFO:colcon.colcon_core.shell:Skip shell extension 'powershell' for command environment: Not usable outside of PowerShell
[0.744s] DEBUG:colcon.colcon_core.shell:Skip shell extension 'dsv' for command environment
[1.057s] INFO:colcon.colcon_core.task.python.build:Building Python package in '/home/pranabpandey31/rostasks/task2/src/task2_bot'
[1.057s] INFO:colcon.colcon_core.shell:Skip shell extension 'powershell' for command environment: Not usable outside of PowerShell
[1.057s] DEBUG:colcon.colcon_core.shell:Skip shell extension 'dsv' for command environment
[1.795s] DEBUG:colcon.colcon_core.event_handler.log_command:Invoking command in '/home/pranabpandey31/rostasks/task2/src/task2_bot': PYTHONPATH=/home/pranabpandey31/rostasks/task2/build/task2_bot/prefix_override:/usr/lib/python3/dist-packages/colcon_core/task/python/colcon_distutils_commands:/home/pranabpandey31/rostasks/task2/install/task2_bot/lib/python3.10/site-packages:${PYTHONPATH} /usr/bin/python3 -W ignore:setup.py install is deprecated -W ignore:easy_install command is deprecated setup.py egg_info --egg-base ../../build/task2_bot build --build-base /home/pranabpandey31/rostasks/task2/build/task2_bot/build install --record /home/pranabpandey31/rostasks/task2/build/task2_bot/install.log --single-version-externally-managed install_data
[2.107s] DEBUG:colcon.colcon_core.event_handler.log_command:Invoked command in '/home/pranabpandey31/rostasks/task2/src/task2_bot' returned '0': PYTHONPATH=/home/pranabpandey31/rostasks/task2/build/task2_bot/prefix_override:/usr/lib/python3/dist-packages/colcon_core/task/python/colcon_distutils_commands:/home/pranabpandey31/rostasks/task2/install/task2_bot/lib/python3.10/site-packages:${PYTHONPATH} /usr/bin/python3 -W ignore:setup.py install is deprecated -W ignore:easy_install command is deprecated setup.py egg_info --egg-base ../../build/task2_bot build --build-base /home/pranabpandey31/rostasks/task2/build/task2_bot/build install --record /home/pranabpandey31/rostasks/task2/build/task2_bot/install.log --single-version-externally-managed install_data
[2.110s] Level 1:colcon.colcon_core.environment:checking '/home/pranabpandey31/rostasks/task2/install/task2_bot' for CMake module files
[2.111s] Level 1:colcon.colcon_core.environment:checking '/home/pranabpandey31/rostasks/task2/install/task2_bot' for CMake config files
[2.117s] Level 1:colcon.colcon_core.environment:checking '/home/pranabpandey31/rostasks/task2/install/task2_bot/lib'
[2.117s] Level 1:colcon.colcon_core.environment:checking '/home/pranabpandey31/rostasks/task2/install/task2_bot/bin'
[2.117s] Level 1:colcon.colcon_core.environment:checking '/home/pranabpandey31/rostasks/task2/install/task2_bot/lib/pkgconfig/task2_bot.pc'
[2.117s] Level 1:colcon.colcon_core.environment:checking '/home/pranabpandey31/rostasks/task2/install/task2_bot/lib/python3.10/site-packages'
[2.117s] Level 1:colcon.colcon_core.shell:create_environment_hook('task2_bot', 'pythonpath')
[2.118s] INFO:colcon.colcon_core.shell:Creating environment hook '/home/pranabpandey31/rostasks/task2/install/task2_bot/share/task2_bot/hook/pythonpath.ps1'
[2.118s] INFO:colcon.colcon_core.shell:Creating environment descriptor '/home/pranabpandey31/rostasks/task2/install/task2_bot/share/task2_bot/hook/pythonpath.dsv'
[2.118s] INFO:colcon.colcon_core.shell:Creating environment hook '/home/pranabpandey31/rostasks/task2/install/task2_bot/share/task2_bot/hook/pythonpath.sh'
[2.119s] Level 1:colcon.colcon_core.environment:checking '/home/pranabpandey31/rostasks/task2/install/task2_bot/bin'
[2.119s] Level 1:colcon.colcon_core.environment:create_environment_scripts_only(task2_bot)
[2.119s] INFO:colcon.colcon_core.shell:Creating package script '/home/pranabpandey31/rostasks/task2/install/task2_bot/share/task2_bot/package.ps1'
[2.120s] INFO:colcon.colcon_core.shell:Creating package descriptor '/home/pranabpandey31/rostasks/task2/install/task2_bot/share/task2_bot/package.dsv'
[2.121s] INFO:colcon.colcon_core.shell:Creating package script '/home/pranabpandey31/rostasks/task2/install/task2_bot/share/task2_bot/package.sh'
[2.122s] INFO:colcon.colcon_core.shell:Creating package script '/home/pranabpandey31/rostasks/task2/install/task2_bot/share/task2_bot/package.bash'
[2.122s] INFO:colcon.colcon_core.shell:Creating package script '/home/pranabpandey31/rostasks/task2/install/task2_bot/share/task2_bot/package.zsh'
[2.123s] Level 1:colcon.colcon_core.environment:create_file_with_runtime_dependencies(/home/pranabpandey31/rostasks/task2/install/task2_bot/share/colcon-core/packages/task2_bot)
[2.124s] DEBUG:colcon.colcon_parallel_executor.executor.parallel:closing loop
[2.125s] DEBUG:colcon.colcon_parallel_executor.executor.parallel:loop closed
[2.125s] DEBUG:colcon.colcon_parallel_executor.executor.parallel:run_until_complete finished with '0'
[2.125s] DEBUG:colcon.colcon_core.event_reactor:joining thread
[2.224s] INFO:colcon.colcon_core.plugin_system:Skipping extension 'colcon_notification.desktop_notification.notify_send': Could not find 'notify-send'
[2.225s] INFO:colcon.colcon_core.plugin_system:Skipping extension 'colcon_notification.desktop_notification.terminal_notifier': Not used on non-Darwin systems
[2.225s] INFO:colcon.colcon_core.plugin_system:Skipping extension 'colcon_notification.desktop_notification.win32': Not used on non-Windows systems
[2.225s] INFO:colcon.colcon_notification.desktop_notification:Sending desktop notification using 'notify2'
[2.225s] DEBUG:colcon.colcon_notification.desktop_notification.notify2:Failed to initialize notify2: org.freedesktop.DBus.Error.FileNotFound: Failed to connect to socket /run/user/1000/bus: No such file or directory
[2.225s] DEBUG:colcon.colcon_core.event_reactor:joined thread
[2.226s] INFO:colcon.colcon_core.shell:Creating prefix script '/home/pranabpandey31/rostasks/task2/install/local_setup.ps1'
[2.228s] INFO:colcon.colcon_core.shell:Creating prefix util module '/home/pranabpandey31/rostasks/task2/install/_local_setup_util_ps1.py'
[2.229s] INFO:colcon.colcon_core.shell:Creating prefix chain script '/home/pranabpandey31/rostasks/task2/install/setup.ps1'
[2.231s] INFO:colcon.colcon_core.shell:Creating prefix script '/home/pranabpandey31/rostasks/task2/install/local_setup.sh'
[2.232s] INFO:colcon.colcon_core.shell:Creating prefix util module '/home/pranabpandey31/rostasks/task2/install/_local_setup_util_sh.py'
[2.233s] INFO:colcon.colcon_core.shell:Creating prefix chain script '/home/pranabpandey31/rostasks/task2/install/setup.sh'
[2.235s] INFO:colcon.colcon_core.shell:Creating prefix script '/home/pranabpandey31/rostasks/task2/install/local_setup.bash'
[2.236s] INFO:colcon.colcon_core.shell:Creating prefix chain script '/home/pranabpandey31/rostasks/task2/install/setup.bash'
[2.238s] INFO:colcon.colcon_core.shell:Creating prefix script '/home/pranabpandey31/rostasks/task2/install/local_setup.zsh'
[2.239s] INFO:colcon.colcon_core.shell:Creating prefix chain script '/home/pranabpandey31/rostasks/task2/install/setup.zsh'
