[1.405s] Invoking command in '/home/pranabpandey31/rostasks/task4/task4_bot/src': PYTHONPATH=/home/pranabpandey31/rostasks/task4/task4_bot/build/task4_bot/prefix_override:/usr/lib/python3/dist-packages/colcon_core/task/python/colcon_distutils_commands:/home/pranabpandey31/rostasks/task4/task4_bot/install/task4_bot/lib/python3.10/site-packages:${PYTHONPATH} /usr/bin/python3 -W ignore:setup.py install is deprecated setup.py egg_info --egg-base ../build/task4_bot build --build-base /home/pranabpandey31/rostasks/task4/task4_bot/build/task4_bot/build install --record /home/pranabpandey31/rostasks/task4/task4_bot/build/task4_bot/install.log --single-version-externally-managed install_data
[1.896s] running egg_info
[1.898s] writing ../build/task4_bot/task4_bot.egg-info/PKG-INFO
[1.899s] writing dependency_links to ../build/task4_bot/task4_bot.egg-info/dependency_links.txt
[1.899s] writing entry points to ../build/task4_bot/task4_bot.egg-info/entry_points.txt
[1.900s] writing requirements to ../build/task4_bot/task4_bot.egg-info/requires.txt
[1.900s] writing top-level names to ../build/task4_bot/task4_bot.egg-info/top_level.txt
[1.904s] reading manifest file '../build/task4_bot/task4_bot.egg-info/SOURCES.txt'
[1.906s] writing manifest file '../build/task4_bot/task4_bot.egg-info/SOURCES.txt'
[1.906s] running build
[1.907s] running build_py
[1.907s] running install
[1.908s] running install_lib
[1.913s] running install_data
[1.915s] copying urdf/tb3.urdf -> /home/pranabpandey31/rostasks/task4/task4_bot/install/task4_bot/share/task4_bot/urdf
[1.915s] running install_egg_info
[1.920s] removing '/home/pranabpandey31/rostasks/task4/task4_bot/install/task4_bot/lib/python3.10/site-packages/task4_bot-0.0.0-py3.10.egg-info' (and everything under it)
[1.921s] Copying ../build/task4_bot/task4_bot.egg-info to /home/pranabpandey31/rostasks/task4/task4_bot/install/task4_bot/lib/python3.10/site-packages/task4_bot-0.0.0-py3.10.egg-info
[1.925s] running install_scripts
[1.974s] writing list of installed files to '/home/pranabpandey31/rostasks/task4/task4_bot/build/task4_bot/install.log'
[2.035s] Invoked command in '/home/pranabpandey31/rostasks/task4/task4_bot/src' returned '0': PYTHONPATH=/home/pranabpandey31/rostasks/task4/task4_bot/build/task4_bot/prefix_override:/usr/lib/python3/dist-packages/colcon_core/task/python/colcon_distutils_commands:/home/pranabpandey31/rostasks/task4/task4_bot/install/task4_bot/lib/python3.10/site-packages:${PYTHONPATH} /usr/bin/python3 -W ignore:setup.py install is deprecated setup.py egg_info --egg-base ../build/task4_bot build --build-base /home/pranabpandey31/rostasks/task4/task4_bot/build/task4_bot/build install --record /home/pranabpandey31/rostasks/task4/task4_bot/build/task4_bot/install.log --single-version-externally-managed install_data
