[1.380s] Invoking command in '/home/pranabpandey31/rostasks/task2/src/task2_bot': PYTHONPATH=/home/pranabpandey31/rostasks/task2/build/task2_bot/prefix_override:/usr/lib/python3/dist-packages/colcon_core/task/python/colcon_distutils_commands:/home/pranabpandey31/rostasks/task2/install/task2_bot/lib/python3.10/site-packages:${PYTHONPATH} /usr/bin/python3 -W ignore:setup.py install is deprecated setup.py egg_info --egg-base ../../build/task2_bot build --build-base /home/pranabpandey31/rostasks/task2/build/task2_bot/build install --record /home/pranabpandey31/rostasks/task2/build/task2_bot/install.log --single-version-externally-managed install_data
[1.908s] running egg_info
[1.909s] writing ../../build/task2_bot/task2_bot.egg-info/PKG-INFO
[1.910s] writing dependency_links to ../../build/task2_bot/task2_bot.egg-info/dependency_links.txt
[1.910s] writing entry points to ../../build/task2_bot/task2_bot.egg-info/entry_points.txt
[1.911s] writing requirements to ../../build/task2_bot/task2_bot.egg-info/requires.txt
[1.911s] writing top-level names to ../../build/task2_bot/task2_bot.egg-info/top_level.txt
[1.915s] reading manifest file '../../build/task2_bot/task2_bot.egg-info/SOURCES.txt'
[1.918s] writing manifest file '../../build/task2_bot/task2_bot.egg-info/SOURCES.txt'
[1.918s] running build
[1.919s] running build_py
[1.920s] copying task2_bot/joint_teleop.py -> /home/pranabpandey31/rostasks/task2/build/task2_bot/build/lib/task2_bot
[1.921s] running install
[1.921s] running install_lib
[1.925s] copying /home/pranabpandey31/rostasks/task2/build/task2_bot/build/lib/task2_bot/joint_teleop.py -> /home/pranabpandey31/rostasks/task2/install/task2_bot/lib/python3.10/site-packages/task2_bot
[1.926s] byte-compiling /home/pranabpandey31/rostasks/task2/install/task2_bot/lib/python3.10/site-packages/task2_bot/joint_teleop.py to joint_teleop.cpython-310.pyc
[1.930s] running install_data
[1.932s] running install_egg_info
[1.936s] removing '/home/pranabpandey31/rostasks/task2/install/task2_bot/lib/python3.10/site-packages/task2_bot-0.0.0-py3.10.egg-info' (and everything under it)
[1.937s] Copying ../../build/task2_bot/task2_bot.egg-info to /home/pranabpandey31/rostasks/task2/install/task2_bot/lib/python3.10/site-packages/task2_bot-0.0.0-py3.10.egg-info
[1.940s] running install_scripts
[1.977s] Installing joint_teleop_node script to /home/pranabpandey31/rostasks/task2/install/task2_bot/lib/task2_bot
[1.977s] writing list of installed files to '/home/pranabpandey31/rostasks/task2/build/task2_bot/install.log'
[2.026s] Invoked command in '/home/pranabpandey31/rostasks/task2/src/task2_bot' returned '0': PYTHONPATH=/home/pranabpandey31/rostasks/task2/build/task2_bot/prefix_override:/usr/lib/python3/dist-packages/colcon_core/task/python/colcon_distutils_commands:/home/pranabpandey31/rostasks/task2/install/task2_bot/lib/python3.10/site-packages:${PYTHONPATH} /usr/bin/python3 -W ignore:setup.py install is deprecated setup.py egg_info --egg-base ../../build/task2_bot build --build-base /home/pranabpandey31/rostasks/task2/build/task2_bot/build install --record /home/pranabpandey31/rostasks/task2/build/task2_bot/install.log --single-version-externally-managed install_data
