[1.569s] Invoking command in '/home/pranabpandey31/rostasks/task4/task4_bot/src': PYTHONPATH=/home/pranabpandey31/rostasks/task4/task4_bot/build/task4_bot/prefix_override:/usr/lib/python3/dist-packages/colcon_core/task/python/colcon_distutils_commands:/home/pranabpandey31/rostasks/task4/task4_bot/install/task4_bot/lib/python3.10/site-packages:${PYTHONPATH} /usr/bin/python3 -W ignore:setup.py install is deprecated setup.py egg_info --egg-base ../build/task4_bot build --build-base /home/pranabpandey31/rostasks/task4/task4_bot/build/task4_bot/build install --record /home/pranabpandey31/rostasks/task4/task4_bot/build/task4_bot/install.log --single-version-externally-managed install_data
[2.126s] running egg_info
[2.127s] writing ../build/task4_bot/task4_bot.egg-info/PKG-INFO
[2.128s] writing dependency_links to ../build/task4_bot/task4_bot.egg-info/dependency_links.txt
[2.128s] writing entry points to ../build/task4_bot/task4_bot.egg-info/entry_points.txt
[2.129s] writing requirements to ../build/task4_bot/task4_bot.egg-info/requires.txt
[2.129s] writing top-level names to ../build/task4_bot/task4_bot.egg-info/top_level.txt
[2.133s] reading manifest file '../build/task4_bot/task4_bot.egg-info/SOURCES.txt'
[2.136s] writing manifest file '../build/task4_bot/task4_bot.egg-info/SOURCES.txt'
[2.136s] running build
[2.136s] running build_py
[2.137s] running install
[2.138s] running install_lib
[2.142s] running install_data
[2.143s] copying urdf/tb3.urdf -> /home/pranabpandey31/rostasks/task4/task4_bot/install/task4_bot/share/task4_bot/urdf
[2.145s] running install_egg_info
[2.148s] removing '/home/pranabpandey31/rostasks/task4/task4_bot/install/task4_bot/lib/python3.10/site-packages/task4_bot-0.0.0-py3.10.egg-info' (and everything under it)
[2.150s] Copying ../build/task4_bot/task4_bot.egg-info to /home/pranabpandey31/rostasks/task4/task4_bot/install/task4_bot/lib/python3.10/site-packages/task4_bot-0.0.0-py3.10.egg-info
[2.154s] running install_scripts
[2.197s] writing list of installed files to '/home/pranabpandey31/rostasks/task4/task4_bot/build/task4_bot/install.log'
[2.256s] Invoked command in '/home/pranabpandey31/rostasks/task4/task4_bot/src' returned '0': PYTHONPATH=/home/pranabpandey31/rostasks/task4/task4_bot/build/task4_bot/prefix_override:/usr/lib/python3/dist-packages/colcon_core/task/python/colcon_distutils_commands:/home/pranabpandey31/rostasks/task4/task4_bot/install/task4_bot/lib/python3.10/site-packages:${PYTHONPATH} /usr/bin/python3 -W ignore:setup.py install is deprecated setup.py egg_info --egg-base ../build/task4_bot build --build-base /home/pranabpandey31/rostasks/task4/task4_bot/build/task4_bot/build install --record /home/pranabpandey31/rostasks/task4/task4_bot/build/task4_bot/install.log --single-version-externally-managed install_data
