[1.060s] Invoking command in '/home/pranabpandey31/rostasks/task3_part1/src/task3_part1_bot': PYTHONPATH=/home/pranabpandey31/rostasks/task3_part1/build/task3_part1_bot/prefix_override:/usr/lib/python3/dist-packages/colcon_core/task/python/colcon_distutils_commands:/home/pranabpandey31/rostasks/task3_part1/install/task3_part1_bot/lib/python3.10/site-packages:${PYTHONPATH} /usr/bin/python3 -W ignore:setup.py install is deprecated -W ignore:easy_install command is deprecated setup.py egg_info --egg-base ../../build/task3_part1_bot build --build-base /home/pranabpandey31/rostasks/task3_part1/build/task3_part1_bot/build install --record /home/pranabpandey31/rostasks/task3_part1/build/task3_part1_bot/install.log --single-version-externally-managed install_data
[1.416s] running egg_info
[1.416s] writing ../../build/task3_part1_bot/task3_part1_bot.egg-info/PKG-INFO
[1.417s] writing dependency_links to ../../build/task3_part1_bot/task3_part1_bot.egg-info/dependency_links.txt
[1.417s] writing entry points to ../../build/task3_part1_bot/task3_part1_bot.egg-info/entry_points.txt
[1.418s] writing requirements to ../../build/task3_part1_bot/task3_part1_bot.egg-info/requires.txt
[1.418s] writing top-level names to ../../build/task3_part1_bot/task3_part1_bot.egg-info/top_level.txt
[1.420s] reading manifest file '../../build/task3_part1_bot/task3_part1_bot.egg-info/SOURCES.txt'
[1.421s] writing manifest file '../../build/task3_part1_bot/task3_part1_bot.egg-info/SOURCES.txt'
[1.422s] running build
[1.422s] running build_py
[1.422s] running install
[1.423s] running install_lib
[1.424s] running install_data
[1.425s] copying urdf/aruco_bot.urdf -> /home/pranabpandey31/rostasks/task3_part1/install/task3_part1_bot/share/task3_part1_bot/urdf
[1.425s] running install_egg_info
[1.427s] removing '/home/pranabpandey31/rostasks/task3_part1/install/task3_part1_bot/lib/python3.10/site-packages/task3_part1_bot-0.0.0-py3.10.egg-info' (and everything under it)
[1.428s] Copying ../../build/task3_part1_bot/task3_part1_bot.egg-info to /home/pranabpandey31/rostasks/task3_part1/install/task3_part1_bot/lib/python3.10/site-packages/task3_part1_bot-0.0.0-py3.10.egg-info
[1.430s] running install_scripts
[1.453s] Installing aruco_detector script to /home/pranabpandey31/rostasks/task3_part1/install/task3_part1_bot/lib/task3_part1_bot
[1.453s] writing list of installed files to '/home/pranabpandey31/rostasks/task3_part1/build/task3_part1_bot/install.log'
[1.488s] Invoked command in '/home/pranabpandey31/rostasks/task3_part1/src/task3_part1_bot' returned '0': PYTHONPATH=/home/pranabpandey31/rostasks/task3_part1/build/task3_part1_bot/prefix_override:/usr/lib/python3/dist-packages/colcon_core/task/python/colcon_distutils_commands:/home/pranabpandey31/rostasks/task3_part1/install/task3_part1_bot/lib/python3.10/site-packages:${PYTHONPATH} /usr/bin/python3 -W ignore:setup.py install is deprecated -W ignore:easy_install command is deprecated setup.py egg_info --egg-base ../../build/task3_part1_bot build --build-base /home/pranabpandey31/rostasks/task3_part1/build/task3_part1_bot/build install --record /home/pranabpandey31/rostasks/task3_part1/build/task3_part1_bot/install.log --single-version-externally-managed install_data
