[3.616s] Invoking command in '/home/pranabpandey31/rostasks/task4/task4_bot/src': PYTHONPATH=/home/pranabpandey31/rostasks/task4/task4_bot/build/task4_bot/prefix_override:/usr/lib/python3/dist-packages/colcon_core/task/python/colcon_distutils_commands:/home/pranabpandey31/rostasks/task4/task4_bot/install/task4_bot/lib/python3.10/site-packages:${PYTHONPATH} /usr/bin/python3 -W ignore:setup.py install is deprecated setup.py egg_info --egg-base ../build/task4_bot build --build-base /home/pranabpandey31/rostasks/task4/task4_bot/build/task4_bot/build install --record /home/pranabpandey31/rostasks/task4/task4_bot/build/task4_bot/install.log --single-version-externally-managed install_data
[4.646s] running egg_info
[4.649s] writing ../build/task4_bot/task4_bot.egg-info/PKG-INFO
[4.651s] writing dependency_links to ../build/task4_bot/task4_bot.egg-info/dependency_links.txt
[4.653s] writing entry points to ../build/task4_bot/task4_bot.egg-info/entry_points.txt
[4.654s] writing requirements to ../build/task4_bot/task4_bot.egg-info/requires.txt
[4.654s] writing top-level names to ../build/task4_bot/task4_bot.egg-info/top_level.txt
[4.660s] reading manifest file '../build/task4_bot/task4_bot.egg-info/SOURCES.txt'
[4.664s] writing manifest file '../build/task4_bot/task4_bot.egg-info/SOURCES.txt'
[4.665s] running build
[4.666s] running build_py
[4.666s] running install
[4.667s] running install_lib
[4.676s] running install_data
[4.677s] copying config/botnav.yaml -> /home/pranabpandey31/rostasks/task4/task4_bot/install/task4_bot/share/task4_bot/config
[4.680s] running install_egg_info
[4.687s] removing '/home/pranabpandey31/rostasks/task4/task4_bot/install/task4_bot/lib/python3.10/site-packages/task4_bot-0.0.0-py3.10.egg-info' (and everything under it)
[4.690s] Copying ../build/task4_bot/task4_bot.egg-info to /home/pranabpandey31/rostasks/task4/task4_bot/install/task4_bot/lib/python3.10/site-packages/task4_bot-0.0.0-py3.10.egg-info
[4.698s] running install_scripts
[4.784s] writing list of installed files to '/home/pranabpandey31/rostasks/task4/task4_bot/build/task4_bot/install.log'
[4.862s] Invoked command in '/home/pranabpandey31/rostasks/task4/task4_bot/src' returned '0': PYTHONPATH=/home/pranabpandey31/rostasks/task4/task4_bot/build/task4_bot/prefix_override:/usr/lib/python3/dist-packages/colcon_core/task/python/colcon_distutils_commands:/home/pranabpandey31/rostasks/task4/task4_bot/install/task4_bot/lib/python3.10/site-packages:${PYTHONPATH} /usr/bin/python3 -W ignore:setup.py install is deprecated setup.py egg_info --egg-base ../build/task4_bot build --build-base /home/pranabpandey31/rostasks/task4/task4_bot/build/task4_bot/build install --record /home/pranabpandey31/rostasks/task4/task4_bot/build/task4_bot/install.log --single-version-externally-managed install_data
