[1.056s] Invoking command in '/home/pranabpandey31/rostasks/task2/src/task2_bot': PYTHONPATH=/home/pranabpandey31/rostasks/task2/build/task2_bot/prefix_override:/usr/lib/python3/dist-packages/colcon_core/task/python/colcon_distutils_commands:/home/pranabpandey31/rostasks/task2/install/task2_bot/lib/python3.10/site-packages:${PYTHONPATH} /usr/bin/python3 -W ignore:setup.py install is deprecated -W ignore:easy_install command is deprecated setup.py egg_info --egg-base ../../build/task2_bot build --build-base /home/pranabpandey31/rostasks/task2/build/task2_bot/build install --record /home/pranabpandey31/rostasks/task2/build/task2_bot/install.log --single-version-externally-managed install_data
[1.293s] running egg_info
[1.294s] writing ../../build/task2_bot/task2_bot.egg-info/PKG-INFO
[1.294s] writing dependency_links to ../../build/task2_bot/task2_bot.egg-info/dependency_links.txt
[1.295s] writing entry points to ../../build/task2_bot/task2_bot.egg-info/entry_points.txt
[1.295s] writing requirements to ../../build/task2_bot/task2_bot.egg-info/requires.txt
[1.295s] writing top-level names to ../../build/task2_bot/task2_bot.egg-info/top_level.txt
[1.298s] reading manifest file '../../build/task2_bot/task2_bot.egg-info/SOURCES.txt'
[1.302s] writing manifest file '../../build/task2_bot/task2_bot.egg-info/SOURCES.txt'
[1.303s] running build
[1.303s] running build_py
[1.303s] running install
[1.304s] running install_lib
[1.306s] running install_data
[1.307s] copying urdf/Arm_Urdf.urdf -> /home/pranabpandey31/rostasks/task2/install/task2_bot/share/task2_bot/urdf
[1.309s] running install_egg_info
[1.311s] removing '/home/pranabpandey31/rostasks/task2/install/task2_bot/lib/python3.10/site-packages/task2_bot-0.0.0-py3.10.egg-info' (and everything under it)
[1.311s] Copying ../../build/task2_bot/task2_bot.egg-info to /home/pranabpandey31/rostasks/task2/install/task2_bot/lib/python3.10/site-packages/task2_bot-0.0.0-py3.10.egg-info
[1.315s] running install_scripts
[1.336s] Installing joint_teleop_node script to /home/pranabpandey31/rostasks/task2/install/task2_bot/lib/task2_bot
[1.337s] writing list of installed files to '/home/pranabpandey31/rostasks/task2/build/task2_bot/install.log'
[1.368s] Invoked command in '/home/pranabpandey31/rostasks/task2/src/task2_bot' returned '0': PYTHONPATH=/home/pranabpandey31/rostasks/task2/build/task2_bot/prefix_override:/usr/lib/python3/dist-packages/colcon_core/task/python/colcon_distutils_commands:/home/pranabpandey31/rostasks/task2/install/task2_bot/lib/python3.10/site-packages:${PYTHONPATH} /usr/bin/python3 -W ignore:setup.py install is deprecated -W ignore:easy_install command is deprecated setup.py egg_info --egg-base ../../build/task2_bot build --build-base /home/pranabpandey31/rostasks/task2/build/task2_bot/build install --record /home/pranabpandey31/rostasks/task2/build/task2_bot/install.log --single-version-externally-managed install_data
