/home/pranabpandey31/rostasks/task1/task1_bot/install/task1_bot/lib/python3.10/site-packages/task1_bot/__init__.py
/home/pranabpandey31/rostasks/task1/task1_bot/install/task1_bot/lib/python3.10/site-packages/task1_bot/forward_kinematics.py
/home/pranabpandey31/rostasks/task1/task1_bot/install/task1_bot/lib/python3.10/site-packages/task1_bot/__pycache__/__init__.cpython-310.pyc
/home/pranabpandey31/rostasks/task1/task1_bot/install/task1_bot/lib/python3.10/site-packages/task1_bot/__pycache__/forward_kinematics.cpython-310.pyc
/home/pranabpandey31/rostasks/task1/task1_bot/install/task1_bot/share/ament_index/resource_index/packages/task1_bot
/home/pranabpandey31/rostasks/task1/task1_bot/install/task1_bot/share/task1_bot/package.xml
/home/pranabpandey31/rostasks/task1/task1_bot/install/task1_bot/share/task1_bot/launch/statepublisher.py
/home/pranabpandey31/rostasks/task1/task1_bot/install/task1_bot/share/task1_bot/launch/gazebolaunch.py
/home/pranabpandey31/rostasks/task1/task1_bot/install/task1_bot/share/task1_bot/meshes/base_link.STL
/home/pranabpandey31/rostasks/task1/task1_bot/install/task1_bot/share/task1_bot/meshes/steeering3.STL
/home/pranabpandey31/rostasks/task1/task1_bot/install/task1_bot/share/task1_bot/meshes/steering1.STL
/home/pranabpandey31/rostasks/task1/task1_bot/install/task1_bot/share/task1_bot/meshes/steering2.STL
/home/pranabpandey31/rostasks/task1/task1_bot/install/task1_bot/share/task1_bot/meshes/steering4.STL
/home/pranabpandey31/rostasks/task1/task1_bot/install/task1_bot/share/task1_bot/meshes/wheel1.STL
/home/pranabpandey31/rostasks/task1/task1_bot/install/task1_bot/share/task1_bot/meshes/wheel2.STL
/home/pranabpandey31/rostasks/task1/task1_bot/install/task1_bot/share/task1_bot/meshes/wheel3.STL
/home/pranabpandey31/rostasks/task1/task1_bot/install/task1_bot/share/task1_bot/meshes/wheel4.STL
/home/pranabpandey31/rostasks/task1/task1_bot/install/task1_bot/share/task1_bot/urdf/rover_description.urdf
/home/pranabpandey31/rostasks/task1/task1_bot/install/task1_bot/share/task1_bot/world/model.world
/home/pranabpandey31/rostasks/task1/task1_bot/install/task1_bot/share/task1_bot/world/model.config
/home/pranabpandey31/rostasks/task1/task1_bot/install/task1_bot/share/task1_bot/config/diff_drive.yaml
/home/pranabpandey31/rostasks/task1/task1_bot/install/task1_bot/lib/python3.10/site-packages/task1_bot-0.0.0-py3.10.egg-info/SOURCES.txt
/home/pranabpandey31/rostasks/task1/task1_bot/install/task1_bot/lib/python3.10/site-packages/task1_bot-0.0.0-py3.10.egg-info/requires.txt
/home/pranabpandey31/rostasks/task1/task1_bot/install/task1_bot/lib/python3.10/site-packages/task1_bot-0.0.0-py3.10.egg-info/entry_points.txt
/home/pranabpandey31/rostasks/task1/task1_bot/install/task1_bot/lib/python3.10/site-packages/task1_bot-0.0.0-py3.10.egg-info/top_level.txt
/home/pranabpandey31/rostasks/task1/task1_bot/install/task1_bot/lib/python3.10/site-packages/task1_bot-0.0.0-py3.10.egg-info/PKG-INFO
/home/pranabpandey31/rostasks/task1/task1_bot/install/task1_bot/lib/python3.10/site-packages/task1_bot-0.0.0-py3.10.egg-info/zip-safe
/home/pranabpandey31/rostasks/task1/task1_bot/install/task1_bot/lib/python3.10/site-packages/task1_bot-0.0.0-py3.10.egg-info/dependency_links.txt
/home/pranabpandey31/rostasks/task1/task1_bot/install/task1_bot/lib/task1_bot/cmd_velNode
