/home/pranabpandey31/rostasks/task4/task4_bot/install/task4_bot/lib/python3.10/site-packages/task4_bot/__init__.py
/home/pranabpandey31/rostasks/task4/task4_bot/install/task4_bot/lib/python3.10/site-packages/task4_bot/__pycache__/__init__.cpython-310.pyc
/home/pranabpandey31/rostasks/task4/task4_bot/install/task4_bot/share/ament_index/resource_index/packages/task4_bot
/home/pranabpandey31/rostasks/task4/task4_bot/install/task4_bot/share/task4_bot/package.xml
/home/pranabpandey31/rostasks/task4/task4_bot/install/task4_bot/share/task4_bot/launch/tb3.launch.py
/home/pranabpandey31/rostasks/task4/task4_bot/install/task4_bot/share/task4_bot/launch/gazebolaunch.py
/home/pranabpandey31/rostasks/task4/task4_bot/install/task4_bot/share/task4_bot/launch/state_publisher.py
/home/pranabpandey31/rostasks/task4/task4_bot/install/task4_bot/share/task4_bot/config/botnav.yaml
/home/pranabpandey31/rostasks/task4/task4_bot/install/task4_bot/share/task4_bot/config/param.yaml
/home/pranabpandey31/rostasks/task4/task4_bot/install/task4_bot/share/task4_bot/config/turtlebot3_lds_2d.lua
/home/pranabpandey31/rostasks/task4/task4_bot/install/task4_bot/share/task4_bot/urdf/my_bot.urdf
/home/pranabpandey31/rostasks/task4/task4_bot/install/task4_bot/share/task4_bot/meshes/bases/waffle_base.stl
/home/pranabpandey31/rostasks/task4/task4_bot/install/task4_bot/share/task4_bot/meshes/sensors/lds.stl
/home/pranabpandey31/rostasks/task4/task4_bot/install/task4_bot/share/task4_bot/meshes/sensors/r200.dae
/home/pranabpandey31/rostasks/task4/task4_bot/install/task4_bot/share/task4_bot/meshes/wheels/left_tire.stl
/home/pranabpandey31/rostasks/task4/task4_bot/install/task4_bot/share/task4_bot/meshes/wheels/right_tire.stl
/home/pranabpandey31/rostasks/task4/task4_bot/install/task4_bot/share/task4_bot/maps/map.yaml
/home/pranabpandey31/rostasks/task4/task4_bot/install/task4_bot/share/task4_bot/maps/map.pgm
/home/pranabpandey31/rostasks/task4/task4_bot/install/task4_bot/share/task4_bot/maps/map_1760536528.pgm
/home/pranabpandey31/rostasks/task4/task4_bot/install/task4_bot/share/task4_bot/maps/map_1760536528.yaml
/home/pranabpandey31/rostasks/task4/task4_bot/install/task4_bot/share/task4_bot/Custom_world/model.world
/home/pranabpandey31/rostasks/task4/task4_bot/install/task4_bot/share/task4_bot/Custom_world/model.config
/home/pranabpandey31/rostasks/task4/task4_bot/install/task4_bot/lib/python3.10/site-packages/task4_bot-0.0.0-py3.10.egg-info/SOURCES.txt
/home/pranabpandey31/rostasks/task4/task4_bot/install/task4_bot/lib/python3.10/site-packages/task4_bot-0.0.0-py3.10.egg-info/requires.txt
/home/pranabpandey31/rostasks/task4/task4_bot/install/task4_bot/lib/python3.10/site-packages/task4_bot-0.0.0-py3.10.egg-info/entry_points.txt
/home/pranabpandey31/rostasks/task4/task4_bot/install/task4_bot/lib/python3.10/site-packages/task4_bot-0.0.0-py3.10.egg-info/top_level.txt
/home/pranabpandey31/rostasks/task4/task4_bot/install/task4_bot/lib/python3.10/site-packages/task4_bot-0.0.0-py3.10.egg-info/PKG-INFO
/home/pranabpandey31/rostasks/task4/task4_bot/install/task4_bot/lib/python3.10/site-packages/task4_bot-0.0.0-py3.10.egg-info/zip-safe
/home/pranabpandey31/rostasks/task4/task4_bot/install/task4_bot/lib/python3.10/site-packages/task4_bot-0.0.0-py3.10.egg-info/dependency_links.txt
