/home/pranabpandey31/rostasks/task2/install/task2_bot/lib/python3.10/site-packages/task2_bot/joint_teleop.py
/home/pranabpandey31/rostasks/task2/install/task2_bot/lib/python3.10/site-packages/task2_bot/__init__.py
/home/pranabpandey31/rostasks/task2/install/task2_bot/lib/python3.10/site-packages/task2_bot/__pycache__/joint_teleop.cpython-310.pyc
/home/pranabpandey31/rostasks/task2/install/task2_bot/lib/python3.10/site-packages/task2_bot/__pycache__/__init__.cpython-310.pyc
/home/pranabpandey31/rostasks/task2/install/task2_bot/share/ament_index/resource_index/packages/task2_bot
/home/pranabpandey31/rostasks/task2/install/task2_bot/share/task2_bot/package.xml
/home/pranabpandey31/rostasks/task2/install/task2_bot/share/task2_bot/urdf/Arm_Urdf.urdf
/home/pranabpandey31/rostasks/task2/install/task2_bot/share/task2_bot/urdf/Arm_Urdf.urdf:Zone.Identifier
/home/pranabpandey31/rostasks/task2/install/task2_bot/share/task2_bot/meshes/Link_2.STL
/home/pranabpandey31/rostasks/task2/install/task2_bot/share/task2_bot/meshes/Link_4.STL
/home/pranabpandey31/rostasks/task2/install/task2_bot/share/task2_bot/meshes/Link_1.STL
/home/pranabpandey31/rostasks/task2/install/task2_bot/share/task2_bot/meshes/Gripper_1.STL
/home/pranabpandey31/rostasks/task2/install/task2_bot/share/task2_bot/meshes/Gripper_2.STL:Zone.Identifier
/home/pranabpandey31/rostasks/task2/install/task2_bot/share/task2_bot/meshes/Link_3.STL
/home/pranabpandey31/rostasks/task2/install/task2_bot/share/task2_bot/meshes/Link_1.STL:Zone.Identifier
/home/pranabpandey31/rostasks/task2/install/task2_bot/share/task2_bot/meshes/Link_3.STL:Zone.Identifier
/home/pranabpandey31/rostasks/task2/install/task2_bot/share/task2_bot/meshes/Gripper_1.STL:Zone.Identifier
/home/pranabpandey31/rostasks/task2/install/task2_bot/share/task2_bot/meshes/base_link.STL:Zone.Identifier
/home/pranabpandey31/rostasks/task2/install/task2_bot/share/task2_bot/meshes/Link_2.STL:Zone.Identifier
/home/pranabpandey31/rostasks/task2/install/task2_bot/share/task2_bot/meshes/Link_6.STL
/home/pranabpandey31/rostasks/task2/install/task2_bot/share/task2_bot/meshes/Link_6.STL:Zone.Identifier
/home/pranabpandey31/rostasks/task2/install/task2_bot/share/task2_bot/meshes/Link_4.STL:Zone.Identifier
/home/pranabpandey31/rostasks/task2/install/task2_bot/share/task2_bot/meshes/base_link.STL
/home/pranabpandey31/rostasks/task2/install/task2_bot/share/task2_bot/meshes/Gripper_2.STL
/home/pranabpandey31/rostasks/task2/install/task2_bot/share/task2_bot/meshes/Link_5.STL
/home/pranabpandey31/rostasks/task2/install/task2_bot/share/task2_bot/meshes/Link_5.STL:Zone.Identifier
/home/pranabpandey31/rostasks/task2/install/task2_bot/share/task2_bot/launch/state_publisher.py
/home/pranabpandey31/rostasks/task2/install/task2_bot/lib/python3.10/site-packages/task2_bot-0.0.0-py3.10.egg-info/SOURCES.txt
/home/pranabpandey31/rostasks/task2/install/task2_bot/lib/python3.10/site-packages/task2_bot-0.0.0-py3.10.egg-info/requires.txt
/home/pranabpandey31/rostasks/task2/install/task2_bot/lib/python3.10/site-packages/task2_bot-0.0.0-py3.10.egg-info/entry_points.txt
/home/pranabpandey31/rostasks/task2/install/task2_bot/lib/python3.10/site-packages/task2_bot-0.0.0-py3.10.egg-info/top_level.txt
/home/pranabpandey31/rostasks/task2/install/task2_bot/lib/python3.10/site-packages/task2_bot-0.0.0-py3.10.egg-info/PKG-INFO
/home/pranabpandey31/rostasks/task2/install/task2_bot/lib/python3.10/site-packages/task2_bot-0.0.0-py3.10.egg-info/zip-safe
/home/pranabpandey31/rostasks/task2/install/task2_bot/lib/python3.10/site-packages/task2_bot-0.0.0-py3.10.egg-info/dependency_links.txt
/home/pranabpandey31/rostasks/task2/install/task2_bot/lib/task2_bot/joint_teleop_node
