[1.709s] Invoking command in '/home/pranabpandey31/rostasks/task2/src/task2_bot': PYTHONPATH=/home/pranabpandey31/rostasks/task2/build/task2_bot/prefix_override:/usr/lib/python3/dist-packages/colcon_core/task/python/colcon_distutils_commands:/home/pranabpandey31/rostasks/task2/install/task2_bot/lib/python3.10/site-packages:${PYTHONPATH} /usr/bin/python3 -W ignore:setup.py install is deprecated setup.py egg_info --egg-base ../../build/task2_bot build --build-base /home/pranabpandey31/rostasks/task2/build/task2_bot/build install --record /home/pranabpandey31/rostasks/task2/build/task2_bot/install.log --single-version-externally-managed install_data
[2.349s] running egg_info
[2.350s] writing ../../build/task2_bot/task2_bot.egg-info/PKG-INFO
[2.351s] writing dependency_links to ../../build/task2_bot/task2_bot.egg-info/dependency_links.txt
[2.352s] writing entry points to ../../build/task2_bot/task2_bot.egg-info/entry_points.txt
[2.352s] writing requirements to ../../build/task2_bot/task2_bot.egg-info/requires.txt
[2.353s] writing top-level names to ../../build/task2_bot/task2_bot.egg-info/top_level.txt
[2.360s] reading manifest file '../../build/task2_bot/task2_bot.egg-info/SOURCES.txt'
[2.363s] writing manifest file '../../build/task2_bot/task2_bot.egg-info/SOURCES.txt'
[2.363s] running build
[2.363s] running build_py
[2.364s] running install
[2.365s] running install_lib
[2.370s] running install_data
[2.372s] copying launch/state_publisher.py -> /home/pranabpandey31/rostasks/task2/install/task2_bot/share/task2_bot/launch
[2.373s] running install_egg_info
[2.377s] removing '/home/pranabpandey31/rostasks/task2/install/task2_bot/lib/python3.10/site-packages/task2_bot-0.0.0-py3.10.egg-info' (and everything under it)
[2.379s] Copying ../../build/task2_bot/task2_bot.egg-info to /home/pranabpandey31/rostasks/task2/install/task2_bot/lib/python3.10/site-packages/task2_bot-0.0.0-py3.10.egg-info
[2.383s] running install_scripts
[2.435s] Installing joint_teleop_node script to /home/pranabpandey31/rostasks/task2/install/task2_bot/lib/task2_bot
[2.436s] writing list of installed files to '/home/pranabpandey31/rostasks/task2/build/task2_bot/install.log'
[2.513s] Invoked command in '/home/pranabpandey31/rostasks/task2/src/task2_bot' returned '0': PYTHONPATH=/home/pranabpandey31/rostasks/task2/build/task2_bot/prefix_override:/usr/lib/python3/dist-packages/colcon_core/task/python/colcon_distutils_commands:/home/pranabpandey31/rostasks/task2/install/task2_bot/lib/python3.10/site-packages:${PYTHONPATH} /usr/bin/python3 -W ignore:setup.py install is deprecated setup.py egg_info --egg-base ../../build/task2_bot build --build-base /home/pranabpandey31/rostasks/task2/build/task2_bot/build install --record /home/pranabpandey31/rostasks/task2/build/task2_bot/install.log --single-version-externally-managed install_data
