[1.149s] Invoking command in '/home/pranabpandey31/rostasks/task1/task1_bot/src': PYTHONPATH=/home/pranabpandey31/rostasks/task1/task1_bot/build/task1_bot/prefix_override:/usr/lib/python3/dist-packages/colcon_core/task/python/colcon_distutils_commands:/home/pranabpandey31/rostasks/task1/task1_bot/install/task1_bot/lib/python3.10/site-packages:${PYTHONPATH} /usr/bin/python3 -W ignore:setup.py install is deprecated setup.py egg_info --egg-base ../build/task1_bot build --build-base /home/pranabpandey31/rostasks/task1/task1_bot/build/task1_bot/build install --record /home/pranabpandey31/rostasks/task1/task1_bot/build/task1_bot/install.log --single-version-externally-managed install_data
[1.397s] running egg_info
[1.398s] writing ../build/task1_bot/task1_bot.egg-info/PKG-INFO
[1.408s] writing dependency_links to ../build/task1_bot/task1_bot.egg-info/dependency_links.txt
[1.409s] writing entry points to ../build/task1_bot/task1_bot.egg-info/entry_points.txt
[1.409s] writing requirements to ../build/task1_bot/task1_bot.egg-info/requires.txt
[1.410s] writing top-level names to ../build/task1_bot/task1_bot.egg-info/top_level.txt
[1.412s] reading manifest file '../build/task1_bot/task1_bot.egg-info/SOURCES.txt'
[1.416s] writing manifest file '../build/task1_bot/task1_bot.egg-info/SOURCES.txt'
[1.416s] running build
[1.416s] running build_py
[1.417s] running install
[1.417s] running install_lib
[1.421s] running install_data
[1.422s] copying launch/statepublisher.py -> /home/pranabpandey31/rostasks/task1/task1_bot/install/task1_bot/share/task1_bot/launch
[1.423s] running install_egg_info
[1.425s] removing '/home/pranabpandey31/rostasks/task1/task1_bot/install/task1_bot/lib/python3.10/site-packages/task1_bot-0.0.0-py3.10.egg-info' (and everything under it)
[1.427s] Copying ../build/task1_bot/task1_bot.egg-info to /home/pranabpandey31/rostasks/task1/task1_bot/install/task1_bot/lib/python3.10/site-packages/task1_bot-0.0.0-py3.10.egg-info
[1.430s] running install_scripts
[1.451s] writing list of installed files to '/home/pranabpandey31/rostasks/task1/task1_bot/build/task1_bot/install.log'
[1.487s] Invoked command in '/home/pranabpandey31/rostasks/task1/task1_bot/src' returned '0': PYTHONPATH=/home/pranabpandey31/rostasks/task1/task1_bot/build/task1_bot/prefix_override:/usr/lib/python3/dist-packages/colcon_core/task/python/colcon_distutils_commands:/home/pranabpandey31/rostasks/task1/task1_bot/install/task1_bot/lib/python3.10/site-packages:${PYTHONPATH} /usr/bin/python3 -W ignore:setup.py install is deprecated setup.py egg_info --egg-base ../build/task1_bot build --build-base /home/pranabpandey31/rostasks/task1/task1_bot/build/task1_bot/build install --record /home/pranabpandey31/rostasks/task1/task1_bot/build/task1_bot/install.log --single-version-externally-managed install_data
