[1.000s] Invoking command in '/home/pranabpandey31/rostasks/task4/task4_bot/src': PYTHONPATH=/home/pranabpandey31/rostasks/task4/task4_bot/build/task4_bot/prefix_override:/usr/lib/python3/dist-packages/colcon_core/task/python/colcon_distutils_commands:/home/pranabpandey31/rostasks/task4/task4_bot/install/task4_bot/lib/python3.10/site-packages:${PYTHONPATH} /usr/bin/python3 -W ignore:setup.py install is deprecated setup.py egg_info --egg-base ../build/task4_bot build --build-base /home/pranabpandey31/rostasks/task4/task4_bot/build/task4_bot/build install --record /home/pranabpandey31/rostasks/task4/task4_bot/build/task4_bot/install.log --single-version-externally-managed install_data
[1.514s] running egg_info
[1.515s] writing ../build/task4_bot/task4_bot.egg-info/PKG-INFO
[1.516s] writing dependency_links to ../build/task4_bot/task4_bot.egg-info/dependency_links.txt
[1.516s] writing entry points to ../build/task4_bot/task4_bot.egg-info/entry_points.txt
[1.516s] writing requirements to ../build/task4_bot/task4_bot.egg-info/requires.txt
[1.516s] writing top-level names to ../build/task4_bot/task4_bot.egg-info/top_level.txt
[1.519s] reading manifest file '../build/task4_bot/task4_bot.egg-info/SOURCES.txt'
[1.520s] writing manifest file '../build/task4_bot/task4_bot.egg-info/SOURCES.txt'
[1.521s] running build
[1.521s] running build_py
[1.521s] running install
[1.522s] running install_lib
[1.527s] running install_data
[1.529s] running install_egg_info
[1.532s] removing '/home/pranabpandey31/rostasks/task4/task4_bot/install/task4_bot/lib/python3.10/site-packages/task4_bot-0.0.0-py3.10.egg-info' (and everything under it)
[1.533s] Copying ../build/task4_bot/task4_bot.egg-info to /home/pranabpandey31/rostasks/task4/task4_bot/install/task4_bot/lib/python3.10/site-packages/task4_bot-0.0.0-py3.10.egg-info
[1.536s] running install_scripts
[1.570s] writing list of installed files to '/home/pranabpandey31/rostasks/task4/task4_bot/build/task4_bot/install.log'
[1.614s] Invoked command in '/home/pranabpandey31/rostasks/task4/task4_bot/src' returned '0': PYTHONPATH=/home/pranabpandey31/rostasks/task4/task4_bot/build/task4_bot/prefix_override:/usr/lib/python3/dist-packages/colcon_core/task/python/colcon_distutils_commands:/home/pranabpandey31/rostasks/task4/task4_bot/install/task4_bot/lib/python3.10/site-packages:${PYTHONPATH} /usr/bin/python3 -W ignore:setup.py install is deprecated setup.py egg_info --egg-base ../build/task4_bot build --build-base /home/pranabpandey31/rostasks/task4/task4_bot/build/task4_bot/build install --record /home/pranabpandey31/rostasks/task4/task4_bot/build/task4_bot/install.log --single-version-externally-managed install_data
