[1.839s] Invoking command in '/home/pranabpandey31/rostasks/task1/task1_bot/src': PYTHONPATH=/home/pranabpandey31/rostasks/task1/task1_bot/build/task1_bot/prefix_override:/usr/lib/python3/dist-packages/colcon_core/task/python/colcon_distutils_commands:/home/pranabpandey31/rostasks/task1/task1_bot/install/task1_bot/lib/python3.10/site-packages:${PYTHONPATH} /usr/bin/python3 -W ignore:setup.py install is deprecated setup.py egg_info --egg-base ../build/task1_bot build --build-base /home/pranabpandey31/rostasks/task1/task1_bot/build/task1_bot/build install --record /home/pranabpandey31/rostasks/task1/task1_bot/build/task1_bot/install.log --single-version-externally-managed install_data
[2.500s] running egg_info
[2.503s] writing ../build/task1_bot/task1_bot.egg-info/PKG-INFO
[2.504s] writing dependency_links to ../build/task1_bot/task1_bot.egg-info/dependency_links.txt
[2.505s] writing entry points to ../build/task1_bot/task1_bot.egg-info/entry_points.txt
[2.506s] writing requirements to ../build/task1_bot/task1_bot.egg-info/requires.txt
[2.507s] writing top-level names to ../build/task1_bot/task1_bot.egg-info/top_level.txt
[2.511s] reading manifest file '../build/task1_bot/task1_bot.egg-info/SOURCES.txt'
[2.515s] writing manifest file '../build/task1_bot/task1_bot.egg-info/SOURCES.txt'
[2.516s] running build
[2.516s] running build_py
[2.517s] running install
[2.518s] running install_lib
[2.524s] running install_data
[2.525s] copying launch/statepublisher.py -> /home/pranabpandey31/rostasks/task1/task1_bot/install/task1_bot/share/task1_bot/launch
[2.527s] copying urdf/rover_description.urdf -> /home/pranabpandey31/rostasks/task1/task1_bot/install/task1_bot/share/task1_bot/urdf
[2.528s] running install_egg_info
[2.534s] removing '/home/pranabpandey31/rostasks/task1/task1_bot/install/task1_bot/lib/python3.10/site-packages/task1_bot-0.0.0-py3.10.egg-info' (and everything under it)
[2.536s] Copying ../build/task1_bot/task1_bot.egg-info to /home/pranabpandey31/rostasks/task1/task1_bot/install/task1_bot/lib/python3.10/site-packages/task1_bot-0.0.0-py3.10.egg-info
[2.544s] running install_scripts
[2.607s] Installing cmd_velNode script to /home/pranabpandey31/rostasks/task1/task1_bot/install/task1_bot/lib/task1_bot
[2.609s] writing list of installed files to '/home/pranabpandey31/rostasks/task1/task1_bot/build/task1_bot/install.log'
[2.698s] Invoked command in '/home/pranabpandey31/rostasks/task1/task1_bot/src' returned '0': PYTHONPATH=/home/pranabpandey31/rostasks/task1/task1_bot/build/task1_bot/prefix_override:/usr/lib/python3/dist-packages/colcon_core/task/python/colcon_distutils_commands:/home/pranabpandey31/rostasks/task1/task1_bot/install/task1_bot/lib/python3.10/site-packages:${PYTHONPATH} /usr/bin/python3 -W ignore:setup.py install is deprecated setup.py egg_info --egg-base ../build/task1_bot build --build-base /home/pranabpandey31/rostasks/task1/task1_bot/build/task1_bot/build install --record /home/pranabpandey31/rostasks/task1/task1_bot/build/task1_bot/install.log --single-version-externally-managed install_data
