[1.127s] DEBUG:colcon:Command line arguments: ['/usr/bin/colcon', 'build']
[1.128s] DEBUG:colcon:Parsed command line arguments: Namespace(log_base=None, log_level=None, verb_name='build', build_base='build', install_base='install', merge_install=False, symlink_install=False, test_result_base=None, continue_on_error=False, executor='parallel', parallel_workers=16, event_handlers=None, ignore_user_meta=False, metas=['./colcon.meta'], base_paths=['.'], packages_ignore=None, packages_ignore_regex=None, paths=None, packages_up_to=None, packages_up_to_regex=None, packages_above=None, packages_above_and_dependencies=None, packages_above_depth=None, packages_select_by_dep=None, packages_skip_by_dep=None, packages_skip_up_to=None, packages_select_build_failed=False, packages_skip_build_finished=False, packages_select_test_failures=False, packages_skip_test_passed=False, packages_select=None, packages_skip=None, packages_select_regex=None, packages_skip_regex=None, packages_start=None, packages_end=None, allow_overriding=[], cmake_args=None, cmake_target=None, cmake_target_skip_unavailable=False, cmake_clean_cache=False, cmake_clean_first=False, cmake_force_configure=False, ament_cmake_args=None, catkin_cmake_args=None, catkin_skip_building_tests=False, mixin_files=None, mixin=None, verb_parser=<colcon_mixin.mixin.mixin_argument.MixinArgumentDecorator object at 0x7f303c45eaa0>, verb_extension=<colcon_core.verb.build.BuildVerb object at 0x7f303c45e4a0>, main=<bound method BuildVerb.main of <colcon_core.verb.build.BuildVerb object at 0x7f303c45e4a0>>, mixin_verb=('build',))
[1.952s] Level 1:colcon.colcon_core.package_discovery:discover_packages(colcon_meta) check parameters
[1.953s] Level 1:colcon.colcon_core.package_discovery:discover_packages(recursive) check parameters
[1.953s] Level 1:colcon.colcon_core.package_discovery:discover_packages(ignore) check parameters
[1.953s] Level 1:colcon.colcon_core.package_discovery:discover_packages(path) check parameters
[1.953s] Level 1:colcon.colcon_core.package_discovery:discover_packages(colcon_meta) discover
[1.953s] Level 1:colcon.colcon_core.package_discovery:discover_packages(recursive) discover
[1.953s] INFO:colcon.colcon_core.package_discovery:Crawling recursively for packages in '/home/pranabpandey31/rostasks/task4/task4_bot'
[1.953s] Level 1:colcon.colcon_core.package_identification:_identify(.) by extensions ['ignore', 'ignore_ament_install']
[1.954s] Level 1:colcon.colcon_core.package_identification:_identify(.) by extension 'ignore'
[1.954s] Level 1:colcon.colcon_core.package_identification:_identify(.) by extension 'ignore_ament_install'
[1.954s] Level 1:colcon.colcon_core.package_identification:_identify(.) by extensions ['colcon_pkg']
[1.955s] Level 1:colcon.colcon_core.package_identification:_identify(.) by extension 'colcon_pkg'
[1.955s] Level 1:colcon.colcon_core.package_identification:_identify(.) by extensions ['colcon_meta']
[1.955s] Level 1:colcon.colcon_core.package_identification:_identify(.) by extension 'colcon_meta'
[1.955s] Level 1:colcon.colcon_core.package_identification:_identify(.) by extensions ['ros']
[1.955s] Level 1:colcon.colcon_core.package_identification:_identify(.) by extension 'ros'
[2.016s] Level 1:colcon.colcon_core.package_identification:_identify(.) by extensions ['cmake', 'python']
[2.017s] Level 1:colcon.colcon_core.package_identification:_identify(.) by extension 'cmake'
[2.017s] Level 1:colcon.colcon_core.package_identification:_identify(.) by extension 'python'
[2.017s] Level 1:colcon.colcon_core.package_identification:_identify(.) by extensions ['python_setup_py']
[2.018s] Level 1:colcon.colcon_core.package_identification:_identify(.) by extension 'python_setup_py'
[2.018s] Level 1:colcon.colcon_core.package_identification:_identify(build) by extensions ['ignore', 'ignore_ament_install']
[2.019s] Level 1:colcon.colcon_core.package_identification:_identify(build) by extension 'ignore'
[2.020s] Level 1:colcon.colcon_core.package_identification:_identify(build) ignored
[2.020s] Level 1:colcon.colcon_core.package_identification:_identify(install) by extensions ['ignore', 'ignore_ament_install']
[2.021s] Level 1:colcon.colcon_core.package_identification:_identify(install) by extension 'ignore'
[2.021s] Level 1:colcon.colcon_core.package_identification:_identify(install) ignored
[2.023s] Level 1:colcon.colcon_core.package_identification:_identify(log) by extensions ['ignore', 'ignore_ament_install']
[2.024s] Level 1:colcon.colcon_core.package_identification:_identify(log) by extension 'ignore'
[2.024s] Level 1:colcon.colcon_core.package_identification:_identify(log) ignored
[2.025s] Level 1:colcon.colcon_core.package_identification:_identify(src) by extensions ['ignore', 'ignore_ament_install']
[2.025s] Level 1:colcon.colcon_core.package_identification:_identify(src) by extension 'ignore'
[2.025s] Level 1:colcon.colcon_core.package_identification:_identify(src) by extension 'ignore_ament_install'
[2.025s] Level 1:colcon.colcon_core.package_identification:_identify(src) by extensions ['colcon_pkg']
[2.026s] Level 1:colcon.colcon_core.package_identification:_identify(src) by extension 'colcon_pkg'
[2.026s] Level 1:colcon.colcon_core.package_identification:_identify(src) by extensions ['colcon_meta']
[2.026s] Level 1:colcon.colcon_core.package_identification:_identify(src) by extension 'colcon_meta'
[2.027s] Level 1:colcon.colcon_core.package_identification:_identify(src) by extensions ['ros']
[2.027s] Level 1:colcon.colcon_core.package_identification:_identify(src) by extension 'ros'
[2.036s] DEBUG:colcon.colcon_core.package_identification:Package 'src' with type 'ros.ament_python' and name 'task4_bot'
[2.037s] Level 1:colcon.colcon_core.package_discovery:discover_packages(recursive) using defaults
[2.037s] Level 1:colcon.colcon_core.package_discovery:discover_packages(ignore) discover
[2.037s] Level 1:colcon.colcon_core.package_discovery:discover_packages(ignore) using defaults
[2.037s] Level 1:colcon.colcon_core.package_discovery:discover_packages(path) discover
[2.037s] Level 1:colcon.colcon_core.package_discovery:discover_packages(path) using defaults
[2.197s] Level 1:colcon.colcon_core.package_discovery:discover_packages(prefix_path) check parameters
[2.197s] Level 1:colcon.colcon_core.package_discovery:discover_packages(prefix_path) discover
[2.206s] DEBUG:colcon.colcon_installed_package_information.package_discovery:Found 1 installed packages in /home/pranabpandey31/rostasks/task4/task4_bot/install
[2.209s] DEBUG:colcon.colcon_installed_package_information.package_discovery:Found 14 installed packages in /home/pranabpandey31/turtlebot3_ws/install
[2.214s] DEBUG:colcon.colcon_installed_package_information.package_discovery:Found 345 installed packages in /opt/ros/humble
[2.221s] Level 1:colcon.colcon_core.package_discovery:discover_packages(prefix_path) using defaults
[2.436s] Level 5:colcon.colcon_core.verb:set package 'task4_bot' build argument 'cmake_args' from command line to 'None'
[2.437s] Level 5:colcon.colcon_core.verb:set package 'task4_bot' build argument 'cmake_target' from command line to 'None'
[2.437s] Level 5:colcon.colcon_core.verb:set package 'task4_bot' build argument 'cmake_target_skip_unavailable' from command line to 'False'
[2.437s] Level 5:colcon.colcon_core.verb:set package 'task4_bot' build argument 'cmake_clean_cache' from command line to 'False'
[2.437s] Level 5:colcon.colcon_core.verb:set package 'task4_bot' build argument 'cmake_clean_first' from command line to 'False'
[2.438s] Level 5:colcon.colcon_core.verb:set package 'task4_bot' build argument 'cmake_force_configure' from command line to 'False'
[2.438s] Level 5:colcon.colcon_core.verb:set package 'task4_bot' build argument 'ament_cmake_args' from command line to 'None'
[2.438s] Level 5:colcon.colcon_core.verb:set package 'task4_bot' build argument 'catkin_cmake_args' from command line to 'None'
[2.438s] Level 5:colcon.colcon_core.verb:set package 'task4_bot' build argument 'catkin_skip_building_tests' from command line to 'False'
[2.438s] DEBUG:colcon.colcon_core.verb:Building package 'task4_bot' with the following arguments: {'ament_cmake_args': None, 'build_base': '/home/pranabpandey31/rostasks/task4/task4_bot/build/task4_bot', 'catkin_cmake_args': None, 'catkin_skip_building_tests': False, 'cmake_args': None, 'cmake_clean_cache': False, 'cmake_clean_first': False, 'cmake_force_configure': False, 'cmake_target': None, 'cmake_target_skip_unavailable': False, 'install_base': '/home/pranabpandey31/rostasks/task4/task4_bot/install/task4_bot', 'merge_install': False, 'path': '/home/pranabpandey31/rostasks/task4/task4_bot/src', 'symlink_install': False, 'test_result_base': None}
[2.440s] INFO:colcon.colcon_core.executor:Executing jobs using 'parallel' executor
[2.446s] DEBUG:colcon.colcon_parallel_executor.executor.parallel:run_until_complete
[2.447s] INFO:colcon.colcon_ros.task.ament_python.build:Building ROS package in '/home/pranabpandey31/rostasks/task4/task4_bot/src' with build type 'ament_python'
[2.448s] Level 1:colcon.colcon_core.shell:create_environment_hook('task4_bot', 'ament_prefix_path')
[2.467s] INFO:colcon.colcon_core.plugin_system:Skipping extension 'colcon_core.shell.bat': Not used on non-Windows systems
[2.468s] INFO:colcon.colcon_core.shell:Creating environment hook '/home/pranabpandey31/rostasks/task4/task4_bot/install/task4_bot/share/task4_bot/hook/ament_prefix_path.ps1'
[2.473s] INFO:colcon.colcon_core.shell:Creating environment descriptor '/home/pranabpandey31/rostasks/task4/task4_bot/install/task4_bot/share/task4_bot/hook/ament_prefix_path.dsv'
[2.475s] INFO:colcon.colcon_core.shell:Creating environment hook '/home/pranabpandey31/rostasks/task4/task4_bot/install/task4_bot/share/task4_bot/hook/ament_prefix_path.sh'
[2.479s] INFO:colcon.colcon_core.shell:Skip shell extension 'powershell' for command environment: Not usable outside of PowerShell
[2.480s] DEBUG:colcon.colcon_core.shell:Skip shell extension 'dsv' for command environment
[4.778s] INFO:colcon.colcon_core.task.python.build:Building Python package in '/home/pranabpandey31/rostasks/task4/task4_bot/src'
[4.780s] INFO:colcon.colcon_core.shell:Skip shell extension 'powershell' for command environment: Not usable outside of PowerShell
[4.780s] DEBUG:colcon.colcon_core.shell:Skip shell extension 'dsv' for command environment
[6.433s] DEBUG:colcon.colcon_core.event_handler.log_command:Invoking command in '/home/pranabpandey31/rostasks/task4/task4_bot/src': PYTHONPATH=/home/pranabpandey31/rostasks/task4/task4_bot/build/task4_bot/prefix_override:/usr/lib/python3/dist-packages/colcon_core/task/python/colcon_distutils_commands:/home/pranabpandey31/rostasks/task4/task4_bot/install/task4_bot/lib/python3.10/site-packages:${PYTHONPATH} /usr/bin/python3 -W ignore:setup.py install is deprecated setup.py egg_info --egg-base ../build/task4_bot build --build-base /home/pranabpandey31/rostasks/task4/task4_bot/build/task4_bot/build install --record /home/pranabpandey31/rostasks/task4/task4_bot/build/task4_bot/install.log --single-version-externally-managed install_data
[7.732s] DEBUG:colcon.colcon_core.event_handler.log_command:Invoked command in '/home/pranabpandey31/rostasks/task4/task4_bot/src' returned '0': PYTHONPATH=/home/pranabpandey31/rostasks/task4/task4_bot/build/task4_bot/prefix_override:/usr/lib/python3/dist-packages/colcon_core/task/python/colcon_distutils_commands:/home/pranabpandey31/rostasks/task4/task4_bot/install/task4_bot/lib/python3.10/site-packages:${PYTHONPATH} /usr/bin/python3 -W ignore:setup.py install is deprecated setup.py egg_info --egg-base ../build/task4_bot build --build-base /home/pranabpandey31/rostasks/task4/task4_bot/build/task4_bot/build install --record /home/pranabpandey31/rostasks/task4/task4_bot/build/task4_bot/install.log --single-version-externally-managed install_data
[7.748s] Level 1:colcon.colcon_core.environment:checking '/home/pranabpandey31/rostasks/task4/task4_bot/install/task4_bot' for CMake module files
[7.750s] Level 1:colcon.colcon_core.environment:checking '/home/pranabpandey31/rostasks/task4/task4_bot/install/task4_bot' for CMake config files
[7.754s] Level 1:colcon.colcon_core.environment:checking '/home/pranabpandey31/rostasks/task4/task4_bot/install/task4_bot/lib'
[7.756s] Level 1:colcon.colcon_core.environment:checking '/home/pranabpandey31/rostasks/task4/task4_bot/install/task4_bot/bin'
[7.757s] Level 1:colcon.colcon_core.environment:checking '/home/pranabpandey31/rostasks/task4/task4_bot/install/task4_bot/lib/pkgconfig/task4_bot.pc'
[7.757s] Level 1:colcon.colcon_core.environment:checking '/home/pranabpandey31/rostasks/task4/task4_bot/install/task4_bot/lib/python3.10/site-packages'
[7.757s] Level 1:colcon.colcon_core.shell:create_environment_hook('task4_bot', 'pythonpath')
[7.758s] INFO:colcon.colcon_core.shell:Creating environment hook '/home/pranabpandey31/rostasks/task4/task4_bot/install/task4_bot/share/task4_bot/hook/pythonpath.ps1'
[7.760s] INFO:colcon.colcon_core.shell:Creating environment descriptor '/home/pranabpandey31/rostasks/task4/task4_bot/install/task4_bot/share/task4_bot/hook/pythonpath.dsv'
[7.762s] INFO:colcon.colcon_core.shell:Creating environment hook '/home/pranabpandey31/rostasks/task4/task4_bot/install/task4_bot/share/task4_bot/hook/pythonpath.sh'
[7.764s] Level 1:colcon.colcon_core.environment:checking '/home/pranabpandey31/rostasks/task4/task4_bot/install/task4_bot/bin'
[7.765s] Level 1:colcon.colcon_core.environment:create_environment_scripts_only(task4_bot)
[7.766s] INFO:colcon.colcon_core.shell:Creating package script '/home/pranabpandey31/rostasks/task4/task4_bot/install/task4_bot/share/task4_bot/package.ps1'
[7.770s] INFO:colcon.colcon_core.shell:Creating package descriptor '/home/pranabpandey31/rostasks/task4/task4_bot/install/task4_bot/share/task4_bot/package.dsv'
[7.774s] INFO:colcon.colcon_core.shell:Creating package script '/home/pranabpandey31/rostasks/task4/task4_bot/install/task4_bot/share/task4_bot/package.sh'
[7.778s] INFO:colcon.colcon_core.shell:Creating package script '/home/pranabpandey31/rostasks/task4/task4_bot/install/task4_bot/share/task4_bot/package.bash'
[7.781s] INFO:colcon.colcon_core.shell:Creating package script '/home/pranabpandey31/rostasks/task4/task4_bot/install/task4_bot/share/task4_bot/package.zsh'
[7.783s] Level 1:colcon.colcon_core.environment:create_file_with_runtime_dependencies(/home/pranabpandey31/rostasks/task4/task4_bot/install/task4_bot/share/colcon-core/packages/task4_bot)
[7.785s] DEBUG:colcon.colcon_parallel_executor.executor.parallel:closing loop
[7.788s] DEBUG:colcon.colcon_parallel_executor.executor.parallel:loop closed
[7.788s] DEBUG:colcon.colcon_parallel_executor.executor.parallel:run_until_complete finished with '0'
[7.789s] DEBUG:colcon.colcon_core.event_reactor:joining thread
[8.080s] INFO:colcon.colcon_core.plugin_system:Skipping extension 'colcon_notification.desktop_notification.notify_send': Could not find 'notify-send'
[8.081s] INFO:colcon.colcon_core.plugin_system:Skipping extension 'colcon_notification.desktop_notification.terminal_notifier': Not used on non-Darwin systems
[8.081s] INFO:colcon.colcon_core.plugin_system:Skipping extension 'colcon_notification.desktop_notification.win32': Not used on non-Windows systems
[8.081s] INFO:colcon.colcon_notification.desktop_notification:Sending desktop notification using 'notify2'
[8.081s] DEBUG:colcon.colcon_notification.desktop_notification.notify2:Failed to initialize notify2: org.freedesktop.DBus.Error.FileNotFound: Failed to connect to socket /run/user/1000/bus: No such file or directory
[8.082s] DEBUG:colcon.colcon_core.event_reactor:joined thread
[8.082s] INFO:colcon.colcon_core.shell:Creating prefix script '/home/pranabpandey31/rostasks/task4/task4_bot/install/local_setup.ps1'
[8.086s] INFO:colcon.colcon_core.shell:Creating prefix util module '/home/pranabpandey31/rostasks/task4/task4_bot/install/_local_setup_util_ps1.py'
[8.090s] INFO:colcon.colcon_core.shell:Creating prefix chain script '/home/pranabpandey31/rostasks/task4/task4_bot/install/setup.ps1'
[8.096s] INFO:colcon.colcon_core.shell:Creating prefix script '/home/pranabpandey31/rostasks/task4/task4_bot/install/local_setup.sh'
[8.098s] INFO:colcon.colcon_core.shell:Creating prefix util module '/home/pranabpandey31/rostasks/task4/task4_bot/install/_local_setup_util_sh.py'
[8.100s] INFO:colcon.colcon_core.shell:Creating prefix chain script '/home/pranabpandey31/rostasks/task4/task4_bot/install/setup.sh'
[8.106s] INFO:colcon.colcon_core.shell:Creating prefix script '/home/pranabpandey31/rostasks/task4/task4_bot/install/local_setup.bash'
[8.108s] INFO:colcon.colcon_core.shell:Creating prefix chain script '/home/pranabpandey31/rostasks/task4/task4_bot/install/setup.bash'
[8.112s] INFO:colcon.colcon_core.shell:Creating prefix script '/home/pranabpandey31/rostasks/task4/task4_bot/install/local_setup.zsh'
[8.115s] INFO:colcon.colcon_core.shell:Creating prefix chain script '/home/pranabpandey31/rostasks/task4/task4_bot/install/setup.zsh'
