[2.398s] Invoking command in '/home/pranabpandey31/rostasks/task4/task4_bot/src': PYTHONPATH=/home/pranabpandey31/rostasks/task4/task4_bot/build/task4_bot/prefix_override:/usr/lib/python3/dist-packages/colcon_core/task/python/colcon_distutils_commands:/home/pranabpandey31/rostasks/task4/task4_bot/install/task4_bot/lib/python3.10/site-packages:${PYTHONPATH} /usr/bin/python3 -W ignore:setup.py install is deprecated setup.py egg_info --egg-base ../build/task4_bot build --build-base /home/pranabpandey31/rostasks/task4/task4_bot/build/task4_bot/build install --record /home/pranabpandey31/rostasks/task4/task4_bot/build/task4_bot/install.log --single-version-externally-managed install_data
[3.069s] running egg_info
[3.072s] writing ../build/task4_bot/task4_bot.egg-info/PKG-INFO
[3.074s] writing dependency_links to ../build/task4_bot/task4_bot.egg-info/dependency_links.txt
[3.075s] writing entry points to ../build/task4_bot/task4_bot.egg-info/entry_points.txt
[3.076s] writing requirements to ../build/task4_bot/task4_bot.egg-info/requires.txt
[3.077s] writing top-level names to ../build/task4_bot/task4_bot.egg-info/top_level.txt
[3.082s] reading manifest file '../build/task4_bot/task4_bot.egg-info/SOURCES.txt'
[3.085s] writing manifest file '../build/task4_bot/task4_bot.egg-info/SOURCES.txt'
[3.085s] running build
[3.085s] running build_py
[3.085s] running install
[3.086s] running install_lib
[3.092s] running install_data
[3.093s] running install_egg_info
[3.097s] removing '/home/pranabpandey31/rostasks/task4/task4_bot/install/task4_bot/lib/python3.10/site-packages/task4_bot-0.0.0-py3.10.egg-info' (and everything under it)
[3.099s] Copying ../build/task4_bot/task4_bot.egg-info to /home/pranabpandey31/rostasks/task4/task4_bot/install/task4_bot/lib/python3.10/site-packages/task4_bot-0.0.0-py3.10.egg-info
[3.105s] running install_scripts
[3.173s] writing list of installed files to '/home/pranabpandey31/rostasks/task4/task4_bot/build/task4_bot/install.log'
[3.282s] Invoked command in '/home/pranabpandey31/rostasks/task4/task4_bot/src' returned '0': PYTHONPATH=/home/pranabpandey31/rostasks/task4/task4_bot/build/task4_bot/prefix_override:/usr/lib/python3/dist-packages/colcon_core/task/python/colcon_distutils_commands:/home/pranabpandey31/rostasks/task4/task4_bot/install/task4_bot/lib/python3.10/site-packages:${PYTHONPATH} /usr/bin/python3 -W ignore:setup.py install is deprecated setup.py egg_info --egg-base ../build/task4_bot build --build-base /home/pranabpandey31/rostasks/task4/task4_bot/build/task4_bot/build install --record /home/pranabpandey31/rostasks/task4/task4_bot/build/task4_bot/install.log --single-version-externally-managed install_data
