[3.027s] Invoking command in '/home/pranabpandey31/rostasks/task1/task1_bot/src': PYTHONPATH=/home/pranabpandey31/rostasks/task1/task1_bot/build/task1_bot/prefix_override:/usr/lib/python3/dist-packages/colcon_core/task/python/colcon_distutils_commands:/home/pranabpandey31/rostasks/task1/task1_bot/install/task1_bot/lib/python3.10/site-packages:${PYTHONPATH} /usr/bin/python3 -W ignore:setup.py install is deprecated setup.py egg_info --egg-base ../build/task1_bot build --build-base /home/pranabpandey31/rostasks/task1/task1_bot/build/task1_bot/build install --record /home/pranabpandey31/rostasks/task1/task1_bot/build/task1_bot/install.log --single-version-externally-managed install_data
[4.049s] running egg_info
[4.052s] writing ../build/task1_bot/task1_bot.egg-info/PKG-INFO
[4.053s] writing dependency_links to ../build/task1_bot/task1_bot.egg-info/dependency_links.txt
[4.053s] writing entry points to ../build/task1_bot/task1_bot.egg-info/entry_points.txt
[4.054s] writing requirements to ../build/task1_bot/task1_bot.egg-info/requires.txt
[4.055s] writing top-level names to ../build/task1_bot/task1_bot.egg-info/top_level.txt
[4.061s] reading manifest file '../build/task1_bot/task1_bot.egg-info/SOURCES.txt'
[4.065s] writing manifest file '../build/task1_bot/task1_bot.egg-info/SOURCES.txt'
[4.067s] running build
[4.067s] running build_py
[4.068s] running install
[4.071s] running install_lib
[4.080s] running install_data
[4.081s] copying launch/statepublisher.py -> /home/pranabpandey31/rostasks/task1/task1_bot/install/task1_bot/share/task1_bot/launch
[4.084s] running install_egg_info
[4.091s] removing '/home/pranabpandey31/rostasks/task1/task1_bot/install/task1_bot/lib/python3.10/site-packages/task1_bot-0.0.0-py3.10.egg-info' (and everything under it)
[4.093s] Copying ../build/task1_bot/task1_bot.egg-info to /home/pranabpandey31/rostasks/task1/task1_bot/install/task1_bot/lib/python3.10/site-packages/task1_bot-0.0.0-py3.10.egg-info
[4.103s] running install_scripts
[4.180s] writing list of installed files to '/home/pranabpandey31/rostasks/task1/task1_bot/build/task1_bot/install.log'
[4.274s] Invoked command in '/home/pranabpandey31/rostasks/task1/task1_bot/src' returned '0': PYTHONPATH=/home/pranabpandey31/rostasks/task1/task1_bot/build/task1_bot/prefix_override:/usr/lib/python3/dist-packages/colcon_core/task/python/colcon_distutils_commands:/home/pranabpandey31/rostasks/task1/task1_bot/install/task1_bot/lib/python3.10/site-packages:${PYTHONPATH} /usr/bin/python3 -W ignore:setup.py install is deprecated setup.py egg_info --egg-base ../build/task1_bot build --build-base /home/pranabpandey31/rostasks/task1/task1_bot/build/task1_bot/build install --record /home/pranabpandey31/rostasks/task1/task1_bot/build/task1_bot/install.log --single-version-externally-managed install_data
