[2.576s] Invoking command in '/home/pranabpandey31/rostasks/task4/task4_bot/src': PYTHONPATH=/home/pranabpandey31/rostasks/task4/task4_bot/build/task4_bot/prefix_override:/usr/lib/python3/dist-packages/colcon_core/task/python/colcon_distutils_commands:/home/pranabpandey31/rostasks/task4/task4_bot/install/task4_bot/lib/python3.10/site-packages:${PYTHONPATH} /usr/bin/python3 -W ignore:setup.py install is deprecated setup.py egg_info --egg-base ../build/task4_bot build --build-base /home/pranabpandey31/rostasks/task4/task4_bot/build/task4_bot/build install --record /home/pranabpandey31/rostasks/task4/task4_bot/build/task4_bot/install.log --single-version-externally-managed install_data
[3.528s] running egg_info
[3.531s] writing ../build/task4_bot/task4_bot.egg-info/PKG-INFO
[3.532s] writing dependency_links to ../build/task4_bot/task4_bot.egg-info/dependency_links.txt
[3.533s] writing entry points to ../build/task4_bot/task4_bot.egg-info/entry_points.txt
[3.535s] writing requirements to ../build/task4_bot/task4_bot.egg-info/requires.txt
[3.535s] writing top-level names to ../build/task4_bot/task4_bot.egg-info/top_level.txt
[3.540s] reading manifest file '../build/task4_bot/task4_bot.egg-info/SOURCES.txt'
[3.544s] writing manifest file '../build/task4_bot/task4_bot.egg-info/SOURCES.txt'
[3.544s] running build
[3.545s] running build_py
[3.546s] running install
[3.548s] running install_lib
[3.557s] running install_data
[3.558s] copying launch/gazebolaunch.py -> /home/pranabpandey31/rostasks/task4/task4_bot/install/task4_bot/share/task4_bot/launch
[3.559s] running install_egg_info
[3.568s] removing '/home/pranabpandey31/rostasks/task4/task4_bot/install/task4_bot/lib/python3.10/site-packages/task4_bot-0.0.0-py3.10.egg-info' (and everything under it)
[3.572s] Copying ../build/task4_bot/task4_bot.egg-info to /home/pranabpandey31/rostasks/task4/task4_bot/install/task4_bot/lib/python3.10/site-packages/task4_bot-0.0.0-py3.10.egg-info
[3.580s] running install_scripts
[3.677s] writing list of installed files to '/home/pranabpandey31/rostasks/task4/task4_bot/build/task4_bot/install.log'
[3.841s] Invoked command in '/home/pranabpandey31/rostasks/task4/task4_bot/src' returned '0': PYTHONPATH=/home/pranabpandey31/rostasks/task4/task4_bot/build/task4_bot/prefix_override:/usr/lib/python3/dist-packages/colcon_core/task/python/colcon_distutils_commands:/home/pranabpandey31/rostasks/task4/task4_bot/install/task4_bot/lib/python3.10/site-packages:${PYTHONPATH} /usr/bin/python3 -W ignore:setup.py install is deprecated setup.py egg_info --egg-base ../build/task4_bot build --build-base /home/pranabpandey31/rostasks/task4/task4_bot/build/task4_bot/build install --record /home/pranabpandey31/rostasks/task4/task4_bot/build/task4_bot/install.log --single-version-externally-managed install_data
