running egg_info
writing ../build/task4_bot/task4_bot.egg-info/PKG-INFO
writing dependency_links to ../build/task4_bot/task4_bot.egg-info/dependency_links.txt
writing entry points to ../build/task4_bot/task4_bot.egg-info/entry_points.txt
writing requirements to ../build/task4_bot/task4_bot.egg-info/requires.txt
writing top-level names to ../build/task4_bot/task4_bot.egg-info/top_level.txt
reading manifest file '../build/task4_bot/task4_bot.egg-info/SOURCES.txt'
writing manifest file '../build/task4_bot/task4_bot.egg-info/SOURCES.txt'
running build
running build_py
running install
running install_lib
running install_data
copying launch/tb3.launch.py -> /home/pranabpandey31/rostasks/task4/task4_bot/install/task4_bot/share/task4_bot/launch
copying launch/gazebolaunch.py -> /home/pranabpandey31/rostasks/task4/task4_bot/install/task4_bot/share/task4_bot/launch
copying urdf/my_bot.urdf -> /home/pranabpandey31/rostasks/task4/task4_bot/install/task4_bot/share/task4_bot/urdf
running install_egg_info
removing '/home/pranabpandey31/rostasks/task4/task4_bot/install/task4_bot/lib/python3.10/site-packages/task4_bot-0.0.0-py3.10.egg-info' (and everything under it)
Copying ../build/task4_bot/task4_bot.egg-info to /home/pranabpandey31/rostasks/task4/task4_bot/install/task4_bot/lib/python3.10/site-packages/task4_bot-0.0.0-py3.10.egg-info
running install_scripts
writing list of installed files to '/home/pranabpandey31/rostasks/task4/task4_bot/build/task4_bot/install.log'
