[1.663s] Invoking command in '/home/pranabpandey31/rostasks/task1/task1_bot/src': PYTHONPATH=/home/pranabpandey31/rostasks/task1/task1_bot/build/task1_bot/prefix_override:/usr/lib/python3/dist-packages/colcon_core/task/python/colcon_distutils_commands:/home/pranabpandey31/rostasks/task1/task1_bot/install/task1_bot/lib/python3.10/site-packages:${PYTHONPATH} /usr/bin/python3 -W ignore:setup.py install is deprecated setup.py egg_info --egg-base ../build/task1_bot build --build-base /home/pranabpandey31/rostasks/task1/task1_bot/build/task1_bot/build install --record /home/pranabpandey31/rostasks/task1/task1_bot/build/task1_bot/install.log --single-version-externally-managed install_data
[2.201s] running egg_info
[2.203s] writing ../build/task1_bot/task1_bot.egg-info/PKG-INFO
[2.204s] writing dependency_links to ../build/task1_bot/task1_bot.egg-info/dependency_links.txt
[2.204s] writing entry points to ../build/task1_bot/task1_bot.egg-info/entry_points.txt
[2.205s] writing requirements to ../build/task1_bot/task1_bot.egg-info/requires.txt
[2.206s] writing top-level names to ../build/task1_bot/task1_bot.egg-info/top_level.txt
[2.210s] reading manifest file '../build/task1_bot/task1_bot.egg-info/SOURCES.txt'
[2.213s] writing manifest file '../build/task1_bot/task1_bot.egg-info/SOURCES.txt'
[2.214s] running build
[2.215s] running build_py
[2.215s] running install
[2.217s] running install_lib
[2.223s] running install_data
[2.224s] copying urdf/rover_description.urdf -> /home/pranabpandey31/rostasks/task1/task1_bot/install/task1_bot/share/task1_bot/urdf
[2.225s] running install_egg_info
[2.231s] removing '/home/pranabpandey31/rostasks/task1/task1_bot/install/task1_bot/lib/python3.10/site-packages/task1_bot-0.0.0-py3.10.egg-info' (and everything under it)
[2.233s] Copying ../build/task1_bot/task1_bot.egg-info to /home/pranabpandey31/rostasks/task1/task1_bot/install/task1_bot/lib/python3.10/site-packages/task1_bot-0.0.0-py3.10.egg-info
[2.238s] running install_scripts
[2.313s] Installing cmd_velNode script to /home/pranabpandey31/rostasks/task1/task1_bot/install/task1_bot/lib/task1_bot
[2.315s] writing list of installed files to '/home/pranabpandey31/rostasks/task1/task1_bot/build/task1_bot/install.log'
[2.419s] Invoked command in '/home/pranabpandey31/rostasks/task1/task1_bot/src' returned '0': PYTHONPATH=/home/pranabpandey31/rostasks/task1/task1_bot/build/task1_bot/prefix_override:/usr/lib/python3/dist-packages/colcon_core/task/python/colcon_distutils_commands:/home/pranabpandey31/rostasks/task1/task1_bot/install/task1_bot/lib/python3.10/site-packages:${PYTHONPATH} /usr/bin/python3 -W ignore:setup.py install is deprecated setup.py egg_info --egg-base ../build/task1_bot build --build-base /home/pranabpandey31/rostasks/task1/task1_bot/build/task1_bot/build install --record /home/pranabpandey31/rostasks/task1/task1_bot/build/task1_bot/install.log --single-version-externally-managed install_data
