[1.459s] Invoking command in '/home/pranabpandey31/rostasks/task1/task1_bot/src': PYTHONPATH=/home/pranabpandey31/rostasks/task1/task1_bot/build/task1_bot/prefix_override:/usr/lib/python3/dist-packages/colcon_core/task/python/colcon_distutils_commands:/home/pranabpandey31/rostasks/task1/task1_bot/install/task1_bot/lib/python3.10/site-packages:${PYTHONPATH} /usr/bin/python3 -W ignore:setup.py install is deprecated setup.py egg_info --egg-base ../build/task1_bot build --build-base /home/pranabpandey31/rostasks/task1/task1_bot/build/task1_bot/build install --record /home/pranabpandey31/rostasks/task1/task1_bot/build/task1_bot/install.log --single-version-externally-managed install_data
[1.968s] running egg_info
[1.969s] writing ../build/task1_bot/task1_bot.egg-info/PKG-INFO
[1.970s] writing dependency_links to ../build/task1_bot/task1_bot.egg-info/dependency_links.txt
[1.971s] writing entry points to ../build/task1_bot/task1_bot.egg-info/entry_points.txt
[1.971s] writing requirements to ../build/task1_bot/task1_bot.egg-info/requires.txt
[1.972s] writing top-level names to ../build/task1_bot/task1_bot.egg-info/top_level.txt
[1.976s] reading manifest file '../build/task1_bot/task1_bot.egg-info/SOURCES.txt'
[1.978s] writing manifest file '../build/task1_bot/task1_bot.egg-info/SOURCES.txt'
[1.979s] running build
[1.980s] running build_py
[1.981s] running install
[1.982s] running install_lib
[1.986s] running install_data
[1.987s] copying urdf/rover_description.urdf -> /home/pranabpandey31/rostasks/task1/task1_bot/install/task1_bot/share/task1_bot/urdf
[1.988s] running install_egg_info
[1.992s] removing '/home/pranabpandey31/rostasks/task1/task1_bot/install/task1_bot/lib/python3.10/site-packages/task1_bot-0.0.0-py3.10.egg-info' (and everything under it)
[1.993s] Copying ../build/task1_bot/task1_bot.egg-info to /home/pranabpandey31/rostasks/task1/task1_bot/install/task1_bot/lib/python3.10/site-packages/task1_bot-0.0.0-py3.10.egg-info
[1.997s] running install_scripts
[2.040s] Installing cmd_velNode script to /home/pranabpandey31/rostasks/task1/task1_bot/install/task1_bot/lib/task1_bot
[2.041s] writing list of installed files to '/home/pranabpandey31/rostasks/task1/task1_bot/build/task1_bot/install.log'
[2.092s] Invoked command in '/home/pranabpandey31/rostasks/task1/task1_bot/src' returned '0': PYTHONPATH=/home/pranabpandey31/rostasks/task1/task1_bot/build/task1_bot/prefix_override:/usr/lib/python3/dist-packages/colcon_core/task/python/colcon_distutils_commands:/home/pranabpandey31/rostasks/task1/task1_bot/install/task1_bot/lib/python3.10/site-packages:${PYTHONPATH} /usr/bin/python3 -W ignore:setup.py install is deprecated setup.py egg_info --egg-base ../build/task1_bot build --build-base /home/pranabpandey31/rostasks/task1/task1_bot/build/task1_bot/build install --record /home/pranabpandey31/rostasks/task1/task1_bot/build/task1_bot/install.log --single-version-externally-managed install_data
