[1.658s] Invoking command in '/home/pranabpandey31/rostasks/task2/src/task2_bot': PYTHONPATH=/home/pranabpandey31/rostasks/task2/build/task2_bot/prefix_override:/usr/lib/python3/dist-packages/colcon_core/task/python/colcon_distutils_commands:/home/pranabpandey31/rostasks/task2/install/task2_bot/lib/python3.10/site-packages:${PYTHONPATH} /usr/bin/python3 -W ignore:setup.py install is deprecated setup.py egg_info --egg-base ../../build/task2_bot build --build-base /home/pranabpandey31/rostasks/task2/build/task2_bot/build install --record /home/pranabpandey31/rostasks/task2/build/task2_bot/install.log --single-version-externally-managed install_data
[2.161s] running egg_info
[2.162s] writing ../../build/task2_bot/task2_bot.egg-info/PKG-INFO
[2.163s] writing dependency_links to ../../build/task2_bot/task2_bot.egg-info/dependency_links.txt
[2.163s] writing entry points to ../../build/task2_bot/task2_bot.egg-info/entry_points.txt
[2.164s] writing requirements to ../../build/task2_bot/task2_bot.egg-info/requires.txt
[2.164s] writing top-level names to ../../build/task2_bot/task2_bot.egg-info/top_level.txt
[2.169s] reading manifest file '../../build/task2_bot/task2_bot.egg-info/SOURCES.txt'
[2.171s] writing manifest file '../../build/task2_bot/task2_bot.egg-info/SOURCES.txt'
[2.172s] running build
[2.172s] running build_py
[2.173s] copying task2_bot/joint_teleop.py -> /home/pranabpandey31/rostasks/task2/build/task2_bot/build/lib/task2_bot
[2.173s] running install
[2.174s] running install_lib
[2.177s] copying /home/pranabpandey31/rostasks/task2/build/task2_bot/build/lib/task2_bot/joint_teleop.py -> /home/pranabpandey31/rostasks/task2/install/task2_bot/lib/python3.10/site-packages/task2_bot
[2.178s] byte-compiling /home/pranabpandey31/rostasks/task2/install/task2_bot/lib/python3.10/site-packages/task2_bot/joint_teleop.py to joint_teleop.cpython-310.pyc
[2.180s] running install_data
[2.182s] running install_egg_info
[2.186s] removing '/home/pranabpandey31/rostasks/task2/install/task2_bot/lib/python3.10/site-packages/task2_bot-0.0.0-py3.10.egg-info' (and everything under it)
[2.187s] Copying ../../build/task2_bot/task2_bot.egg-info to /home/pranabpandey31/rostasks/task2/install/task2_bot/lib/python3.10/site-packages/task2_bot-0.0.0-py3.10.egg-info
[2.190s] running install_scripts
[2.232s] Installing joint_teleop_node script to /home/pranabpandey31/rostasks/task2/install/task2_bot/lib/task2_bot
[2.233s] writing list of installed files to '/home/pranabpandey31/rostasks/task2/build/task2_bot/install.log'
[2.291s] Invoked command in '/home/pranabpandey31/rostasks/task2/src/task2_bot' returned '0': PYTHONPATH=/home/pranabpandey31/rostasks/task2/build/task2_bot/prefix_override:/usr/lib/python3/dist-packages/colcon_core/task/python/colcon_distutils_commands:/home/pranabpandey31/rostasks/task2/install/task2_bot/lib/python3.10/site-packages:${PYTHONPATH} /usr/bin/python3 -W ignore:setup.py install is deprecated setup.py egg_info --egg-base ../../build/task2_bot build --build-base /home/pranabpandey31/rostasks/task2/build/task2_bot/build install --record /home/pranabpandey31/rostasks/task2/build/task2_bot/install.log --single-version-externally-managed install_data
