[1.418s] Invoking command in '/home/pranabpandey31/rostasks/task2/src/task2_bot': PYTHONPATH=/home/pranabpandey31/rostasks/task2/build/task2_bot/prefix_override:/usr/lib/python3/dist-packages/colcon_core/task/python/colcon_distutils_commands:/home/pranabpandey31/rostasks/task2/install/task2_bot/lib/python3.10/site-packages:${PYTHONPATH} /usr/bin/python3 -W ignore:setup.py install is deprecated setup.py egg_info --egg-base ../../build/task2_bot build --build-base /home/pranabpandey31/rostasks/task2/build/task2_bot/build install --record /home/pranabpandey31/rostasks/task2/build/task2_bot/install.log --single-version-externally-managed install_data
[1.976s] running egg_info
[1.977s] writing ../../build/task2_bot/task2_bot.egg-info/PKG-INFO
[1.978s] writing dependency_links to ../../build/task2_bot/task2_bot.egg-info/dependency_links.txt
[1.979s] writing entry points to ../../build/task2_bot/task2_bot.egg-info/entry_points.txt
[1.979s] writing requirements to ../../build/task2_bot/task2_bot.egg-info/requires.txt
[1.980s] writing top-level names to ../../build/task2_bot/task2_bot.egg-info/top_level.txt
[1.984s] reading manifest file '../../build/task2_bot/task2_bot.egg-info/SOURCES.txt'
[1.986s] writing manifest file '../../build/task2_bot/task2_bot.egg-info/SOURCES.txt'
[1.987s] running build
[1.988s] running build_py
[1.988s] copying task2_bot/joint_teleop.py -> /home/pranabpandey31/rostasks/task2/build/task2_bot/build/lib/task2_bot
[1.988s] running install
[1.989s] running install_lib
[1.992s] copying /home/pranabpandey31/rostasks/task2/build/task2_bot/build/lib/task2_bot/joint_teleop.py -> /home/pranabpandey31/rostasks/task2/install/task2_bot/lib/python3.10/site-packages/task2_bot
[1.994s] byte-compiling /home/pranabpandey31/rostasks/task2/install/task2_bot/lib/python3.10/site-packages/task2_bot/joint_teleop.py to joint_teleop.cpython-310.pyc
[1.995s] running install_data
[1.997s] running install_egg_info
[2.000s] removing '/home/pranabpandey31/rostasks/task2/install/task2_bot/lib/python3.10/site-packages/task2_bot-0.0.0-py3.10.egg-info' (and everything under it)
[2.002s] Copying ../../build/task2_bot/task2_bot.egg-info to /home/pranabpandey31/rostasks/task2/install/task2_bot/lib/python3.10/site-packages/task2_bot-0.0.0-py3.10.egg-info
[2.005s] running install_scripts
[2.077s] Installing joint_teleop_node script to /home/pranabpandey31/rostasks/task2/install/task2_bot/lib/task2_bot
[2.079s] writing list of installed files to '/home/pranabpandey31/rostasks/task2/build/task2_bot/install.log'
[2.148s] Invoked command in '/home/pranabpandey31/rostasks/task2/src/task2_bot' returned '0': PYTHONPATH=/home/pranabpandey31/rostasks/task2/build/task2_bot/prefix_override:/usr/lib/python3/dist-packages/colcon_core/task/python/colcon_distutils_commands:/home/pranabpandey31/rostasks/task2/install/task2_bot/lib/python3.10/site-packages:${PYTHONPATH} /usr/bin/python3 -W ignore:setup.py install is deprecated setup.py egg_info --egg-base ../../build/task2_bot build --build-base /home/pranabpandey31/rostasks/task2/build/task2_bot/build install --record /home/pranabpandey31/rostasks/task2/build/task2_bot/install.log --single-version-externally-managed install_data
