[1.767s] Invoking command in '/home/pranabpandey31/rostasks/task2/src/task2_bot': PYTHONPATH=/home/pranabpandey31/rostasks/task2/build/task2_bot/prefix_override:/usr/lib/python3/dist-packages/colcon_core/task/python/colcon_distutils_commands:/home/pranabpandey31/rostasks/task2/install/task2_bot/lib/python3.10/site-packages:${PYTHONPATH} /usr/bin/python3 -W ignore:setup.py install is deprecated setup.py egg_info --egg-base ../../build/task2_bot build --build-base /home/pranabpandey31/rostasks/task2/build/task2_bot/build install --record /home/pranabpandey31/rostasks/task2/build/task2_bot/install.log --single-version-externally-managed install_data
[2.478s] running egg_info
[2.479s] writing ../../build/task2_bot/task2_bot.egg-info/PKG-INFO
[2.480s] writing dependency_links to ../../build/task2_bot/task2_bot.egg-info/dependency_links.txt
[2.481s] writing entry points to ../../build/task2_bot/task2_bot.egg-info/entry_points.txt
[2.482s] writing requirements to ../../build/task2_bot/task2_bot.egg-info/requires.txt
[2.482s] writing top-level names to ../../build/task2_bot/task2_bot.egg-info/top_level.txt
[2.490s] reading manifest file '../../build/task2_bot/task2_bot.egg-info/SOURCES.txt'
[2.492s] writing manifest file '../../build/task2_bot/task2_bot.egg-info/SOURCES.txt'
[2.493s] running build
[2.493s] running build_py
[2.494s] running install
[2.494s] running install_lib
[2.501s] running install_data
[2.503s] copying launch/state_publisher.py -> /home/pranabpandey31/rostasks/task2/install/task2_bot/share/task2_bot/launch
[2.503s] running install_egg_info
[2.508s] removing '/home/pranabpandey31/rostasks/task2/install/task2_bot/lib/python3.10/site-packages/task2_bot-0.0.0-py3.10.egg-info' (and everything under it)
[2.509s] Copying ../../build/task2_bot/task2_bot.egg-info to /home/pranabpandey31/rostasks/task2/install/task2_bot/lib/python3.10/site-packages/task2_bot-0.0.0-py3.10.egg-info
[2.513s] running install_scripts
[2.562s] writing list of installed files to '/home/pranabpandey31/rostasks/task2/build/task2_bot/install.log'
[2.642s] Invoked command in '/home/pranabpandey31/rostasks/task2/src/task2_bot' returned '0': PYTHONPATH=/home/pranabpandey31/rostasks/task2/build/task2_bot/prefix_override:/usr/lib/python3/dist-packages/colcon_core/task/python/colcon_distutils_commands:/home/pranabpandey31/rostasks/task2/install/task2_bot/lib/python3.10/site-packages:${PYTHONPATH} /usr/bin/python3 -W ignore:setup.py install is deprecated setup.py egg_info --egg-base ../../build/task2_bot build --build-base /home/pranabpandey31/rostasks/task2/build/task2_bot/build install --record /home/pranabpandey31/rostasks/task2/build/task2_bot/install.log --single-version-externally-managed install_data
