[2.067s] Invoking command in '/home/pranabpandey31/rostasks/task1/task1_bot/src': PYTHONPATH=/home/pranabpandey31/rostasks/task1/task1_bot/build/task1_bot/prefix_override:/usr/lib/python3/dist-packages/colcon_core/task/python/colcon_distutils_commands:/home/pranabpandey31/rostasks/task1/task1_bot/install/task1_bot/lib/python3.10/site-packages:${PYTHONPATH} /usr/bin/python3 -W ignore:setup.py install is deprecated setup.py egg_info --egg-base ../build/task1_bot build --build-base /home/pranabpandey31/rostasks/task1/task1_bot/build/task1_bot/build install --record /home/pranabpandey31/rostasks/task1/task1_bot/build/task1_bot/install.log --single-version-externally-managed install_data
[2.665s] running egg_info
[2.667s] writing ../build/task1_bot/task1_bot.egg-info/PKG-INFO
[2.668s] writing dependency_links to ../build/task1_bot/task1_bot.egg-info/dependency_links.txt
[2.669s] writing entry points to ../build/task1_bot/task1_bot.egg-info/entry_points.txt
[2.669s] writing requirements to ../build/task1_bot/task1_bot.egg-info/requires.txt
[2.670s] writing top-level names to ../build/task1_bot/task1_bot.egg-info/top_level.txt
[2.674s] reading manifest file '../build/task1_bot/task1_bot.egg-info/SOURCES.txt'
[2.680s] writing manifest file '../build/task1_bot/task1_bot.egg-info/SOURCES.txt'
[2.680s] running build
[2.681s] running build_py
[2.681s] copying task1_bot/forward_kinematics.py -> /home/pranabpandey31/rostasks/task1/task1_bot/build/task1_bot/build/lib/task1_bot
[2.682s] running install
[2.683s] running install_lib
[2.687s] copying /home/pranabpandey31/rostasks/task1/task1_bot/build/task1_bot/build/lib/task1_bot/forward_kinematics.py -> /home/pranabpandey31/rostasks/task1/task1_bot/install/task1_bot/lib/python3.10/site-packages/task1_bot
[2.689s] byte-compiling /home/pranabpandey31/rostasks/task1/task1_bot/install/task1_bot/lib/python3.10/site-packages/task1_bot/forward_kinematics.py to forward_kinematics.cpython-310.pyc
[2.693s] running install_data
[2.694s] copying launch/gazebolaunch.py -> /home/pranabpandey31/rostasks/task1/task1_bot/install/task1_bot/share/task1_bot/launch
[2.695s] running install_egg_info
[2.699s] removing '/home/pranabpandey31/rostasks/task1/task1_bot/install/task1_bot/lib/python3.10/site-packages/task1_bot-0.0.0-py3.10.egg-info' (and everything under it)
[2.704s] Copying ../build/task1_bot/task1_bot.egg-info to /home/pranabpandey31/rostasks/task1/task1_bot/install/task1_bot/lib/python3.10/site-packages/task1_bot-0.0.0-py3.10.egg-info
[2.710s] running install_scripts
[2.758s] Installing cmd_velNode script to /home/pranabpandey31/rostasks/task1/task1_bot/install/task1_bot/lib/task1_bot
[2.759s] writing list of installed files to '/home/pranabpandey31/rostasks/task1/task1_bot/build/task1_bot/install.log'
[2.825s] Invoked command in '/home/pranabpandey31/rostasks/task1/task1_bot/src' returned '0': PYTHONPATH=/home/pranabpandey31/rostasks/task1/task1_bot/build/task1_bot/prefix_override:/usr/lib/python3/dist-packages/colcon_core/task/python/colcon_distutils_commands:/home/pranabpandey31/rostasks/task1/task1_bot/install/task1_bot/lib/python3.10/site-packages:${PYTHONPATH} /usr/bin/python3 -W ignore:setup.py install is deprecated setup.py egg_info --egg-base ../build/task1_bot build --build-base /home/pranabpandey31/rostasks/task1/task1_bot/build/task1_bot/build install --record /home/pranabpandey31/rostasks/task1/task1_bot/build/task1_bot/install.log --single-version-externally-managed install_data
