[2.451s] Invoking command in '/home/pranabpandey31/rostasks/task4/task4_bot/src': PYTHONPATH=/home/pranabpandey31/rostasks/task4/task4_bot/build/task4_bot/prefix_override:/usr/lib/python3/dist-packages/colcon_core/task/python/colcon_distutils_commands:/home/pranabpandey31/rostasks/task4/task4_bot/install/task4_bot/lib/python3.10/site-packages:${PYTHONPATH} /usr/bin/python3 -W ignore:setup.py install is deprecated setup.py egg_info --egg-base ../build/task4_bot build --build-base /home/pranabpandey31/rostasks/task4/task4_bot/build/task4_bot/build install --record /home/pranabpandey31/rostasks/task4/task4_bot/build/task4_bot/install.log --single-version-externally-managed install_data
[3.295s] running egg_info
[3.298s] writing ../build/task4_bot/task4_bot.egg-info/PKG-INFO
[3.299s] writing dependency_links to ../build/task4_bot/task4_bot.egg-info/dependency_links.txt
[3.300s] writing entry points to ../build/task4_bot/task4_bot.egg-info/entry_points.txt
[3.301s] writing requirements to ../build/task4_bot/task4_bot.egg-info/requires.txt
[3.302s] writing top-level names to ../build/task4_bot/task4_bot.egg-info/top_level.txt
[3.310s] reading manifest file '../build/task4_bot/task4_bot.egg-info/SOURCES.txt'
[3.313s] writing manifest file '../build/task4_bot/task4_bot.egg-info/SOURCES.txt'
[3.314s] running build
[3.314s] running build_py
[3.315s] running install
[3.316s] running install_lib
[3.325s] running install_data
[3.325s] copying launch/tb3.launch.py -> /home/pranabpandey31/rostasks/task4/task4_bot/install/task4_bot/share/task4_bot/launch
[3.326s] copying launch/state_publisher.py -> /home/pranabpandey31/rostasks/task4/task4_bot/install/task4_bot/share/task4_bot/launch
[3.328s] running install_egg_info
[3.334s] removing '/home/pranabpandey31/rostasks/task4/task4_bot/install/task4_bot/lib/python3.10/site-packages/task4_bot-0.0.0-py3.10.egg-info' (and everything under it)
[3.335s] Copying ../build/task4_bot/task4_bot.egg-info to /home/pranabpandey31/rostasks/task4/task4_bot/install/task4_bot/lib/python3.10/site-packages/task4_bot-0.0.0-py3.10.egg-info
[3.339s] running install_scripts
[3.413s] writing list of installed files to '/home/pranabpandey31/rostasks/task4/task4_bot/build/task4_bot/install.log'
[3.541s] Invoked command in '/home/pranabpandey31/rostasks/task4/task4_bot/src' returned '0': PYTHONPATH=/home/pranabpandey31/rostasks/task4/task4_bot/build/task4_bot/prefix_override:/usr/lib/python3/dist-packages/colcon_core/task/python/colcon_distutils_commands:/home/pranabpandey31/rostasks/task4/task4_bot/install/task4_bot/lib/python3.10/site-packages:${PYTHONPATH} /usr/bin/python3 -W ignore:setup.py install is deprecated setup.py egg_info --egg-base ../build/task4_bot build --build-base /home/pranabpandey31/rostasks/task4/task4_bot/build/task4_bot/build install --record /home/pranabpandey31/rostasks/task4/task4_bot/build/task4_bot/install.log --single-version-externally-managed install_data
