[1.629s] Invoking command in '/home/pranabpandey31/rostasks/task4/task4_bot/src': PYTHONPATH=/home/pranabpandey31/rostasks/task4/task4_bot/build/task4_bot/prefix_override:/usr/lib/python3/dist-packages/colcon_core/task/python/colcon_distutils_commands:/home/pranabpandey31/rostasks/task4/task4_bot/install/task4_bot/lib/python3.10/site-packages:${PYTHONPATH} /usr/bin/python3 -W ignore:setup.py install is deprecated setup.py egg_info --egg-base ../build/task4_bot build --build-base /home/pranabpandey31/rostasks/task4/task4_bot/build/task4_bot/build install --record /home/pranabpandey31/rostasks/task4/task4_bot/build/task4_bot/install.log --single-version-externally-managed install_data
[2.171s] running egg_info
[2.172s] writing ../build/task4_bot/task4_bot.egg-info/PKG-INFO
[2.173s] writing dependency_links to ../build/task4_bot/task4_bot.egg-info/dependency_links.txt
[2.174s] writing entry points to ../build/task4_bot/task4_bot.egg-info/entry_points.txt
[2.174s] writing requirements to ../build/task4_bot/task4_bot.egg-info/requires.txt
[2.174s] writing top-level names to ../build/task4_bot/task4_bot.egg-info/top_level.txt
[2.179s] reading manifest file '../build/task4_bot/task4_bot.egg-info/SOURCES.txt'
[2.181s] writing manifest file '../build/task4_bot/task4_bot.egg-info/SOURCES.txt'
[2.181s] running build
[2.182s] running build_py
[2.182s] running install
[2.183s] running install_lib
[2.188s] running install_data
[2.188s] copying urdf/my_bot.urdf -> /home/pranabpandey31/rostasks/task4/task4_bot/install/task4_bot/share/task4_bot/urdf
[2.190s] running install_egg_info
[2.194s] removing '/home/pranabpandey31/rostasks/task4/task4_bot/install/task4_bot/lib/python3.10/site-packages/task4_bot-0.0.0-py3.10.egg-info' (and everything under it)
[2.195s] Copying ../build/task4_bot/task4_bot.egg-info to /home/pranabpandey31/rostasks/task4/task4_bot/install/task4_bot/lib/python3.10/site-packages/task4_bot-0.0.0-py3.10.egg-info
[2.199s] running install_scripts
[2.242s] writing list of installed files to '/home/pranabpandey31/rostasks/task4/task4_bot/build/task4_bot/install.log'
[2.297s] Invoked command in '/home/pranabpandey31/rostasks/task4/task4_bot/src' returned '0': PYTHONPATH=/home/pranabpandey31/rostasks/task4/task4_bot/build/task4_bot/prefix_override:/usr/lib/python3/dist-packages/colcon_core/task/python/colcon_distutils_commands:/home/pranabpandey31/rostasks/task4/task4_bot/install/task4_bot/lib/python3.10/site-packages:${PYTHONPATH} /usr/bin/python3 -W ignore:setup.py install is deprecated setup.py egg_info --egg-base ../build/task4_bot build --build-base /home/pranabpandey31/rostasks/task4/task4_bot/build/task4_bot/build install --record /home/pranabpandey31/rostasks/task4/task4_bot/build/task4_bot/install.log --single-version-externally-managed install_data
