[1.387s] Invoking command in '/home/pranabpandey31/rostasks/task3_part1/src/task3_part1_bot': PYTHONPATH=/home/pranabpandey31/rostasks/task3_part1/build/task3_part1_bot/prefix_override:/usr/lib/python3/dist-packages/colcon_core/task/python/colcon_distutils_commands:/home/pranabpandey31/rostasks/task3_part1/install/task3_part1_bot/lib/python3.10/site-packages:${PYTHONPATH} /usr/bin/python3 -W ignore:setup.py install is deprecated -W ignore:easy_install command is deprecated setup.py egg_info --egg-base ../../build/task3_part1_bot build --build-base /home/pranabpandey31/rostasks/task3_part1/build/task3_part1_bot/build install --record /home/pranabpandey31/rostasks/task3_part1/build/task3_part1_bot/install.log --single-version-externally-managed install_data
[1.880s] running egg_info
[1.882s] writing ../../build/task3_part1_bot/task3_part1_bot.egg-info/PKG-INFO
[1.882s] writing dependency_links to ../../build/task3_part1_bot/task3_part1_bot.egg-info/dependency_links.txt
[1.883s] writing entry points to ../../build/task3_part1_bot/task3_part1_bot.egg-info/entry_points.txt
[1.883s] writing requirements to ../../build/task3_part1_bot/task3_part1_bot.egg-info/requires.txt
[1.884s] writing top-level names to ../../build/task3_part1_bot/task3_part1_bot.egg-info/top_level.txt
[1.888s] reading manifest file '../../build/task3_part1_bot/task3_part1_bot.egg-info/SOURCES.txt'
[1.890s] writing manifest file '../../build/task3_part1_bot/task3_part1_bot.egg-info/SOURCES.txt'
[1.890s] running build
[1.890s] running build_py
[1.891s] running install
[1.891s] running install_lib
[1.894s] running install_data
[1.895s] copying urdf/my_bot.urdf -> /home/pranabpandey31/rostasks/task3_part1/install/task3_part1_bot/share/task3_part1_bot/urdf
[1.895s] running install_egg_info
[1.899s] removing '/home/pranabpandey31/rostasks/task3_part1/install/task3_part1_bot/lib/python3.10/site-packages/task3_part1_bot-0.0.0-py3.10.egg-info' (and everything under it)
[1.901s] Copying ../../build/task3_part1_bot/task3_part1_bot.egg-info to /home/pranabpandey31/rostasks/task3_part1/install/task3_part1_bot/lib/python3.10/site-packages/task3_part1_bot-0.0.0-py3.10.egg-info
[1.905s] running install_scripts
[1.946s] Installing aruco_detector script to /home/pranabpandey31/rostasks/task3_part1/install/task3_part1_bot/lib/task3_part1_bot
[1.946s] writing list of installed files to '/home/pranabpandey31/rostasks/task3_part1/build/task3_part1_bot/install.log'
[2.001s] Invoked command in '/home/pranabpandey31/rostasks/task3_part1/src/task3_part1_bot' returned '0': PYTHONPATH=/home/pranabpandey31/rostasks/task3_part1/build/task3_part1_bot/prefix_override:/usr/lib/python3/dist-packages/colcon_core/task/python/colcon_distutils_commands:/home/pranabpandey31/rostasks/task3_part1/install/task3_part1_bot/lib/python3.10/site-packages:${PYTHONPATH} /usr/bin/python3 -W ignore:setup.py install is deprecated -W ignore:easy_install command is deprecated setup.py egg_info --egg-base ../../build/task3_part1_bot build --build-base /home/pranabpandey31/rostasks/task3_part1/build/task3_part1_bot/build install --record /home/pranabpandey31/rostasks/task3_part1/build/task3_part1_bot/install.log --single-version-externally-managed install_data
