/home/pranabpandey31/rostasks/task3_part1/install/task3_part1_bot/lib/python3.10/site-packages/task3_part1_bot/aruco_detector.py
/home/pranabpandey31/rostasks/task3_part1/install/task3_part1_bot/lib/python3.10/site-packages/task3_part1_bot/follow.py
/home/pranabpandey31/rostasks/task3_part1/install/task3_part1_bot/lib/python3.10/site-packages/task3_part1_bot/__init__.py
/home/pranabpandey31/rostasks/task3_part1/install/task3_part1_bot/lib/python3.10/site-packages/task3_part1_bot/__pycache__/aruco_detector.cpython-310.pyc
/home/pranabpandey31/rostasks/task3_part1/install/task3_part1_bot/lib/python3.10/site-packages/task3_part1_bot/__pycache__/follow.cpython-310.pyc
/home/pranabpandey31/rostasks/task3_part1/install/task3_part1_bot/lib/python3.10/site-packages/task3_part1_bot/__pycache__/__init__.cpython-310.pyc
/home/pranabpandey31/rostasks/task3_part1/install/task3_part1_bot/share/ament_index/resource_index/packages/task3_part1_bot
/home/pranabpandey31/rostasks/task3_part1/install/task3_part1_bot/share/task3_part1_bot/package.xml
/home/pranabpandey31/rostasks/task3_part1/install/task3_part1_bot/share/task3_part1_bot/launch/gazebo_launch.py
/home/pranabpandey31/rostasks/task3_part1/install/task3_part1_bot/share/task3_part1_bot/launch/state_publisher.py
/home/pranabpandey31/rostasks/task3_part1/install/task3_part1_bot/share/task3_part1_bot/urdf/my_bot.urdf
/home/pranabpandey31/rostasks/task3_part1/install/task3_part1_bot/share/task3_part1_bot/urdf/aruco_bot.sdf
/home/pranabpandey31/rostasks/task3_part1/install/task3_part1_bot/share/task3_part1_bot/world/aruco_marker_0.png
/home/pranabpandey31/rostasks/task3_part1/install/task3_part1_bot/share/task3_part1_bot/world/world.sdf
/home/pranabpandey31/rostasks/task3_part1/install/task3_part1_bot/lib/python3.10/site-packages/task3_part1_bot-0.0.0-py3.10.egg-info/SOURCES.txt
/home/pranabpandey31/rostasks/task3_part1/install/task3_part1_bot/lib/python3.10/site-packages/task3_part1_bot-0.0.0-py3.10.egg-info/requires.txt
/home/pranabpandey31/rostasks/task3_part1/install/task3_part1_bot/lib/python3.10/site-packages/task3_part1_bot-0.0.0-py3.10.egg-info/entry_points.txt
/home/pranabpandey31/rostasks/task3_part1/install/task3_part1_bot/lib/python3.10/site-packages/task3_part1_bot-0.0.0-py3.10.egg-info/top_level.txt
/home/pranabpandey31/rostasks/task3_part1/install/task3_part1_bot/lib/python3.10/site-packages/task3_part1_bot-0.0.0-py3.10.egg-info/PKG-INFO
/home/pranabpandey31/rostasks/task3_part1/install/task3_part1_bot/lib/python3.10/site-packages/task3_part1_bot-0.0.0-py3.10.egg-info/zip-safe
/home/pranabpandey31/rostasks/task3_part1/install/task3_part1_bot/lib/python3.10/site-packages/task3_part1_bot-0.0.0-py3.10.egg-info/dependency_links.txt
/home/pranabpandey31/rostasks/task3_part1/install/task3_part1_bot/lib/task3_part1_bot/aruco_detector
/home/pranabpandey31/rostasks/task3_part1/install/task3_part1_bot/lib/task3_part1_bot/follow
