[1.420s] Invoking command in '/home/pranabpandey31/rostasks/task1/task1_bot/src': PYTHONPATH=/home/pranabpandey31/rostasks/task1/task1_bot/build/task1_bot/prefix_override:/usr/lib/python3/dist-packages/colcon_core/task/python/colcon_distutils_commands:/home/pranabpandey31/rostasks/task1/task1_bot/install/task1_bot/lib/python3.10/site-packages:${PYTHONPATH} /usr/bin/python3 -W ignore:setup.py install is deprecated setup.py egg_info --egg-base ../build/task1_bot build --build-base /home/pranabpandey31/rostasks/task1/task1_bot/build/task1_bot/build install --record /home/pranabpandey31/rostasks/task1/task1_bot/build/task1_bot/install.log --single-version-externally-managed install_data
[1.859s] running egg_info
[1.860s] writing ../build/task1_bot/task1_bot.egg-info/PKG-INFO
[1.861s] writing dependency_links to ../build/task1_bot/task1_bot.egg-info/dependency_links.txt
[1.861s] writing entry points to ../build/task1_bot/task1_bot.egg-info/entry_points.txt
[1.861s] writing requirements to ../build/task1_bot/task1_bot.egg-info/requires.txt
[1.862s] writing top-level names to ../build/task1_bot/task1_bot.egg-info/top_level.txt
[1.866s] reading manifest file '../build/task1_bot/task1_bot.egg-info/SOURCES.txt'
[1.868s] writing manifest file '../build/task1_bot/task1_bot.egg-info/SOURCES.txt'
[1.868s] running build
[1.868s] running build_py
[1.869s] running install
[1.869s] running install_lib
[1.877s] running install_data
[1.879s] copying urdf/rover_description.urdf -> /home/pranabpandey31/rostasks/task1/task1_bot/install/task1_bot/share/task1_bot/urdf
[1.880s] running install_egg_info
[1.885s] removing '/home/pranabpandey31/rostasks/task1/task1_bot/install/task1_bot/lib/python3.10/site-packages/task1_bot-0.0.0-py3.10.egg-info' (and everything under it)
[1.886s] Copying ../build/task1_bot/task1_bot.egg-info to /home/pranabpandey31/rostasks/task1/task1_bot/install/task1_bot/lib/python3.10/site-packages/task1_bot-0.0.0-py3.10.egg-info
[1.890s] running install_scripts
[1.927s] Installing cmd_velNode script to /home/pranabpandey31/rostasks/task1/task1_bot/install/task1_bot/lib/task1_bot
[1.928s] writing list of installed files to '/home/pranabpandey31/rostasks/task1/task1_bot/build/task1_bot/install.log'
[1.996s] Invoked command in '/home/pranabpandey31/rostasks/task1/task1_bot/src' returned '0': PYTHONPATH=/home/pranabpandey31/rostasks/task1/task1_bot/build/task1_bot/prefix_override:/usr/lib/python3/dist-packages/colcon_core/task/python/colcon_distutils_commands:/home/pranabpandey31/rostasks/task1/task1_bot/install/task1_bot/lib/python3.10/site-packages:${PYTHONPATH} /usr/bin/python3 -W ignore:setup.py install is deprecated setup.py egg_info --egg-base ../build/task1_bot build --build-base /home/pranabpandey31/rostasks/task1/task1_bot/build/task1_bot/build install --record /home/pranabpandey31/rostasks/task1/task1_bot/build/task1_bot/install.log --single-version-externally-managed install_data
