[1.540s] Invoking command in '/home/pranabpandey31/rostasks/task4/task4_bot/src': PYTHONPATH=/home/pranabpandey31/rostasks/task4/task4_bot/build/task4_bot/prefix_override:/usr/lib/python3/dist-packages/colcon_core/task/python/colcon_distutils_commands:/home/pranabpandey31/rostasks/task4/task4_bot/install/task4_bot/lib/python3.10/site-packages:${PYTHONPATH} /usr/bin/python3 -W ignore:setup.py install is deprecated setup.py egg_info --egg-base ../build/task4_bot build --build-base /home/pranabpandey31/rostasks/task4/task4_bot/build/task4_bot/build install --record /home/pranabpandey31/rostasks/task4/task4_bot/build/task4_bot/install.log --single-version-externally-managed install_data
[2.158s] running egg_info
[2.159s] writing ../build/task4_bot/task4_bot.egg-info/PKG-INFO
[2.161s] writing dependency_links to ../build/task4_bot/task4_bot.egg-info/dependency_links.txt
[2.161s] writing entry points to ../build/task4_bot/task4_bot.egg-info/entry_points.txt
[2.162s] writing requirements to ../build/task4_bot/task4_bot.egg-info/requires.txt
[2.162s] writing top-level names to ../build/task4_bot/task4_bot.egg-info/top_level.txt
[2.166s] reading manifest file '../build/task4_bot/task4_bot.egg-info/SOURCES.txt'
[2.169s] writing manifest file '../build/task4_bot/task4_bot.egg-info/SOURCES.txt'
[2.169s] running build
[2.169s] running build_py
[2.170s] running install
[2.170s] running install_lib
[2.174s] running install_data
[2.176s] running install_egg_info
[2.179s] removing '/home/pranabpandey31/rostasks/task4/task4_bot/install/task4_bot/lib/python3.10/site-packages/task4_bot-0.0.0-py3.10.egg-info' (and everything under it)
[2.181s] Copying ../build/task4_bot/task4_bot.egg-info to /home/pranabpandey31/rostasks/task4/task4_bot/install/task4_bot/lib/python3.10/site-packages/task4_bot-0.0.0-py3.10.egg-info
[2.184s] running install_scripts
[2.226s] writing list of installed files to '/home/pranabpandey31/rostasks/task4/task4_bot/build/task4_bot/install.log'
[2.283s] Invoked command in '/home/pranabpandey31/rostasks/task4/task4_bot/src' returned '0': PYTHONPATH=/home/pranabpandey31/rostasks/task4/task4_bot/build/task4_bot/prefix_override:/usr/lib/python3/dist-packages/colcon_core/task/python/colcon_distutils_commands:/home/pranabpandey31/rostasks/task4/task4_bot/install/task4_bot/lib/python3.10/site-packages:${PYTHONPATH} /usr/bin/python3 -W ignore:setup.py install is deprecated setup.py egg_info --egg-base ../build/task4_bot build --build-base /home/pranabpandey31/rostasks/task4/task4_bot/build/task4_bot/build install --record /home/pranabpandey31/rostasks/task4/task4_bot/build/task4_bot/install.log --single-version-externally-managed install_data
