[2.527s] Invoking command in '/home/pranabpandey31/rostasks/task4/task4_bot/src': PYTHONPATH=/home/pranabpandey31/rostasks/task4/task4_bot/build/task4_bot/prefix_override:/usr/lib/python3/dist-packages/colcon_core/task/python/colcon_distutils_commands:/home/pranabpandey31/rostasks/task4/task4_bot/install/task4_bot/lib/python3.10/site-packages:${PYTHONPATH} /usr/bin/python3 -W ignore:setup.py install is deprecated setup.py egg_info --egg-base ../build/task4_bot build --build-base /home/pranabpandey31/rostasks/task4/task4_bot/build/task4_bot/build install --record /home/pranabpandey31/rostasks/task4/task4_bot/build/task4_bot/install.log --single-version-externally-managed install_data
[3.328s] running egg_info
[3.331s] writing ../build/task4_bot/task4_bot.egg-info/PKG-INFO
[3.332s] writing dependency_links to ../build/task4_bot/task4_bot.egg-info/dependency_links.txt
[3.333s] writing entry points to ../build/task4_bot/task4_bot.egg-info/entry_points.txt
[3.333s] writing requirements to ../build/task4_bot/task4_bot.egg-info/requires.txt
[3.333s] writing top-level names to ../build/task4_bot/task4_bot.egg-info/top_level.txt
[3.339s] reading manifest file '../build/task4_bot/task4_bot.egg-info/SOURCES.txt'
[3.342s] writing manifest file '../build/task4_bot/task4_bot.egg-info/SOURCES.txt'
[3.343s] running build
[3.343s] running build_py
[3.344s] running install
[3.345s] running install_lib
[3.354s] running install_data
[3.354s] copying launch/tb3.launch.py -> /home/pranabpandey31/rostasks/task4/task4_bot/install/task4_bot/share/task4_bot/launch
[3.355s] running install_egg_info
[3.361s] removing '/home/pranabpandey31/rostasks/task4/task4_bot/install/task4_bot/lib/python3.10/site-packages/task4_bot-0.0.0-py3.10.egg-info' (and everything under it)
[3.362s] Copying ../build/task4_bot/task4_bot.egg-info to /home/pranabpandey31/rostasks/task4/task4_bot/install/task4_bot/lib/python3.10/site-packages/task4_bot-0.0.0-py3.10.egg-info
[3.368s] running install_scripts
[3.447s] writing list of installed files to '/home/pranabpandey31/rostasks/task4/task4_bot/build/task4_bot/install.log'
[3.579s] Invoked command in '/home/pranabpandey31/rostasks/task4/task4_bot/src' returned '0': PYTHONPATH=/home/pranabpandey31/rostasks/task4/task4_bot/build/task4_bot/prefix_override:/usr/lib/python3/dist-packages/colcon_core/task/python/colcon_distutils_commands:/home/pranabpandey31/rostasks/task4/task4_bot/install/task4_bot/lib/python3.10/site-packages:${PYTHONPATH} /usr/bin/python3 -W ignore:setup.py install is deprecated setup.py egg_info --egg-base ../build/task4_bot build --build-base /home/pranabpandey31/rostasks/task4/task4_bot/build/task4_bot/build install --record /home/pranabpandey31/rostasks/task4/task4_bot/build/task4_bot/install.log --single-version-externally-managed install_data
