[0.292s] DEBUG:colcon:Command line arguments: ['/usr/bin/colcon', 'build']
[0.292s] DEBUG:colcon:Parsed command line arguments: Namespace(log_base=None, log_level=None, verb_name='build', build_base='build', install_base='install', merge_install=False, symlink_install=False, test_result_base=None, continue_on_error=False, executor='parallel', parallel_workers=16, event_handlers=None, ignore_user_meta=False, metas=['./colcon.meta'], base_paths=['.'], packages_ignore=None, packages_ignore_regex=None, paths=None, packages_up_to=None, packages_up_to_regex=None, packages_above=None, packages_above_and_dependencies=None, packages_above_depth=None, packages_select_by_dep=None, packages_skip_by_dep=None, packages_skip_up_to=None, packages_select_build_failed=False, packages_skip_build_finished=False, packages_select_test_failures=False, packages_skip_test_passed=False, packages_select=None, packages_skip=None, packages_select_regex=None, packages_skip_regex=None, packages_start=None, packages_end=None, allow_overriding=[], cmake_args=None, cmake_target=None, cmake_target_skip_unavailable=False, cmake_clean_cache=False, cmake_clean_first=False, cmake_force_configure=False, ament_cmake_args=None, catkin_cmake_args=None, catkin_skip_building_tests=False, mixin_files=None, mixin=None, verb_parser=<colcon_mixin.mixin.mixin_argument.MixinArgumentDecorator object at 0x704b813c3820>, verb_extension=<colcon_core.verb.build.BuildVerb object at 0x704b81380fd0>, main=<bound method BuildVerb.main of <colcon_core.verb.build.BuildVerb object at 0x704b81380fd0>>, mixin_verb=('build',))
[0.471s] Level 1:colcon.colcon_core.package_discovery:discover_packages(colcon_meta) check parameters
[0.471s] Level 1:colcon.colcon_core.package_discovery:discover_packages(recursive) check parameters
[0.471s] Level 1:colcon.colcon_core.package_discovery:discover_packages(ignore) check parameters
[0.471s] Level 1:colcon.colcon_core.package_discovery:discover_packages(path) check parameters
[0.472s] Level 1:colcon.colcon_core.package_discovery:discover_packages(colcon_meta) discover
[0.472s] Level 1:colcon.colcon_core.package_discovery:discover_packages(recursive) discover
[0.472s] INFO:colcon.colcon_core.package_discovery:Crawling recursively for packages in '/home/pranabpandey31/rostasks/task3_part1'
[0.472s] Level 1:colcon.colcon_core.package_identification:_identify(.) by extensions ['ignore', 'ignore_ament_install']
[0.472s] Level 1:colcon.colcon_core.package_identification:_identify(.) by extension 'ignore'
[0.472s] Level 1:colcon.colcon_core.package_identification:_identify(.) by extension 'ignore_ament_install'
[0.472s] Level 1:colcon.colcon_core.package_identification:_identify(.) by extensions ['colcon_pkg']
[0.472s] Level 1:colcon.colcon_core.package_identification:_identify(.) by extension 'colcon_pkg'
[0.472s] Level 1:colcon.colcon_core.package_identification:_identify(.) by extensions ['colcon_meta']
[0.472s] Level 1:colcon.colcon_core.package_identification:_identify(.) by extension 'colcon_meta'
[0.472s] Level 1:colcon.colcon_core.package_identification:_identify(.) by extensions ['ros']
[0.472s] Level 1:colcon.colcon_core.package_identification:_identify(.) by extension 'ros'
[0.484s] Level 1:colcon.colcon_core.package_identification:_identify(.) by extensions ['cmake', 'python']
[0.484s] Level 1:colcon.colcon_core.package_identification:_identify(.) by extension 'cmake'
[0.484s] Level 1:colcon.colcon_core.package_identification:_identify(.) by extension 'python'
[0.484s] Level 1:colcon.colcon_core.package_identification:_identify(.) by extensions ['python_setup_py']
[0.484s] Level 1:colcon.colcon_core.package_identification:_identify(.) by extension 'python_setup_py'
[0.484s] Level 1:colcon.colcon_core.package_identification:_identify(build) by extensions ['ignore', 'ignore_ament_install']
[0.484s] Level 1:colcon.colcon_core.package_identification:_identify(build) by extension 'ignore'
[0.484s] Level 1:colcon.colcon_core.package_identification:_identify(build) ignored
[0.484s] Level 1:colcon.colcon_core.package_identification:_identify(install) by extensions ['ignore', 'ignore_ament_install']
[0.484s] Level 1:colcon.colcon_core.package_identification:_identify(install) by extension 'ignore'
[0.485s] Level 1:colcon.colcon_core.package_identification:_identify(install) ignored
[0.485s] Level 1:colcon.colcon_core.package_identification:_identify(log) by extensions ['ignore', 'ignore_ament_install']
[0.485s] Level 1:colcon.colcon_core.package_identification:_identify(log) by extension 'ignore'
[0.485s] Level 1:colcon.colcon_core.package_identification:_identify(log) ignored
[0.485s] Level 1:colcon.colcon_core.package_identification:_identify(src) by extensions ['ignore', 'ignore_ament_install']
[0.485s] Level 1:colcon.colcon_core.package_identification:_identify(src) by extension 'ignore'
[0.485s] Level 1:colcon.colcon_core.package_identification:_identify(src) by extension 'ignore_ament_install'
[0.485s] Level 1:colcon.colcon_core.package_identification:_identify(src) by extensions ['colcon_pkg']
[0.485s] Level 1:colcon.colcon_core.package_identification:_identify(src) by extension 'colcon_pkg'
[0.485s] Level 1:colcon.colcon_core.package_identification:_identify(src) by extensions ['colcon_meta']
[0.485s] Level 1:colcon.colcon_core.package_identification:_identify(src) by extension 'colcon_meta'
[0.485s] Level 1:colcon.colcon_core.package_identification:_identify(src) by extensions ['ros']
[0.485s] Level 1:colcon.colcon_core.package_identification:_identify(src) by extension 'ros'
[0.485s] Level 1:colcon.colcon_core.package_identification:_identify(src) by extensions ['cmake', 'python']
[0.485s] Level 1:colcon.colcon_core.package_identification:_identify(src) by extension 'cmake'
[0.485s] Level 1:colcon.colcon_core.package_identification:_identify(src) by extension 'python'
[0.485s] Level 1:colcon.colcon_core.package_identification:_identify(src) by extensions ['python_setup_py']
[0.485s] Level 1:colcon.colcon_core.package_identification:_identify(src) by extension 'python_setup_py'
[0.486s] Level 1:colcon.colcon_core.package_identification:_identify(src/task3_part1_bot) by extensions ['ignore', 'ignore_ament_install']
[0.486s] Level 1:colcon.colcon_core.package_identification:_identify(src/task3_part1_bot) by extension 'ignore'
[0.486s] Level 1:colcon.colcon_core.package_identification:_identify(src/task3_part1_bot) by extension 'ignore_ament_install'
[0.486s] Level 1:colcon.colcon_core.package_identification:_identify(src/task3_part1_bot) by extensions ['colcon_pkg']
[0.486s] Level 1:colcon.colcon_core.package_identification:_identify(src/task3_part1_bot) by extension 'colcon_pkg'
[0.486s] Level 1:colcon.colcon_core.package_identification:_identify(src/task3_part1_bot) by extensions ['colcon_meta']
[0.486s] Level 1:colcon.colcon_core.package_identification:_identify(src/task3_part1_bot) by extension 'colcon_meta'
[0.486s] Level 1:colcon.colcon_core.package_identification:_identify(src/task3_part1_bot) by extensions ['ros']
[0.486s] Level 1:colcon.colcon_core.package_identification:_identify(src/task3_part1_bot) by extension 'ros'
[0.489s] DEBUG:colcon.colcon_core.package_identification:Package 'src/task3_part1_bot' with type 'ros.ament_python' and name 'task3_part1_bot'
[0.489s] Level 1:colcon.colcon_core.package_discovery:discover_packages(recursive) using defaults
[0.489s] Level 1:colcon.colcon_core.package_discovery:discover_packages(ignore) discover
[0.489s] Level 1:colcon.colcon_core.package_discovery:discover_packages(ignore) using defaults
[0.489s] Level 1:colcon.colcon_core.package_discovery:discover_packages(path) discover
[0.489s] Level 1:colcon.colcon_core.package_discovery:discover_packages(path) using defaults
[0.524s] Level 1:colcon.colcon_core.package_discovery:discover_packages(prefix_path) check parameters
[0.525s] Level 1:colcon.colcon_core.package_discovery:discover_packages(prefix_path) discover
[0.527s] DEBUG:colcon.colcon_installed_package_information.package_discovery:Found 1 installed packages in /home/pranabpandey31/rostasks/task3_part1/install
[0.527s] DEBUG:colcon.colcon_installed_package_information.package_discovery:Found 14 installed packages in /home/pranabpandey31/turtlebot3_ws/install
[0.530s] DEBUG:colcon.colcon_installed_package_information.package_discovery:Found 391 installed packages in /opt/ros/humble
[0.533s] Level 1:colcon.colcon_core.package_discovery:discover_packages(prefix_path) using defaults
[0.610s] Level 5:colcon.colcon_core.verb:set package 'task3_part1_bot' build argument 'cmake_args' from command line to 'None'
[0.610s] Level 5:colcon.colcon_core.verb:set package 'task3_part1_bot' build argument 'cmake_target' from command line to 'None'
[0.610s] Level 5:colcon.colcon_core.verb:set package 'task3_part1_bot' build argument 'cmake_target_skip_unavailable' from command line to 'False'
[0.610s] Level 5:colcon.colcon_core.verb:set package 'task3_part1_bot' build argument 'cmake_clean_cache' from command line to 'False'
[0.610s] Level 5:colcon.colcon_core.verb:set package 'task3_part1_bot' build argument 'cmake_clean_first' from command line to 'False'
[0.610s] Level 5:colcon.colcon_core.verb:set package 'task3_part1_bot' build argument 'cmake_force_configure' from command line to 'False'
[0.610s] Level 5:colcon.colcon_core.verb:set package 'task3_part1_bot' build argument 'ament_cmake_args' from command line to 'None'
[0.610s] Level 5:colcon.colcon_core.verb:set package 'task3_part1_bot' build argument 'catkin_cmake_args' from command line to 'None'
[0.610s] Level 5:colcon.colcon_core.verb:set package 'task3_part1_bot' build argument 'catkin_skip_building_tests' from command line to 'False'
[0.610s] DEBUG:colcon.colcon_core.verb:Building package 'task3_part1_bot' with the following arguments: {'ament_cmake_args': None, 'build_base': '/home/pranabpandey31/rostasks/task3_part1/build/task3_part1_bot', 'catkin_cmake_args': None, 'catkin_skip_building_tests': False, 'cmake_args': None, 'cmake_clean_cache': False, 'cmake_clean_first': False, 'cmake_force_configure': False, 'cmake_target': None, 'cmake_target_skip_unavailable': False, 'install_base': '/home/pranabpandey31/rostasks/task3_part1/install/task3_part1_bot', 'merge_install': False, 'path': '/home/pranabpandey31/rostasks/task3_part1/src/task3_part1_bot', 'symlink_install': False, 'test_result_base': None}
[0.611s] INFO:colcon.colcon_core.executor:Executing jobs using 'parallel' executor
[0.613s] DEBUG:colcon.colcon_parallel_executor.executor.parallel:run_until_complete
[0.613s] INFO:colcon.colcon_ros.task.ament_python.build:Building ROS package in '/home/pranabpandey31/rostasks/task3_part1/src/task3_part1_bot' with build type 'ament_python'
[0.614s] Level 1:colcon.colcon_core.shell:create_environment_hook('task3_part1_bot', 'ament_prefix_path')
[0.622s] INFO:colcon.colcon_core.plugin_system:Skipping extension 'colcon_core.shell.bat': Not used on non-Windows systems
[0.623s] INFO:colcon.colcon_core.shell:Creating environment hook '/home/pranabpandey31/rostasks/task3_part1/install/task3_part1_bot/share/task3_part1_bot/hook/ament_prefix_path.ps1'
[0.624s] INFO:colcon.colcon_core.shell:Creating environment descriptor '/home/pranabpandey31/rostasks/task3_part1/install/task3_part1_bot/share/task3_part1_bot/hook/ament_prefix_path.dsv'
[0.625s] INFO:colcon.colcon_core.shell:Creating environment hook '/home/pranabpandey31/rostasks/task3_part1/install/task3_part1_bot/share/task3_part1_bot/hook/ament_prefix_path.sh'
[0.627s] INFO:colcon.colcon_core.shell:Skip shell extension 'powershell' for command environment: Not usable outside of PowerShell
[0.627s] DEBUG:colcon.colcon_core.shell:Skip shell extension 'dsv' for command environment
[0.972s] INFO:colcon.colcon_core.task.python.build:Building Python package in '/home/pranabpandey31/rostasks/task3_part1/src/task3_part1_bot'
[0.973s] INFO:colcon.colcon_core.shell:Skip shell extension 'powershell' for command environment: Not usable outside of PowerShell
[0.973s] DEBUG:colcon.colcon_core.shell:Skip shell extension 'dsv' for command environment
[1.423s] DEBUG:colcon.colcon_core.event_handler.log_command:Invoking command in '/home/pranabpandey31/rostasks/task3_part1/src/task3_part1_bot': PYTHONPATH=/home/pranabpandey31/rostasks/task3_part1/build/task3_part1_bot/prefix_override:/usr/lib/python3/dist-packages/colcon_core/task/python/colcon_distutils_commands:/home/pranabpandey31/rostasks/task3_part1/install/task3_part1_bot/lib/python3.10/site-packages:${PYTHONPATH} /usr/bin/python3 -W ignore:setup.py install is deprecated -W ignore:easy_install command is deprecated setup.py egg_info --egg-base ../../build/task3_part1_bot build --build-base /home/pranabpandey31/rostasks/task3_part1/build/task3_part1_bot/build install --record /home/pranabpandey31/rostasks/task3_part1/build/task3_part1_bot/install.log --single-version-externally-managed install_data
[1.802s] DEBUG:colcon.colcon_core.event_handler.log_command:Invoked command in '/home/pranabpandey31/rostasks/task3_part1/src/task3_part1_bot' returned '0': PYTHONPATH=/home/pranabpandey31/rostasks/task3_part1/build/task3_part1_bot/prefix_override:/usr/lib/python3/dist-packages/colcon_core/task/python/colcon_distutils_commands:/home/pranabpandey31/rostasks/task3_part1/install/task3_part1_bot/lib/python3.10/site-packages:${PYTHONPATH} /usr/bin/python3 -W ignore:setup.py install is deprecated -W ignore:easy_install command is deprecated setup.py egg_info --egg-base ../../build/task3_part1_bot build --build-base /home/pranabpandey31/rostasks/task3_part1/build/task3_part1_bot/build install --record /home/pranabpandey31/rostasks/task3_part1/build/task3_part1_bot/install.log --single-version-externally-managed install_data
[1.804s] Level 1:colcon.colcon_core.environment:checking '/home/pranabpandey31/rostasks/task3_part1/install/task3_part1_bot' for CMake module files
[1.805s] Level 1:colcon.colcon_core.environment:checking '/home/pranabpandey31/rostasks/task3_part1/install/task3_part1_bot' for CMake config files
[1.806s] Level 1:colcon.colcon_core.environment:checking '/home/pranabpandey31/rostasks/task3_part1/install/task3_part1_bot/lib'
[1.806s] Level 1:colcon.colcon_core.environment:checking '/home/pranabpandey31/rostasks/task3_part1/install/task3_part1_bot/bin'
[1.806s] Level 1:colcon.colcon_core.environment:checking '/home/pranabpandey31/rostasks/task3_part1/install/task3_part1_bot/lib/pkgconfig/task3_part1_bot.pc'
[1.806s] Level 1:colcon.colcon_core.environment:checking '/home/pranabpandey31/rostasks/task3_part1/install/task3_part1_bot/lib/python3.10/site-packages'
[1.806s] Level 1:colcon.colcon_core.shell:create_environment_hook('task3_part1_bot', 'pythonpath')
[1.806s] INFO:colcon.colcon_core.shell:Creating environment hook '/home/pranabpandey31/rostasks/task3_part1/install/task3_part1_bot/share/task3_part1_bot/hook/pythonpath.ps1'
[1.807s] INFO:colcon.colcon_core.shell:Creating environment descriptor '/home/pranabpandey31/rostasks/task3_part1/install/task3_part1_bot/share/task3_part1_bot/hook/pythonpath.dsv'
[1.807s] INFO:colcon.colcon_core.shell:Creating environment hook '/home/pranabpandey31/rostasks/task3_part1/install/task3_part1_bot/share/task3_part1_bot/hook/pythonpath.sh'
[1.808s] Level 1:colcon.colcon_core.environment:checking '/home/pranabpandey31/rostasks/task3_part1/install/task3_part1_bot/bin'
[1.808s] Level 1:colcon.colcon_core.environment:create_environment_scripts_only(task3_part1_bot)
[1.808s] INFO:colcon.colcon_core.shell:Creating package script '/home/pranabpandey31/rostasks/task3_part1/install/task3_part1_bot/share/task3_part1_bot/package.ps1'
[1.809s] INFO:colcon.colcon_core.shell:Creating package descriptor '/home/pranabpandey31/rostasks/task3_part1/install/task3_part1_bot/share/task3_part1_bot/package.dsv'
[1.810s] INFO:colcon.colcon_core.shell:Creating package script '/home/pranabpandey31/rostasks/task3_part1/install/task3_part1_bot/share/task3_part1_bot/package.sh'
[1.810s] INFO:colcon.colcon_core.shell:Creating package script '/home/pranabpandey31/rostasks/task3_part1/install/task3_part1_bot/share/task3_part1_bot/package.bash'
[1.811s] INFO:colcon.colcon_core.shell:Creating package script '/home/pranabpandey31/rostasks/task3_part1/install/task3_part1_bot/share/task3_part1_bot/package.zsh'
[1.812s] Level 1:colcon.colcon_core.environment:create_file_with_runtime_dependencies(/home/pranabpandey31/rostasks/task3_part1/install/task3_part1_bot/share/colcon-core/packages/task3_part1_bot)
[1.813s] DEBUG:colcon.colcon_parallel_executor.executor.parallel:closing loop
[1.814s] DEBUG:colcon.colcon_parallel_executor.executor.parallel:loop closed
[1.814s] DEBUG:colcon.colcon_parallel_executor.executor.parallel:run_until_complete finished with '0'
[1.814s] DEBUG:colcon.colcon_core.event_reactor:joining thread
[1.909s] INFO:colcon.colcon_core.plugin_system:Skipping extension 'colcon_notification.desktop_notification.notify_send': Could not find 'notify-send'
[1.909s] INFO:colcon.colcon_core.plugin_system:Skipping extension 'colcon_notification.desktop_notification.terminal_notifier': Not used on non-Darwin systems
[1.909s] INFO:colcon.colcon_core.plugin_system:Skipping extension 'colcon_notification.desktop_notification.win32': Not used on non-Windows systems
[1.909s] INFO:colcon.colcon_notification.desktop_notification:Sending desktop notification using 'notify2'
[1.910s] DEBUG:colcon.colcon_notification.desktop_notification.notify2:Failed to initialize notify2: org.freedesktop.DBus.Error.FileNotFound: Failed to connect to socket /run/user/1000/bus: No such file or directory
[1.910s] DEBUG:colcon.colcon_core.event_reactor:joined thread
[1.910s] INFO:colcon.colcon_core.shell:Creating prefix script '/home/pranabpandey31/rostasks/task3_part1/install/local_setup.ps1'
[1.911s] INFO:colcon.colcon_core.shell:Creating prefix util module '/home/pranabpandey31/rostasks/task3_part1/install/_local_setup_util_ps1.py'
[1.912s] INFO:colcon.colcon_core.shell:Creating prefix chain script '/home/pranabpandey31/rostasks/task3_part1/install/setup.ps1'
[1.914s] INFO:colcon.colcon_core.shell:Creating prefix script '/home/pranabpandey31/rostasks/task3_part1/install/local_setup.sh'
[1.915s] INFO:colcon.colcon_core.shell:Creating prefix util module '/home/pranabpandey31/rostasks/task3_part1/install/_local_setup_util_sh.py'
[1.916s] INFO:colcon.colcon_core.shell:Creating prefix chain script '/home/pranabpandey31/rostasks/task3_part1/install/setup.sh'
[1.918s] INFO:colcon.colcon_core.shell:Creating prefix script '/home/pranabpandey31/rostasks/task3_part1/install/local_setup.bash'
[1.918s] INFO:colcon.colcon_core.shell:Creating prefix chain script '/home/pranabpandey31/rostasks/task3_part1/install/setup.bash'
[1.920s] INFO:colcon.colcon_core.shell:Creating prefix script '/home/pranabpandey31/rostasks/task3_part1/install/local_setup.zsh'
[1.921s] INFO:colcon.colcon_core.shell:Creating prefix chain script '/home/pranabpandey31/rostasks/task3_part1/install/setup.zsh'
