running egg_info
creating build/task1_bot/task1_bot.egg-info
writing build/task1_bot/task1_bot.egg-info/PKG-INFO
writing dependency_links to build/task1_bot/task1_bot.egg-info/dependency_links.txt
writing entry points to build/task1_bot/task1_bot.egg-info/entry_points.txt
writing requirements to build/task1_bot/task1_bot.egg-info/requires.txt
writing top-level names to build/task1_bot/task1_bot.egg-info/top_level.txt
writing manifest file 'build/task1_bot/task1_bot.egg-info/SOURCES.txt'
reading manifest file 'build/task1_bot/task1_bot.egg-info/SOURCES.txt'
writing manifest file 'build/task1_bot/task1_bot.egg-info/SOURCES.txt'
running build
running build_py
creating /home/pranabpandey31/rostasks/task1/task1_bot/build/task1_bot/build
creating /home/pranabpandey31/rostasks/task1/task1_bot/build/task1_bot/build/lib
creating /home/pranabpandey31/rostasks/task1/task1_bot/build/task1_bot/build/lib/task1_bot
copying task1_bot/__init__.py -> /home/pranabpandey31/rostasks/task1/task1_bot/build/task1_bot/build/lib/task1_bot
running install
running install_lib
creating /home/pranabpandey31/rostasks/task1/task1_bot/install/task1_bot/lib/python3.10/site-packages/task1_bot
copying /home/pranabpandey31/rostasks/task1/task1_bot/build/task1_bot/build/lib/task1_bot/__init__.py -> /home/pranabpandey31/rostasks/task1/task1_bot/install/task1_bot/lib/python3.10/site-packages/task1_bot
byte-compiling /home/pranabpandey31/rostasks/task1/task1_bot/install/task1_bot/lib/python3.10/site-packages/task1_bot/__init__.py to __init__.cpython-310.pyc
running install_data
creating /home/pranabpandey31/rostasks/task1/task1_bot/install/task1_bot/share/ament_index
creating /home/pranabpandey31/rostasks/task1/task1_bot/install/task1_bot/share/ament_index/resource_index
creating /home/pranabpandey31/rostasks/task1/task1_bot/install/task1_bot/share/ament_index/resource_index/packages
copying resource/task1_bot -> /home/pranabpandey31/rostasks/task1/task1_bot/install/task1_bot/share/ament_index/resource_index/packages
copying package.xml -> /home/pranabpandey31/rostasks/task1/task1_bot/install/task1_bot/share/task1_bot
running install_egg_info
Copying build/task1_bot/task1_bot.egg-info to /home/pranabpandey31/rostasks/task1/task1_bot/install/task1_bot/lib/python3.10/site-packages/task1_bot-0.0.0-py3.10.egg-info
running install_scripts
writing list of installed files to '/home/pranabpandey31/rostasks/task1/task1_bot/build/task1_bot/install.log'
