[1.967s] Invoking command in '/home/pranabpandey31/rostasks/task1/task1_bot': PYTHONPATH=/home/pranabpandey31/rostasks/task1/task1_bot/build/task1_bot/prefix_override:/usr/lib/python3/dist-packages/colcon_core/task/python/colcon_distutils_commands:/home/pranabpandey31/rostasks/task1/task1_bot/install/task1_bot/lib/python3.10/site-packages:${PYTHONPATH} /usr/bin/python3 -W ignore:setup.py install is deprecated setup.py egg_info --egg-base build/task1_bot build --build-base /home/pranabpandey31/rostasks/task1/task1_bot/build/task1_bot/build install --record /home/pranabpandey31/rostasks/task1/task1_bot/build/task1_bot/install.log --single-version-externally-managed install_data
[2.505s] running egg_info
[2.507s] creating build/task1_bot/task1_bot.egg-info
[2.508s] writing build/task1_bot/task1_bot.egg-info/PKG-INFO
[2.509s] writing dependency_links to build/task1_bot/task1_bot.egg-info/dependency_links.txt
[2.510s] writing entry points to build/task1_bot/task1_bot.egg-info/entry_points.txt
[2.510s] writing requirements to build/task1_bot/task1_bot.egg-info/requires.txt
[2.511s] writing top-level names to build/task1_bot/task1_bot.egg-info/top_level.txt
[2.511s] writing manifest file 'build/task1_bot/task1_bot.egg-info/SOURCES.txt'
[2.515s] reading manifest file 'build/task1_bot/task1_bot.egg-info/SOURCES.txt'
[2.517s] writing manifest file 'build/task1_bot/task1_bot.egg-info/SOURCES.txt'
[2.517s] running build
[2.518s] running build_py
[2.518s] creating /home/pranabpandey31/rostasks/task1/task1_bot/build/task1_bot/build
[2.519s] creating /home/pranabpandey31/rostasks/task1/task1_bot/build/task1_bot/build/lib
[2.521s] creating /home/pranabpandey31/rostasks/task1/task1_bot/build/task1_bot/build/lib/task1_bot
[2.522s] copying task1_bot/__init__.py -> /home/pranabpandey31/rostasks/task1/task1_bot/build/task1_bot/build/lib/task1_bot
[2.523s] running install
[2.524s] running install_lib
[2.527s] creating /home/pranabpandey31/rostasks/task1/task1_bot/install/task1_bot/lib/python3.10/site-packages/task1_bot
[2.528s] copying /home/pranabpandey31/rostasks/task1/task1_bot/build/task1_bot/build/lib/task1_bot/__init__.py -> /home/pranabpandey31/rostasks/task1/task1_bot/install/task1_bot/lib/python3.10/site-packages/task1_bot
[2.530s] byte-compiling /home/pranabpandey31/rostasks/task1/task1_bot/install/task1_bot/lib/python3.10/site-packages/task1_bot/__init__.py to __init__.cpython-310.pyc
[2.532s] running install_data
[2.532s] creating /home/pranabpandey31/rostasks/task1/task1_bot/install/task1_bot/share/ament_index
[2.533s] creating /home/pranabpandey31/rostasks/task1/task1_bot/install/task1_bot/share/ament_index/resource_index
[2.534s] creating /home/pranabpandey31/rostasks/task1/task1_bot/install/task1_bot/share/ament_index/resource_index/packages
[2.536s] copying resource/task1_bot -> /home/pranabpandey31/rostasks/task1/task1_bot/install/task1_bot/share/ament_index/resource_index/packages
[2.536s] copying package.xml -> /home/pranabpandey31/rostasks/task1/task1_bot/install/task1_bot/share/task1_bot
[2.537s] running install_egg_info
[2.541s] Copying build/task1_bot/task1_bot.egg-info to /home/pranabpandey31/rostasks/task1/task1_bot/install/task1_bot/lib/python3.10/site-packages/task1_bot-0.0.0-py3.10.egg-info
[2.544s] running install_scripts
[2.586s] writing list of installed files to '/home/pranabpandey31/rostasks/task1/task1_bot/build/task1_bot/install.log'
[2.642s] Invoked command in '/home/pranabpandey31/rostasks/task1/task1_bot' returned '0': PYTHONPATH=/home/pranabpandey31/rostasks/task1/task1_bot/build/task1_bot/prefix_override:/usr/lib/python3/dist-packages/colcon_core/task/python/colcon_distutils_commands:/home/pranabpandey31/rostasks/task1/task1_bot/install/task1_bot/lib/python3.10/site-packages:${PYTHONPATH} /usr/bin/python3 -W ignore:setup.py install is deprecated setup.py egg_info --egg-base build/task1_bot build --build-base /home/pranabpandey31/rostasks/task1/task1_bot/build/task1_bot/build install --record /home/pranabpandey31/rostasks/task1/task1_bot/build/task1_bot/install.log --single-version-externally-managed install_data
