running egg_info
creating ../../build/task2_bot/task2_bot.egg-info
writing ../../build/task2_bot/task2_bot.egg-info/PKG-INFO
writing dependency_links to ../../build/task2_bot/task2_bot.egg-info/dependency_links.txt
writing entry points to ../../build/task2_bot/task2_bot.egg-info/entry_points.txt
writing requirements to ../../build/task2_bot/task2_bot.egg-info/requires.txt
writing top-level names to ../../build/task2_bot/task2_bot.egg-info/top_level.txt
writing manifest file '../../build/task2_bot/task2_bot.egg-info/SOURCES.txt'
reading manifest file '../../build/task2_bot/task2_bot.egg-info/SOURCES.txt'
writing manifest file '../../build/task2_bot/task2_bot.egg-info/SOURCES.txt'
running build
running build_py
creating /home/pranabpandey31/rostasks/task2/build/task2_bot/build
creating /home/pranabpandey31/rostasks/task2/build/task2_bot/build/lib
creating /home/pranabpandey31/rostasks/task2/build/task2_bot/build/lib/task2_bot
copying task2_bot/__init__.py -> /home/pranabpandey31/rostasks/task2/build/task2_bot/build/lib/task2_bot
running install
running install_lib
creating /home/pranabpandey31/rostasks/task2/install/task2_bot/lib/python3.10/site-packages/task2_bot
copying /home/pranabpandey31/rostasks/task2/build/task2_bot/build/lib/task2_bot/__init__.py -> /home/pranabpandey31/rostasks/task2/install/task2_bot/lib/python3.10/site-packages/task2_bot
byte-compiling /home/pranabpandey31/rostasks/task2/install/task2_bot/lib/python3.10/site-packages/task2_bot/__init__.py to __init__.cpython-310.pyc
running install_data
creating /home/pranabpandey31/rostasks/task2/install/task2_bot/share/ament_index
creating /home/pranabpandey31/rostasks/task2/install/task2_bot/share/ament_index/resource_index
creating /home/pranabpandey31/rostasks/task2/install/task2_bot/share/ament_index/resource_index/packages
copying resource/task2_bot -> /home/pranabpandey31/rostasks/task2/install/task2_bot/share/ament_index/resource_index/packages
copying package.xml -> /home/pranabpandey31/rostasks/task2/install/task2_bot/share/task2_bot
running install_egg_info
Copying ../../build/task2_bot/task2_bot.egg-info to /home/pranabpandey31/rostasks/task2/install/task2_bot/lib/python3.10/site-packages/task2_bot-0.0.0-py3.10.egg-info
running install_scripts
writing list of installed files to '/home/pranabpandey31/rostasks/task2/build/task2_bot/install.log'
