[1.982s] Invoking command in '/home/pranabpandey31/rostasks/task2/src/task2_bot': PYTHONPATH=/home/pranabpandey31/rostasks/task2/build/task2_bot/prefix_override:/usr/lib/python3/dist-packages/colcon_core/task/python/colcon_distutils_commands:/home/pranabpandey31/rostasks/task2/install/task2_bot/lib/python3.10/site-packages:${PYTHONPATH} /usr/bin/python3 -W ignore:setup.py install is deprecated setup.py egg_info --egg-base ../../build/task2_bot build --build-base /home/pranabpandey31/rostasks/task2/build/task2_bot/build install --record /home/pranabpandey31/rostasks/task2/build/task2_bot/install.log --single-version-externally-managed install_data
[2.642s] running egg_info
[2.642s] creating ../../build/task2_bot/task2_bot.egg-info
[2.644s] writing ../../build/task2_bot/task2_bot.egg-info/PKG-INFO
[2.645s] writing dependency_links to ../../build/task2_bot/task2_bot.egg-info/dependency_links.txt
[2.645s] writing entry points to ../../build/task2_bot/task2_bot.egg-info/entry_points.txt
[2.645s] writing requirements to ../../build/task2_bot/task2_bot.egg-info/requires.txt
[2.646s] writing top-level names to ../../build/task2_bot/task2_bot.egg-info/top_level.txt
[2.646s] writing manifest file '../../build/task2_bot/task2_bot.egg-info/SOURCES.txt'
[2.650s] reading manifest file '../../build/task2_bot/task2_bot.egg-info/SOURCES.txt'
[2.651s] writing manifest file '../../build/task2_bot/task2_bot.egg-info/SOURCES.txt'
[2.652s] running build
[2.652s] running build_py
[2.652s] creating /home/pranabpandey31/rostasks/task2/build/task2_bot/build
[2.653s] creating /home/pranabpandey31/rostasks/task2/build/task2_bot/build/lib
[2.654s] creating /home/pranabpandey31/rostasks/task2/build/task2_bot/build/lib/task2_bot
[2.655s] copying task2_bot/__init__.py -> /home/pranabpandey31/rostasks/task2/build/task2_bot/build/lib/task2_bot
[2.656s] running install
[2.657s] running install_lib
[2.660s] creating /home/pranabpandey31/rostasks/task2/install/task2_bot/lib/python3.10/site-packages/task2_bot
[2.661s] copying /home/pranabpandey31/rostasks/task2/build/task2_bot/build/lib/task2_bot/__init__.py -> /home/pranabpandey31/rostasks/task2/install/task2_bot/lib/python3.10/site-packages/task2_bot
[2.663s] byte-compiling /home/pranabpandey31/rostasks/task2/install/task2_bot/lib/python3.10/site-packages/task2_bot/__init__.py to __init__.cpython-310.pyc
[2.664s] running install_data
[2.665s] creating /home/pranabpandey31/rostasks/task2/install/task2_bot/share/ament_index
[2.666s] creating /home/pranabpandey31/rostasks/task2/install/task2_bot/share/ament_index/resource_index
[2.667s] creating /home/pranabpandey31/rostasks/task2/install/task2_bot/share/ament_index/resource_index/packages
[2.669s] copying resource/task2_bot -> /home/pranabpandey31/rostasks/task2/install/task2_bot/share/ament_index/resource_index/packages
[2.669s] copying package.xml -> /home/pranabpandey31/rostasks/task2/install/task2_bot/share/task2_bot
[2.670s] running install_egg_info
[2.673s] Copying ../../build/task2_bot/task2_bot.egg-info to /home/pranabpandey31/rostasks/task2/install/task2_bot/lib/python3.10/site-packages/task2_bot-0.0.0-py3.10.egg-info
[2.677s] running install_scripts
[2.720s] writing list of installed files to '/home/pranabpandey31/rostasks/task2/build/task2_bot/install.log'
[2.773s] Invoked command in '/home/pranabpandey31/rostasks/task2/src/task2_bot' returned '0': PYTHONPATH=/home/pranabpandey31/rostasks/task2/build/task2_bot/prefix_override:/usr/lib/python3/dist-packages/colcon_core/task/python/colcon_distutils_commands:/home/pranabpandey31/rostasks/task2/install/task2_bot/lib/python3.10/site-packages:${PYTHONPATH} /usr/bin/python3 -W ignore:setup.py install is deprecated setup.py egg_info --egg-base ../../build/task2_bot build --build-base /home/pranabpandey31/rostasks/task2/build/task2_bot/build install --record /home/pranabpandey31/rostasks/task2/build/task2_bot/install.log --single-version-externally-managed install_data
