[2.250s] Invoking command in '/home/pranabpandey31/rostasks/task4/task4_bot/src': PYTHONPATH=/home/pranabpandey31/rostasks/task4/task4_bot/build/task4_bot/prefix_override:/usr/lib/python3/dist-packages/colcon_core/task/python/colcon_distutils_commands:/home/pranabpandey31/rostasks/task4/task4_bot/install/task4_bot/lib/python3.10/site-packages:${PYTHONPATH} /usr/bin/python3 -W ignore:setup.py install is deprecated setup.py egg_info --egg-base ../build/task4_bot build --build-base /home/pranabpandey31/rostasks/task4/task4_bot/build/task4_bot/build install --record /home/pranabpandey31/rostasks/task4/task4_bot/build/task4_bot/install.log --single-version-externally-managed install_data
[2.827s] running egg_info
[2.828s] writing ../build/task4_bot/task4_bot.egg-info/PKG-INFO
[2.831s] writing dependency_links to ../build/task4_bot/task4_bot.egg-info/dependency_links.txt
[2.831s] writing entry points to ../build/task4_bot/task4_bot.egg-info/entry_points.txt
[2.831s] writing requirements to ../build/task4_bot/task4_bot.egg-info/requires.txt
[2.832s] writing top-level names to ../build/task4_bot/task4_bot.egg-info/top_level.txt
[2.836s] reading manifest file '../build/task4_bot/task4_bot.egg-info/SOURCES.txt'
[2.840s] writing manifest file '../build/task4_bot/task4_bot.egg-info/SOURCES.txt'
[2.840s] running build
[2.841s] running build_py
[2.843s] running install
[2.844s] running install_lib
[2.850s] running install_data
[2.852s] copying urdf/tb3.urdf -> /home/pranabpandey31/rostasks/task4/task4_bot/install/task4_bot/share/task4_bot/urdf
[2.854s] copying urdf/my_bot.urdf -> /home/pranabpandey31/rostasks/task4/task4_bot/install/task4_bot/share/task4_bot/urdf
[2.855s] creating /home/pranabpandey31/rostasks/task4/task4_bot/install/task4_bot/share/task4_bot/meshes
[2.856s] creating /home/pranabpandey31/rostasks/task4/task4_bot/install/task4_bot/share/task4_bot/meshes/bases
[2.858s] copying meshes/bases/waffle_base.stl -> /home/pranabpandey31/rostasks/task4/task4_bot/install/task4_bot/share/task4_bot/meshes/bases
[2.980s] creating /home/pranabpandey31/rostasks/task4/task4_bot/install/task4_bot/share/task4_bot/meshes/sensors
[2.981s] copying meshes/sensors/lds.stl -> /home/pranabpandey31/rostasks/task4/task4_bot/install/task4_bot/share/task4_bot/meshes/sensors
[2.990s] error: can't copy 'meshes/sensors/r_200.dae': doesn't exist or not a regular file
[3.050s] Invoked command in '/home/pranabpandey31/rostasks/task4/task4_bot/src' returned '1': PYTHONPATH=/home/pranabpandey31/rostasks/task4/task4_bot/build/task4_bot/prefix_override:/usr/lib/python3/dist-packages/colcon_core/task/python/colcon_distutils_commands:/home/pranabpandey31/rostasks/task4/task4_bot/install/task4_bot/lib/python3.10/site-packages:${PYTHONPATH} /usr/bin/python3 -W ignore:setup.py install is deprecated setup.py egg_info --egg-base ../build/task4_bot build --build-base /home/pranabpandey31/rostasks/task4/task4_bot/build/task4_bot/build install --record /home/pranabpandey31/rostasks/task4/task4_bot/build/task4_bot/install.log --single-version-externally-managed install_data
