[2.262s] DEBUG:colcon:Command line arguments: ['/usr/bin/colcon', 'build']
[2.263s] DEBUG:colcon:Parsed command line arguments: Namespace(log_base=None, log_level=None, verb_name='build', build_base='build', install_base='install', merge_install=False, symlink_install=False, test_result_base=None, continue_on_error=False, executor='parallel', parallel_workers=16, event_handlers=None, ignore_user_meta=False, metas=['./colcon.meta'], base_paths=['.'], packages_ignore=None, packages_ignore_regex=None, paths=None, packages_up_to=None, packages_up_to_regex=None, packages_above=None, packages_above_and_dependencies=None, packages_above_depth=None, packages_select_by_dep=None, packages_skip_by_dep=None, packages_skip_up_to=None, packages_select_build_failed=False, packages_skip_build_finished=False, packages_select_test_failures=False, packages_skip_test_passed=False, packages_select=None, packages_skip=None, packages_select_regex=None, packages_skip_regex=None, packages_start=None, packages_end=None, allow_overriding=[], cmake_args=None, cmake_target=None, cmake_target_skip_unavailable=False, cmake_clean_cache=False, cmake_clean_first=False, cmake_force_configure=False, ament_cmake_args=None, catkin_cmake_args=None, catkin_skip_building_tests=False, mixin_files=None, mixin=None, verb_parser=<colcon_mixin.mixin.mixin_argument.MixinArgumentDecorator object at 0x7dcfc4c5ad40>, verb_extension=<colcon_core.verb.build.BuildVerb object at 0x7dcfc4c5a740>, main=<bound method BuildVerb.main of <colcon_core.verb.build.BuildVerb object at 0x7dcfc4c5a740>>, mixin_verb=('build',))
[4.139s] Level 1:colcon.colcon_core.package_discovery:discover_packages(colcon_meta) check parameters
[4.141s] Level 1:colcon.colcon_core.package_discovery:discover_packages(recursive) check parameters
[4.142s] Level 1:colcon.colcon_core.package_discovery:discover_packages(ignore) check parameters
[4.143s] Level 1:colcon.colcon_core.package_discovery:discover_packages(path) check parameters
[4.143s] Level 1:colcon.colcon_core.package_discovery:discover_packages(colcon_meta) discover
[4.144s] Level 1:colcon.colcon_core.package_discovery:discover_packages(recursive) discover
[4.144s] INFO:colcon.colcon_core.package_discovery:Crawling recursively for packages in '/home/pranabpandey31/rostasks/task1/task1_bot'
[4.145s] Level 1:colcon.colcon_core.package_identification:_identify(.) by extensions ['ignore', 'ignore_ament_install']
[4.146s] Level 1:colcon.colcon_core.package_identification:_identify(.) by extension 'ignore'
[4.146s] Level 1:colcon.colcon_core.package_identification:_identify(.) by extension 'ignore_ament_install'
[4.147s] Level 1:colcon.colcon_core.package_identification:_identify(.) by extensions ['colcon_pkg']
[4.147s] Level 1:colcon.colcon_core.package_identification:_identify(.) by extension 'colcon_pkg'
[4.148s] Level 1:colcon.colcon_core.package_identification:_identify(.) by extensions ['colcon_meta']
[4.148s] Level 1:colcon.colcon_core.package_identification:_identify(.) by extension 'colcon_meta'
[4.148s] Level 1:colcon.colcon_core.package_identification:_identify(.) by extensions ['ros']
[4.149s] Level 1:colcon.colcon_core.package_identification:_identify(.) by extension 'ros'
[4.271s] Level 1:colcon.colcon_core.package_identification:_identify(.) by extensions ['cmake', 'python']
[4.272s] Level 1:colcon.colcon_core.package_identification:_identify(.) by extension 'cmake'
[4.273s] Level 1:colcon.colcon_core.package_identification:_identify(.) by extension 'python'
[4.273s] Level 1:colcon.colcon_core.package_identification:_identify(.) by extensions ['python_setup_py']
[4.273s] Level 1:colcon.colcon_core.package_identification:_identify(.) by extension 'python_setup_py'
[4.275s] Level 1:colcon.colcon_core.package_identification:_identify(build) by extensions ['ignore', 'ignore_ament_install']
[4.276s] Level 1:colcon.colcon_core.package_identification:_identify(build) by extension 'ignore'
[4.277s] Level 1:colcon.colcon_core.package_identification:_identify(build) ignored
[4.279s] Level 1:colcon.colcon_core.package_identification:_identify(install) by extensions ['ignore', 'ignore_ament_install']
[4.279s] Level 1:colcon.colcon_core.package_identification:_identify(install) by extension 'ignore'
[4.280s] Level 1:colcon.colcon_core.package_identification:_identify(install) ignored
[4.281s] Level 1:colcon.colcon_core.package_identification:_identify(log) by extensions ['ignore', 'ignore_ament_install']
[4.281s] Level 1:colcon.colcon_core.package_identification:_identify(log) by extension 'ignore'
[4.283s] Level 1:colcon.colcon_core.package_identification:_identify(log) ignored
[4.283s] Level 1:colcon.colcon_core.package_identification:_identify(src) by extensions ['ignore', 'ignore_ament_install']
[4.284s] Level 1:colcon.colcon_core.package_identification:_identify(src) by extension 'ignore'
[4.284s] Level 1:colcon.colcon_core.package_identification:_identify(src) by extension 'ignore_ament_install'
[4.284s] Level 1:colcon.colcon_core.package_identification:_identify(src) by extensions ['colcon_pkg']
[4.284s] Level 1:colcon.colcon_core.package_identification:_identify(src) by extension 'colcon_pkg'
[4.285s] Level 1:colcon.colcon_core.package_identification:_identify(src) by extensions ['colcon_meta']
[4.285s] Level 1:colcon.colcon_core.package_identification:_identify(src) by extension 'colcon_meta'
[4.285s] Level 1:colcon.colcon_core.package_identification:_identify(src) by extensions ['ros']
[4.285s] Level 1:colcon.colcon_core.package_identification:_identify(src) by extension 'ros'
[4.300s] DEBUG:colcon.colcon_core.package_identification:Package 'src' with type 'ros.ament_python' and name 'task1_bot'
[4.300s] Level 1:colcon.colcon_core.package_discovery:discover_packages(recursive) using defaults
[4.301s] Level 1:colcon.colcon_core.package_discovery:discover_packages(ignore) discover
[4.301s] Level 1:colcon.colcon_core.package_discovery:discover_packages(ignore) using defaults
[4.302s] Level 1:colcon.colcon_core.package_discovery:discover_packages(path) discover
[4.302s] Level 1:colcon.colcon_core.package_discovery:discover_packages(path) using defaults
[4.625s] Level 1:colcon.colcon_core.package_discovery:discover_packages(prefix_path) check parameters
[4.626s] Level 1:colcon.colcon_core.package_discovery:discover_packages(prefix_path) discover
[4.658s] DEBUG:colcon.colcon_installed_package_information.package_discovery:Found 1 installed packages in /home/pranabpandey31/rostasks/task1/task1_bot/install
[4.669s] DEBUG:colcon.colcon_installed_package_information.package_discovery:Found 14 installed packages in /home/pranabpandey31/turtlebot3_ws/install
[4.674s] DEBUG:colcon.colcon_installed_package_information.package_discovery:Found 1 installed packages in /home/pranabpandey31/my_bot/install
[4.687s] DEBUG:colcon.colcon_installed_package_information.package_discovery:Found 345 installed packages in /opt/ros/humble
[4.705s] Level 1:colcon.colcon_core.package_discovery:discover_packages(prefix_path) using defaults
[5.076s] Level 5:colcon.colcon_core.verb:set package 'task1_bot' build argument 'cmake_args' from command line to 'None'
[5.077s] Level 5:colcon.colcon_core.verb:set package 'task1_bot' build argument 'cmake_target' from command line to 'None'
[5.078s] Level 5:colcon.colcon_core.verb:set package 'task1_bot' build argument 'cmake_target_skip_unavailable' from command line to 'False'
[5.078s] Level 5:colcon.colcon_core.verb:set package 'task1_bot' build argument 'cmake_clean_cache' from command line to 'False'
[5.079s] Level 5:colcon.colcon_core.verb:set package 'task1_bot' build argument 'cmake_clean_first' from command line to 'False'
[5.079s] Level 5:colcon.colcon_core.verb:set package 'task1_bot' build argument 'cmake_force_configure' from command line to 'False'
[5.079s] Level 5:colcon.colcon_core.verb:set package 'task1_bot' build argument 'ament_cmake_args' from command line to 'None'
[5.080s] Level 5:colcon.colcon_core.verb:set package 'task1_bot' build argument 'catkin_cmake_args' from command line to 'None'
[5.080s] Level 5:colcon.colcon_core.verb:set package 'task1_bot' build argument 'catkin_skip_building_tests' from command line to 'False'
[5.080s] DEBUG:colcon.colcon_core.verb:Building package 'task1_bot' with the following arguments: {'ament_cmake_args': None, 'build_base': '/home/pranabpandey31/rostasks/task1/task1_bot/build/task1_bot', 'catkin_cmake_args': None, 'catkin_skip_building_tests': False, 'cmake_args': None, 'cmake_clean_cache': False, 'cmake_clean_first': False, 'cmake_force_configure': False, 'cmake_target': None, 'cmake_target_skip_unavailable': False, 'install_base': '/home/pranabpandey31/rostasks/task1/task1_bot/install/task1_bot', 'merge_install': False, 'path': '/home/pranabpandey31/rostasks/task1/task1_bot/src', 'symlink_install': False, 'test_result_base': None}
[5.083s] INFO:colcon.colcon_core.executor:Executing jobs using 'parallel' executor
[5.093s] DEBUG:colcon.colcon_parallel_executor.executor.parallel:run_until_complete
[5.096s] INFO:colcon.colcon_ros.task.ament_python.build:Building ROS package in '/home/pranabpandey31/rostasks/task1/task1_bot/src' with build type 'ament_python'
[5.097s] Level 1:colcon.colcon_core.shell:create_environment_hook('task1_bot', 'ament_prefix_path')
[5.119s] INFO:colcon.colcon_core.plugin_system:Skipping extension 'colcon_core.shell.bat': Not used on non-Windows systems
[5.121s] INFO:colcon.colcon_core.shell:Creating environment hook '/home/pranabpandey31/rostasks/task1/task1_bot/install/task1_bot/share/task1_bot/hook/ament_prefix_path.ps1'
[5.129s] INFO:colcon.colcon_core.shell:Creating environment descriptor '/home/pranabpandey31/rostasks/task1/task1_bot/install/task1_bot/share/task1_bot/hook/ament_prefix_path.dsv'
[5.136s] INFO:colcon.colcon_core.shell:Creating environment hook '/home/pranabpandey31/rostasks/task1/task1_bot/install/task1_bot/share/task1_bot/hook/ament_prefix_path.sh'
[5.146s] INFO:colcon.colcon_core.shell:Skip shell extension 'powershell' for command environment: Not usable outside of PowerShell
[5.147s] DEBUG:colcon.colcon_core.shell:Skip shell extension 'dsv' for command environment
[8.752s] INFO:colcon.colcon_core.task.python.build:Building Python package in '/home/pranabpandey31/rostasks/task1/task1_bot/src'
[8.757s] INFO:colcon.colcon_core.shell:Skip shell extension 'powershell' for command environment: Not usable outside of PowerShell
[8.759s] DEBUG:colcon.colcon_core.shell:Skip shell extension 'dsv' for command environment
[12.849s] DEBUG:colcon.colcon_core.event_handler.log_command:Invoking command in '/home/pranabpandey31/rostasks/task1/task1_bot/src': PYTHONPATH=/home/pranabpandey31/rostasks/task1/task1_bot/build/task1_bot/prefix_override:/usr/lib/python3/dist-packages/colcon_core/task/python/colcon_distutils_commands:/home/pranabpandey31/rostasks/task1/task1_bot/install/task1_bot/lib/python3.10/site-packages:${PYTHONPATH} /usr/bin/python3 -W ignore:setup.py install is deprecated setup.py egg_info --egg-base ../build/task1_bot build --build-base /home/pranabpandey31/rostasks/task1/task1_bot/build/task1_bot/build install --record /home/pranabpandey31/rostasks/task1/task1_bot/build/task1_bot/install.log --single-version-externally-managed install_data
[17.098s] DEBUG:colcon.colcon_core.event_handler.log_command:Invoked command in '/home/pranabpandey31/rostasks/task1/task1_bot/src' returned '0': PYTHONPATH=/home/pranabpandey31/rostasks/task1/task1_bot/build/task1_bot/prefix_override:/usr/lib/python3/dist-packages/colcon_core/task/python/colcon_distutils_commands:/home/pranabpandey31/rostasks/task1/task1_bot/install/task1_bot/lib/python3.10/site-packages:${PYTHONPATH} /usr/bin/python3 -W ignore:setup.py install is deprecated setup.py egg_info --egg-base ../build/task1_bot build --build-base /home/pranabpandey31/rostasks/task1/task1_bot/build/task1_bot/build install --record /home/pranabpandey31/rostasks/task1/task1_bot/build/task1_bot/install.log --single-version-externally-managed install_data
[17.121s] Level 1:colcon.colcon_core.environment:checking '/home/pranabpandey31/rostasks/task1/task1_bot/install/task1_bot' for CMake module files
[17.129s] Level 1:colcon.colcon_core.environment:checking '/home/pranabpandey31/rostasks/task1/task1_bot/install/task1_bot' for CMake config files
[17.137s] Level 1:colcon.colcon_core.environment:checking '/home/pranabpandey31/rostasks/task1/task1_bot/install/task1_bot/lib'
[17.139s] Level 1:colcon.colcon_core.environment:checking '/home/pranabpandey31/rostasks/task1/task1_bot/install/task1_bot/bin'
[17.139s] Level 1:colcon.colcon_core.environment:checking '/home/pranabpandey31/rostasks/task1/task1_bot/install/task1_bot/lib/pkgconfig/task1_bot.pc'
[17.142s] Level 1:colcon.colcon_core.environment:checking '/home/pranabpandey31/rostasks/task1/task1_bot/install/task1_bot/lib/python3.10/site-packages'
[17.144s] Level 1:colcon.colcon_core.shell:create_environment_hook('task1_bot', 'pythonpath')
[17.145s] INFO:colcon.colcon_core.shell:Creating environment hook '/home/pranabpandey31/rostasks/task1/task1_bot/install/task1_bot/share/task1_bot/hook/pythonpath.ps1'
[17.152s] INFO:colcon.colcon_core.shell:Creating environment descriptor '/home/pranabpandey31/rostasks/task1/task1_bot/install/task1_bot/share/task1_bot/hook/pythonpath.dsv'
[17.156s] INFO:colcon.colcon_core.shell:Creating environment hook '/home/pranabpandey31/rostasks/task1/task1_bot/install/task1_bot/share/task1_bot/hook/pythonpath.sh'
[17.164s] Level 1:colcon.colcon_core.environment:checking '/home/pranabpandey31/rostasks/task1/task1_bot/install/task1_bot/bin'
[17.165s] Level 1:colcon.colcon_core.environment:create_environment_scripts_only(task1_bot)
[17.168s] INFO:colcon.colcon_core.shell:Creating package script '/home/pranabpandey31/rostasks/task1/task1_bot/install/task1_bot/share/task1_bot/package.ps1'
[17.175s] INFO:colcon.colcon_core.shell:Creating package descriptor '/home/pranabpandey31/rostasks/task1/task1_bot/install/task1_bot/share/task1_bot/package.dsv'
[17.181s] INFO:colcon.colcon_core.shell:Creating package script '/home/pranabpandey31/rostasks/task1/task1_bot/install/task1_bot/share/task1_bot/package.sh'
[17.193s] INFO:colcon.colcon_core.shell:Creating package script '/home/pranabpandey31/rostasks/task1/task1_bot/install/task1_bot/share/task1_bot/package.bash'
[17.202s] INFO:colcon.colcon_core.shell:Creating package script '/home/pranabpandey31/rostasks/task1/task1_bot/install/task1_bot/share/task1_bot/package.zsh'
[17.210s] Level 1:colcon.colcon_core.environment:create_file_with_runtime_dependencies(/home/pranabpandey31/rostasks/task1/task1_bot/install/task1_bot/share/colcon-core/packages/task1_bot)
[17.219s] DEBUG:colcon.colcon_parallel_executor.executor.parallel:closing loop
[17.227s] DEBUG:colcon.colcon_parallel_executor.executor.parallel:loop closed
[17.228s] DEBUG:colcon.colcon_parallel_executor.executor.parallel:run_until_complete finished with '0'
[17.229s] DEBUG:colcon.colcon_core.event_reactor:joining thread
[17.826s] INFO:colcon.colcon_core.plugin_system:Skipping extension 'colcon_notification.desktop_notification.notify_send': Could not find 'notify-send'
[17.827s] INFO:colcon.colcon_core.plugin_system:Skipping extension 'colcon_notification.desktop_notification.terminal_notifier': Not used on non-Darwin systems
[17.827s] INFO:colcon.colcon_core.plugin_system:Skipping extension 'colcon_notification.desktop_notification.win32': Not used on non-Windows systems
[17.828s] INFO:colcon.colcon_notification.desktop_notification:Sending desktop notification using 'notify2'
[17.828s] DEBUG:colcon.colcon_notification.desktop_notification.notify2:Failed to initialize notify2: org.freedesktop.DBus.Error.FileNotFound: Failed to connect to socket /run/user/1000/bus: No such file or directory
[17.829s] DEBUG:colcon.colcon_core.event_reactor:joined thread
[17.832s] INFO:colcon.colcon_core.shell:Creating prefix script '/home/pranabpandey31/rostasks/task1/task1_bot/install/local_setup.ps1'
[17.839s] INFO:colcon.colcon_core.shell:Creating prefix util module '/home/pranabpandey31/rostasks/task1/task1_bot/install/_local_setup_util_ps1.py'
[17.850s] INFO:colcon.colcon_core.shell:Creating prefix chain script '/home/pranabpandey31/rostasks/task1/task1_bot/install/setup.ps1'
[17.869s] INFO:colcon.colcon_core.shell:Creating prefix script '/home/pranabpandey31/rostasks/task1/task1_bot/install/local_setup.sh'
[17.880s] INFO:colcon.colcon_core.shell:Creating prefix util module '/home/pranabpandey31/rostasks/task1/task1_bot/install/_local_setup_util_sh.py'
[17.887s] INFO:colcon.colcon_core.shell:Creating prefix chain script '/home/pranabpandey31/rostasks/task1/task1_bot/install/setup.sh'
[17.904s] INFO:colcon.colcon_core.shell:Creating prefix script '/home/pranabpandey31/rostasks/task1/task1_bot/install/local_setup.bash'
[17.914s] INFO:colcon.colcon_core.shell:Creating prefix chain script '/home/pranabpandey31/rostasks/task1/task1_bot/install/setup.bash'
[17.936s] INFO:colcon.colcon_core.shell:Creating prefix script '/home/pranabpandey31/rostasks/task1/task1_bot/install/local_setup.zsh'
[17.944s] INFO:colcon.colcon_core.shell:Creating prefix chain script '/home/pranabpandey31/rostasks/task1/task1_bot/install/setup.zsh'
